#-----------------------------------------------------------
# Vivado v2020.1 (64-bit)
# SW Build 2902540 on Wed May 27 19:54:49 MDT 2020
# IP Build 2902112 on Wed May 27 22:43:36 MDT 2020
# Start of session at: Thu Apr 30 04:13:35 2026
# Process ID: 1784
# Current directory: C:/Users/Lenovo/Lab01-Git-MaleehaKhan/Project/project/CA_project
# Command line: vivado.exe -gui_launcher_event rodinguilauncherevent12524 C:\Users\Lenovo\Lab01-Git-MaleehaKhan\Project\project\CA_project\CA_project.xpr
# Log file: C:/Users/Lenovo/Lab01-Git-MaleehaKhan/Project/project/CA_project/vivado.log
# Journal file: C:/Users/Lenovo/Lab01-Git-MaleehaKhan/Project/project/CA_project\vivado.jou
#-----------------------------------------------------------
start_gui
open_project C:/Users/Lenovo/Lab01-Git-MaleehaKhan/Project/project/CA_project/CA_project.xpr
INFO: [Project 1-313] Project file moved from 'C:/Users/Lenovo/Prabha/habib/semester 4/CA/CA Projects/CA_project' since last save.
Scanning sources...
Finished scanning sources
INFO: [IP_Flow 19-234] Refreshing IP repositories
INFO: [IP_Flow 19-1704] No user IP repositories specified
INFO: [IP_Flow 19-2313] Loaded Vivado IP repository 'C:/Xilinx/Vivado/2020.1/data/ip'.
update_compile_order -fileset sources_1
close [ open C:/Users/Lenovo/Lab01-Git-MaleehaKhan/Project/project/CA_project/CA_project.srcs/sources_1/new/fpga_top_task_c.v w ]
add_files C:/Users/Lenovo/Lab01-Git-MaleehaKhan/Project/project/CA_project/CA_project.srcs/sources_1/new/fpga_top_task_c.v
update_compile_order -fileset sources_1
close [ open C:/Users/Lenovo/Lab01-Git-MaleehaKhan/Project/project/CA_project/CA_project.srcs/sources_1/new/TopLevelProcessor_task_c_tb.v w ]
add_files C:/Users/Lenovo/Lab01-Git-MaleehaKhan/Project/project/CA_project/CA_project.srcs/sources_1/new/TopLevelProcessor_task_c_tb.v
update_compile_order -fileset sources_1
export_ip_user_files -of_objects  [get_files {{C:/Users/Lenovo/Lab01-Git-MaleehaKhan/Project/project/CA_project/task a/instructions_task_a.mem}}] -no_script -reset -force -quiet
export_ip_user_files -of_objects  [get_files {{C:/Users/Lenovo/Lab01-Git-MaleehaKhan/Project/project/CA_project/task b/instructions_task_b.mem}}] -no_script -reset -force -quiet
remove_files  {{C:/Users/Lenovo/Lab01-Git-MaleehaKhan/Project/project/CA_project/task a/instructions_task_a.mem} {C:/Users/Lenovo/Lab01-Git-MaleehaKhan/Project/project/CA_project/task b/instructions_task_b.mem}}
add_files -norecurse {C:/Users/Lenovo/Lab01-Git-MaleehaKhan/Project/project/CA_project/task_C/assembly_code/instructions_task_c.mem C:/Users/Lenovo/Lab01-Git-MaleehaKhan/Project/project/CA_project/task_B/assembly_code/instructions_task_b.mem C:/Users/Lenovo/Lab01-Git-MaleehaKhan/Project/project/CA_project/task_A/assembly_code/instructions_task_a.mem}
set_property top fpga_top_task_a [current_fileset]
update_compile_order -fileset sources_1
reset_run synth_1
launch_runs synth_1 -jobs 6
[Thu Apr 30 04:36:05 2026] Launched synth_1...
Run output will be captured here: C:/Users/Lenovo/Lab01-Git-MaleehaKhan/Project/project/CA_project/CA_project.runs/synth_1/runme.log
synth_design -rtl -name rtl_1
Command: synth_design -rtl -name rtl_1
Starting synth_design
Using part: xc7a35tcpg236-1
Top: fpga_top_task_a
INFO: [Device 21-403] Loading part xc7a35tcpg236-1
---------------------------------------------------------------------------------
Starting RTL Elaboration : Time (s): cpu = 00:00:04 ; elapsed = 00:00:04 . Memory (MB): peak = 1413.461 ; gain = 243.066
---------------------------------------------------------------------------------
INFO: [Synth 8-6157] synthesizing module 'fpga_top_task_a' [C:/Users/Lenovo/Lab01-Git-MaleehaKhan/Project/project/CA_project/CA_project.srcs/sources_1/new/fpga_top_task_a.v:22]
INFO: [Synth 8-6157] synthesizing module 'TopLevelProcessor' [C:/Users/Lenovo/Lab01-Git-MaleehaKhan/Project/project/CA_project/CA_project.srcs/sources_1/new/TopLevelProcessor.v:21]
INFO: [Synth 8-6157] synthesizing module 'ProgramCounter' [C:/Users/Lenovo/Lab01-Git-MaleehaKhan/Project/project/CA_project/CA_project.srcs/sources_1/new/ProgramCounter.v:23]
INFO: [Synth 8-6155] done synthesizing module 'ProgramCounter' (1#1) [C:/Users/Lenovo/Lab01-Git-MaleehaKhan/Project/project/CA_project/CA_project.srcs/sources_1/new/ProgramCounter.v:23]
INFO: [Synth 8-6157] synthesizing module 'instructionMemory' [C:/Users/Lenovo/Lab01-Git-MaleehaKhan/Project/project/CA_project/CA_project.srcs/sources_1/new/instructionMemory.v:22]
INFO: [Synth 8-3876] $readmem data file 'instructions_task_c.mem' is read successfully [C:/Users/Lenovo/Lab01-Git-MaleehaKhan/Project/project/CA_project/CA_project.srcs/sources_1/new/instructionMemory.v:32]
INFO: [Synth 8-6155] done synthesizing module 'instructionMemory' (2#1) [C:/Users/Lenovo/Lab01-Git-MaleehaKhan/Project/project/CA_project/CA_project.srcs/sources_1/new/instructionMemory.v:22]
INFO: [Synth 8-6157] synthesizing module 'pcAdder' [C:/Users/Lenovo/Lab01-Git-MaleehaKhan/Project/project/CA_project/CA_project.srcs/sources_1/new/pcAdder.v:23]
INFO: [Synth 8-6155] done synthesizing module 'pcAdder' (3#1) [C:/Users/Lenovo/Lab01-Git-MaleehaKhan/Project/project/CA_project/CA_project.srcs/sources_1/new/pcAdder.v:23]
INFO: [Synth 8-6157] synthesizing module 'immGen' [C:/Users/Lenovo/Lab01-Git-MaleehaKhan/Project/project/CA_project/CA_project.srcs/sources_1/new/immGen.v:22]
INFO: [Synth 8-6155] done synthesizing module 'immGen' (4#1) [C:/Users/Lenovo/Lab01-Git-MaleehaKhan/Project/project/CA_project/CA_project.srcs/sources_1/new/immGen.v:22]
INFO: [Synth 8-6157] synthesizing module 'branchAdder' [C:/Users/Lenovo/Lab01-Git-MaleehaKhan/Project/project/CA_project/CA_project.srcs/sources_1/new/branchAdder.v:22]
INFO: [Synth 8-6155] done synthesizing module 'branchAdder' (5#1) [C:/Users/Lenovo/Lab01-Git-MaleehaKhan/Project/project/CA_project/CA_project.srcs/sources_1/new/branchAdder.v:22]
INFO: [Synth 8-6157] synthesizing module 'MUX' [C:/Users/Lenovo/Lab01-Git-MaleehaKhan/Project/project/CA_project/CA_project.srcs/sources_1/new/MUX.v:21]
INFO: [Synth 8-6155] done synthesizing module 'MUX' (6#1) [C:/Users/Lenovo/Lab01-Git-MaleehaKhan/Project/project/CA_project/CA_project.srcs/sources_1/new/MUX.v:21]
INFO: [Synth 8-6157] synthesizing module 'MainControl' [C:/Users/Lenovo/Lab01-Git-MaleehaKhan/Project/project/CA_project/CA_project.srcs/sources_1/new/MainControl.v:23]
INFO: [Synth 8-6155] done synthesizing module 'MainControl' (7#1) [C:/Users/Lenovo/Lab01-Git-MaleehaKhan/Project/project/CA_project/CA_project.srcs/sources_1/new/MainControl.v:23]
INFO: [Synth 8-6157] synthesizing module 'RegisterFile' [C:/Users/Lenovo/Lab01-Git-MaleehaKhan/Project/project/CA_project/CA_project.srcs/sources_1/new/RegisterFile.v:22]
INFO: [Synth 8-6155] done synthesizing module 'RegisterFile' (8#1) [C:/Users/Lenovo/Lab01-Git-MaleehaKhan/Project/project/CA_project/CA_project.srcs/sources_1/new/RegisterFile.v:22]
INFO: [Synth 8-6157] synthesizing module 'alu_control' [C:/Users/Lenovo/Lab01-Git-MaleehaKhan/Project/project/CA_project/CA_project.srcs/sources_1/new/alu_control.v:2]
INFO: [Synth 8-226] default block is never used [C:/Users/Lenovo/Lab01-Git-MaleehaKhan/Project/project/CA_project/CA_project.srcs/sources_1/new/alu_control.v:9]
INFO: [Synth 8-6155] done synthesizing module 'alu_control' (9#1) [C:/Users/Lenovo/Lab01-Git-MaleehaKhan/Project/project/CA_project/CA_project.srcs/sources_1/new/alu_control.v:2]
INFO: [Synth 8-6157] synthesizing module 'ALU_module' [C:/Users/Lenovo/Lab01-Git-MaleehaKhan/Project/project/CA_project/CA_project.srcs/sources_1/new/ALU_module.v:22]
INFO: [Synth 8-6155] done synthesizing module 'ALU_module' (10#1) [C:/Users/Lenovo/Lab01-Git-MaleehaKhan/Project/project/CA_project/CA_project.srcs/sources_1/new/ALU_module.v:22]
INFO: [Synth 8-6157] synthesizing module 'address_decoder' [C:/Users/Lenovo/Lab01-Git-MaleehaKhan/Project/project/CA_project/CA_project.srcs/sources_1/new/address_decoder.v:22]
INFO: [Synth 8-6155] done synthesizing module 'address_decoder' (11#1) [C:/Users/Lenovo/Lab01-Git-MaleehaKhan/Project/project/CA_project/CA_project.srcs/sources_1/new/address_decoder.v:22]
INFO: [Synth 8-6157] synthesizing module 'data_memory_mod' [C:/Users/Lenovo/Lab01-Git-MaleehaKhan/Project/project/CA_project/CA_project.srcs/sources_1/new/data_memory_mod.v:42]
INFO: [Synth 8-6155] done synthesizing module 'data_memory_mod' (12#1) [C:/Users/Lenovo/Lab01-Git-MaleehaKhan/Project/project/CA_project/CA_project.srcs/sources_1/new/data_memory_mod.v:42]
INFO: [Synth 8-6157] synthesizing module 'switches' [C:/Users/Lenovo/Lab01-Git-MaleehaKhan/Project/project/CA_project/CA_project.srcs/sources_1/new/switches.v:23]
INFO: [Synth 8-6155] done synthesizing module 'switches' (13#1) [C:/Users/Lenovo/Lab01-Git-MaleehaKhan/Project/project/CA_project/CA_project.srcs/sources_1/new/switches.v:23]
INFO: [Synth 8-6157] synthesizing module 'leds' [C:/Users/Lenovo/Lab01-Git-MaleehaKhan/Project/project/CA_project/CA_project.srcs/sources_1/new/leds.v:21]
INFO: [Synth 8-6155] done synthesizing module 'leds' (14#1) [C:/Users/Lenovo/Lab01-Git-MaleehaKhan/Project/project/CA_project/CA_project.srcs/sources_1/new/leds.v:21]
INFO: [Synth 8-6155] done synthesizing module 'TopLevelProcessor' (15#1) [C:/Users/Lenovo/Lab01-Git-MaleehaKhan/Project/project/CA_project/CA_project.srcs/sources_1/new/TopLevelProcessor.v:21]
INFO: [Synth 8-226] default block is never used [C:/Users/Lenovo/Lab01-Git-MaleehaKhan/Project/project/CA_project/CA_project.srcs/sources_1/new/fpga_top_task_a.v:73]
INFO: [Synth 8-6155] done synthesizing module 'fpga_top_task_a' (16#1) [C:/Users/Lenovo/Lab01-Git-MaleehaKhan/Project/project/CA_project/CA_project.srcs/sources_1/new/fpga_top_task_a.v:22]
---------------------------------------------------------------------------------
Finished RTL Elaboration : Time (s): cpu = 00:00:05 ; elapsed = 00:00:05 . Memory (MB): peak = 1466.344 ; gain = 295.949
---------------------------------------------------------------------------------
---------------------------------------------------------------------------------
Start Handling Custom Attributes
---------------------------------------------------------------------------------
---------------------------------------------------------------------------------
Finished Handling Custom Attributes : Time (s): cpu = 00:00:05 ; elapsed = 00:00:06 . Memory (MB): peak = 1485.207 ; gain = 314.812
---------------------------------------------------------------------------------
---------------------------------------------------------------------------------
Finished RTL Optimization Phase 1 : Time (s): cpu = 00:00:05 ; elapsed = 00:00:06 . Memory (MB): peak = 1485.207 ; gain = 314.812
---------------------------------------------------------------------------------
Netlist sorting complete. Time (s): cpu = 00:00:00 ; elapsed = 00:00:00.022 . Memory (MB): peak = 1485.207 ; gain = 0.000
INFO: [Project 1-570] Preparing netlist for logic optimization

Processing XDC Constraints
Initializing timing engine
Parsing XDC File [C:/Users/Lenovo/Lab01-Git-MaleehaKhan/Project/project/CA_project/CA_project.srcs/constrs_1/new/constr1.xdc]
Finished Parsing XDC File [C:/Users/Lenovo/Lab01-Git-MaleehaKhan/Project/project/CA_project/CA_project.srcs/constrs_1/new/constr1.xdc]
Completed Processing XDC Constraints

INFO: [Opt 31-138] Pushed 0 inverter(s) to 0 load pin(s).
Netlist sorting complete. Time (s): cpu = 00:00:00 ; elapsed = 00:00:00 . Memory (MB): peak = 1603.184 ; gain = 0.000
INFO: [Project 1-111] Unisim Transformation Summary:
No Unisim elements were transformed.

RTL Elaboration Complete:  : Time (s): cpu = 00:00:15 ; elapsed = 00:00:11 . Memory (MB): peak = 1603.184 ; gain = 432.789
39 Infos, 0 Warnings, 0 Critical Warnings and 0 Errors encountered.
synth_design completed successfully
synth_design: Time (s): cpu = 00:00:19 ; elapsed = 00:00:16 . Memory (MB): peak = 1603.184 ; gain = 578.637
launch_runs impl_1 -jobs 6
[Thu Apr 30 04:37:41 2026] Launched impl_1...
Run output will be captured here: C:/Users/Lenovo/Lab01-Git-MaleehaKhan/Project/project/CA_project/CA_project.runs/impl_1/runme.log
launch_runs impl_1 -to_step write_bitstream -jobs 6
[Thu Apr 30 04:38:30 2026] Launched impl_1...
Run output will be captured here: C:/Users/Lenovo/Lab01-Git-MaleehaKhan/Project/project/CA_project/CA_project.runs/impl_1/runme.log
open_hw_manager
connect_hw_server -allow_non_jtag
INFO: [Labtools 27-2285] Connecting to hw_server url TCP:localhost:3121
INFO: [Labtools 27-2222] Launching hw_server...
INFO: [Labtools 27-2221] Launch Output:

****** Xilinx hw_server v2020.1
  **** Build date : May 27 2020 at 20:24:38
    ** Copyright 1986-2020 Xilinx, Inc. All Rights Reserved.


INFO: [Labtools 27-3415] Connecting to cs_server url TCP:localhost:3042
INFO: [Labtools 27-3417] Launching cs_server...
INFO: [Labtools 27-2221] Launch Output:


****** Xilinx cs_server v2020.1.0
  **** Build date : May 14 2020-06:10:29
    ** Copyright 2017-2020 Xilinx, Inc. All Rights Reserved.



connect_hw_server: Time (s): cpu = 00:00:00 ; elapsed = 00:00:07 . Memory (MB): peak = 1603.547 ; gain = 0.363
open_hw_target
INFO: [Labtoolstcl 44-466] Opening hw_target localhost:3121/xilinx_tcf/Digilent/210183AF2A52A
set_property PROGRAM.FILE {C:/Users/Lenovo/Lab01-Git-MaleehaKhan/Project/project/CA_project/CA_project.runs/impl_1/fpga_top_task_a.bit} [get_hw_devices xc7a35t_0]
current_hw_device [get_hw_devices xc7a35t_0]
refresh_hw_device -update_hw_probes false [lindex [get_hw_devices xc7a35t_0] 0]
INFO: [Labtools 27-1434] Device xc7a35t (JTAG device index = 0) is programmed with a design that has no supported debug core(s) in it.
set_property PROBES.FILE {} [get_hw_devices xc7a35t_0]
set_property FULL_PROBES.FILE {} [get_hw_devices xc7a35t_0]
set_property PROGRAM.FILE {C:/Users/Lenovo/Lab01-Git-MaleehaKhan/Project/project/CA_project/CA_project.runs/impl_1/fpga_top_task_a.bit} [get_hw_devices xc7a35t_0]
program_hw_devices [get_hw_devices xc7a35t_0]
INFO: [Labtools 27-3164] End of startup status: HIGH
refresh_hw_device [lindex [get_hw_devices xc7a35t_0] 0]
INFO: [Labtools 27-1434] Device xc7a35t (JTAG device index = 0) is programmed with a design that has no supported debug core(s) in it.
set_property PROBES.FILE {} [get_hw_devices xc7a35t_0]
set_property FULL_PROBES.FILE {} [get_hw_devices xc7a35t_0]
set_property PROGRAM.FILE {C:/Users/Lenovo/Lab01-Git-MaleehaKhan/Project/project/CA_project/CA_project.runs/impl_1/fpga_top_task_a.bit} [get_hw_devices xc7a35t_0]
program_hw_devices [get_hw_devices xc7a35t_0]
INFO: [Labtools 27-3164] End of startup status: HIGH
refresh_hw_device [lindex [get_hw_devices xc7a35t_0] 0]
INFO: [Labtools 27-1434] Device xc7a35t (JTAG device index = 0) is programmed with a design that has no supported debug core(s) in it.
close_hw_manager
refresh_design
---------------------------------------------------------------------------------
Starting RTL Elaboration : Time (s): cpu = 00:00:02 ; elapsed = 00:00:02 . Memory (MB): peak = 3019.449 ; gain = 49.348
---------------------------------------------------------------------------------
INFO: [Synth 8-6157] synthesizing module 'fpga_top_task_a' [C:/Users/Lenovo/Lab01-Git-MaleehaKhan/Project/project/CA_project/CA_project.srcs/sources_1/new/fpga_top_task_a.v:22]
INFO: [Synth 8-6157] synthesizing module 'TopLevelProcessor' [C:/Users/Lenovo/Lab01-Git-MaleehaKhan/Project/project/CA_project/CA_project.srcs/sources_1/new/TopLevelProcessor.v:21]
INFO: [Synth 8-6157] synthesizing module 'ProgramCounter' [C:/Users/Lenovo/Lab01-Git-MaleehaKhan/Project/project/CA_project/CA_project.srcs/sources_1/new/ProgramCounter.v:23]
INFO: [Synth 8-6155] done synthesizing module 'ProgramCounter' (1#1) [C:/Users/Lenovo/Lab01-Git-MaleehaKhan/Project/project/CA_project/CA_project.srcs/sources_1/new/ProgramCounter.v:23]
INFO: [Synth 8-6157] synthesizing module 'instructionMemory' [C:/Users/Lenovo/Lab01-Git-MaleehaKhan/Project/project/CA_project/CA_project.srcs/sources_1/new/instructionMemory.v:22]
INFO: [Synth 8-3876] $readmem data file 'instructions_task_c.mem' is read successfully [C:/Users/Lenovo/Lab01-Git-MaleehaKhan/Project/project/CA_project/CA_project.srcs/sources_1/new/instructionMemory.v:32]
INFO: [Synth 8-6155] done synthesizing module 'instructionMemory' (2#1) [C:/Users/Lenovo/Lab01-Git-MaleehaKhan/Project/project/CA_project/CA_project.srcs/sources_1/new/instructionMemory.v:22]
INFO: [Synth 8-6157] synthesizing module 'pcAdder' [C:/Users/Lenovo/Lab01-Git-MaleehaKhan/Project/project/CA_project/CA_project.srcs/sources_1/new/pcAdder.v:23]
INFO: [Synth 8-6155] done synthesizing module 'pcAdder' (3#1) [C:/Users/Lenovo/Lab01-Git-MaleehaKhan/Project/project/CA_project/CA_project.srcs/sources_1/new/pcAdder.v:23]
INFO: [Synth 8-6157] synthesizing module 'immGen' [C:/Users/Lenovo/Lab01-Git-MaleehaKhan/Project/project/CA_project/CA_project.srcs/sources_1/new/immGen.v:22]
INFO: [Synth 8-6155] done synthesizing module 'immGen' (4#1) [C:/Users/Lenovo/Lab01-Git-MaleehaKhan/Project/project/CA_project/CA_project.srcs/sources_1/new/immGen.v:22]
INFO: [Synth 8-6157] synthesizing module 'branchAdder' [C:/Users/Lenovo/Lab01-Git-MaleehaKhan/Project/project/CA_project/CA_project.srcs/sources_1/new/branchAdder.v:22]
INFO: [Synth 8-6155] done synthesizing module 'branchAdder' (5#1) [C:/Users/Lenovo/Lab01-Git-MaleehaKhan/Project/project/CA_project/CA_project.srcs/sources_1/new/branchAdder.v:22]
INFO: [Synth 8-6157] synthesizing module 'MUX' [C:/Users/Lenovo/Lab01-Git-MaleehaKhan/Project/project/CA_project/CA_project.srcs/sources_1/new/MUX.v:21]
INFO: [Synth 8-6155] done synthesizing module 'MUX' (6#1) [C:/Users/Lenovo/Lab01-Git-MaleehaKhan/Project/project/CA_project/CA_project.srcs/sources_1/new/MUX.v:21]
INFO: [Synth 8-6157] synthesizing module 'MainControl' [C:/Users/Lenovo/Lab01-Git-MaleehaKhan/Project/project/CA_project/CA_project.srcs/sources_1/new/MainControl.v:23]
INFO: [Synth 8-6155] done synthesizing module 'MainControl' (7#1) [C:/Users/Lenovo/Lab01-Git-MaleehaKhan/Project/project/CA_project/CA_project.srcs/sources_1/new/MainControl.v:23]
INFO: [Synth 8-6157] synthesizing module 'RegisterFile' [C:/Users/Lenovo/Lab01-Git-MaleehaKhan/Project/project/CA_project/CA_project.srcs/sources_1/new/RegisterFile.v:22]
INFO: [Synth 8-6155] done synthesizing module 'RegisterFile' (8#1) [C:/Users/Lenovo/Lab01-Git-MaleehaKhan/Project/project/CA_project/CA_project.srcs/sources_1/new/RegisterFile.v:22]
INFO: [Synth 8-6157] synthesizing module 'alu_control' [C:/Users/Lenovo/Lab01-Git-MaleehaKhan/Project/project/CA_project/CA_project.srcs/sources_1/new/alu_control.v:2]
INFO: [Synth 8-226] default block is never used [C:/Users/Lenovo/Lab01-Git-MaleehaKhan/Project/project/CA_project/CA_project.srcs/sources_1/new/alu_control.v:9]
INFO: [Synth 8-6155] done synthesizing module 'alu_control' (9#1) [C:/Users/Lenovo/Lab01-Git-MaleehaKhan/Project/project/CA_project/CA_project.srcs/sources_1/new/alu_control.v:2]
INFO: [Synth 8-6157] synthesizing module 'ALU_module' [C:/Users/Lenovo/Lab01-Git-MaleehaKhan/Project/project/CA_project/CA_project.srcs/sources_1/new/ALU_module.v:22]
INFO: [Synth 8-6155] done synthesizing module 'ALU_module' (10#1) [C:/Users/Lenovo/Lab01-Git-MaleehaKhan/Project/project/CA_project/CA_project.srcs/sources_1/new/ALU_module.v:22]
INFO: [Synth 8-6157] synthesizing module 'address_decoder' [C:/Users/Lenovo/Lab01-Git-MaleehaKhan/Project/project/CA_project/CA_project.srcs/sources_1/new/address_decoder.v:22]
INFO: [Synth 8-6155] done synthesizing module 'address_decoder' (11#1) [C:/Users/Lenovo/Lab01-Git-MaleehaKhan/Project/project/CA_project/CA_project.srcs/sources_1/new/address_decoder.v:22]
INFO: [Synth 8-6157] synthesizing module 'data_memory_mod' [C:/Users/Lenovo/Lab01-Git-MaleehaKhan/Project/project/CA_project/CA_project.srcs/sources_1/new/data_memory_mod.v:42]
INFO: [Synth 8-6155] done synthesizing module 'data_memory_mod' (12#1) [C:/Users/Lenovo/Lab01-Git-MaleehaKhan/Project/project/CA_project/CA_project.srcs/sources_1/new/data_memory_mod.v:42]
INFO: [Synth 8-6157] synthesizing module 'switches' [C:/Users/Lenovo/Lab01-Git-MaleehaKhan/Project/project/CA_project/CA_project.srcs/sources_1/new/switches.v:23]
INFO: [Synth 8-6155] done synthesizing module 'switches' (13#1) [C:/Users/Lenovo/Lab01-Git-MaleehaKhan/Project/project/CA_project/CA_project.srcs/sources_1/new/switches.v:23]
INFO: [Synth 8-6157] synthesizing module 'leds' [C:/Users/Lenovo/Lab01-Git-MaleehaKhan/Project/project/CA_project/CA_project.srcs/sources_1/new/leds.v:21]
INFO: [Synth 8-6155] done synthesizing module 'leds' (14#1) [C:/Users/Lenovo/Lab01-Git-MaleehaKhan/Project/project/CA_project/CA_project.srcs/sources_1/new/leds.v:21]
INFO: [Synth 8-6155] done synthesizing module 'TopLevelProcessor' (15#1) [C:/Users/Lenovo/Lab01-Git-MaleehaKhan/Project/project/CA_project/CA_project.srcs/sources_1/new/TopLevelProcessor.v:21]
INFO: [Synth 8-226] default block is never used [C:/Users/Lenovo/Lab01-Git-MaleehaKhan/Project/project/CA_project/CA_project.srcs/sources_1/new/fpga_top_task_a.v:73]
INFO: [Synth 8-6155] done synthesizing module 'fpga_top_task_a' (16#1) [C:/Users/Lenovo/Lab01-Git-MaleehaKhan/Project/project/CA_project/CA_project.srcs/sources_1/new/fpga_top_task_a.v:22]
---------------------------------------------------------------------------------
Finished RTL Elaboration : Time (s): cpu = 00:00:03 ; elapsed = 00:00:03 . Memory (MB): peak = 3056.215 ; gain = 86.113
---------------------------------------------------------------------------------
---------------------------------------------------------------------------------
Start Handling Custom Attributes
---------------------------------------------------------------------------------
---------------------------------------------------------------------------------
Finished Handling Custom Attributes : Time (s): cpu = 00:00:03 ; elapsed = 00:00:03 . Memory (MB): peak = 3079.113 ; gain = 109.012
---------------------------------------------------------------------------------
---------------------------------------------------------------------------------
Finished RTL Optimization Phase 1 : Time (s): cpu = 00:00:03 ; elapsed = 00:00:03 . Memory (MB): peak = 3079.113 ; gain = 109.012
---------------------------------------------------------------------------------
Netlist sorting complete. Time (s): cpu = 00:00:00 ; elapsed = 00:00:00.017 . Memory (MB): peak = 3086.262 ; gain = 0.000
INFO: [Project 1-570] Preparing netlist for logic optimization

Processing XDC Constraints
Initializing timing engine
Parsing XDC File [C:/Users/Lenovo/Lab01-Git-MaleehaKhan/Project/project/CA_project/CA_project.srcs/constrs_1/new/constr1.xdc]
Finished Parsing XDC File [C:/Users/Lenovo/Lab01-Git-MaleehaKhan/Project/project/CA_project/CA_project.srcs/constrs_1/new/constr1.xdc]
Completed Processing XDC Constraints

INFO: [Opt 31-138] Pushed 0 inverter(s) to 0 load pin(s).
refresh_design: Time (s): cpu = 00:00:11 ; elapsed = 00:00:07 . Memory (MB): peak = 3175.238 ; gain = 205.137
close_design
set_property top fpga_top_task_a [get_filesets sim_1]
set_property top_lib xil_defaultlib [get_filesets sim_1]
reset_run synth_1
launch_runs synth_1 -jobs 6
[Thu Apr 30 04:42:02 2026] Launched synth_1...
Run output will be captured here: C:/Users/Lenovo/Lab01-Git-MaleehaKhan/Project/project/CA_project/CA_project.runs/synth_1/runme.log
launch_runs impl_1 -jobs 6
[Thu Apr 30 04:44:25 2026] Launched impl_1...
Run output will be captured here: C:/Users/Lenovo/Lab01-Git-MaleehaKhan/Project/project/CA_project/CA_project.runs/impl_1/runme.log
launch_runs impl_1 -to_step write_bitstream -jobs 6
[Thu Apr 30 04:52:04 2026] Launched impl_1...
Run output will be captured here: C:/Users/Lenovo/Lab01-Git-MaleehaKhan/Project/project/CA_project/CA_project.runs/impl_1/runme.log
open_hw_manager
connect_hw_server -allow_non_jtag
INFO: [Labtools 27-2285] Connecting to hw_server url TCP:localhost:3121
INFO: [Labtools 27-2222] Launching hw_server...
INFO: [Labtools 27-2221] Launch Output:

****** Xilinx hw_server v2020.1
  **** Build date : May 27 2020 at 20:24:38
    ** Copyright 1986-2020 Xilinx, Inc. All Rights Reserved.


INFO: [Labtools 27-3415] Connecting to cs_server url TCP:localhost:3042
INFO: [Labtools 27-3417] Launching cs_server...
INFO: [Labtools 27-2221] Launch Output:


****** Xilinx cs_server v2020.1.0
  **** Build date : May 14 2020-06:10:29
    ** Copyright 2017-2020 Xilinx, Inc. All Rights Reserved.



connect_hw_server: Time (s): cpu = 00:00:00 ; elapsed = 00:00:07 . Memory (MB): peak = 3175.238 ; gain = 0.000
open_hw_target
INFO: [Labtoolstcl 44-466] Opening hw_target localhost:3121/xilinx_tcf/Digilent/210183AF2A52A
set_property PROGRAM.FILE {C:/Users/Lenovo/Lab01-Git-MaleehaKhan/Project/project/CA_project/CA_project.runs/impl_1/fpga_top_task_a.bit} [get_hw_devices xc7a35t_0]
current_hw_device [get_hw_devices xc7a35t_0]
refresh_hw_device -update_hw_probes false [lindex [get_hw_devices xc7a35t_0] 0]
INFO: [Labtools 27-1434] Device xc7a35t (JTAG device index = 0) is programmed with a design that has no supported debug core(s) in it.
set_property PROBES.FILE {} [get_hw_devices xc7a35t_0]
set_property FULL_PROBES.FILE {} [get_hw_devices xc7a35t_0]
set_property PROGRAM.FILE {C:/Users/Lenovo/Lab01-Git-MaleehaKhan/Project/project/CA_project/CA_project.runs/impl_1/fpga_top_task_a.bit} [get_hw_devices xc7a35t_0]
program_hw_devices [get_hw_devices xc7a35t_0]
INFO: [Labtools 27-3164] End of startup status: HIGH
refresh_hw_device [lindex [get_hw_devices xc7a35t_0] 0]
INFO: [Labtools 27-1434] Device xc7a35t (JTAG device index = 0) is programmed with a design that has no supported debug core(s) in it.
refresh_hw_device [lindex [get_hw_devices xc7a35t_0] 0]
INFO: [Labtools 27-1434] Device xc7a35t (JTAG device index = 0) is programmed with a design that has no supported debug core(s) in it.
set_property PROBES.FILE {} [get_hw_devices xc7a35t_0]
set_property FULL_PROBES.FILE {} [get_hw_devices xc7a35t_0]
set_property PROGRAM.FILE {C:/Users/Lenovo/Lab01-Git-MaleehaKhan/Project/project/CA_project/CA_project.runs/impl_1/fpga_top_task_a.bit} [get_hw_devices xc7a35t_0]
program_hw_devices [get_hw_devices xc7a35t_0]
INFO: [Labtools 27-3164] End of startup status: HIGH
refresh_hw_device [lindex [get_hw_devices xc7a35t_0] 0]
INFO: [Labtools 27-1434] Device xc7a35t (JTAG device index = 0) is programmed with a design that has no supported debug core(s) in it.
close_hw_manager
reset_run synth_1
launch_runs synth_1 -jobs 6
[Thu Apr 30 04:59:51 2026] Launched synth_1...
Run output will be captured here: C:/Users/Lenovo/Lab01-Git-MaleehaKhan/Project/project/CA_project/CA_project.runs/synth_1/runme.log
launch_runs impl_1 -jobs 6
[Thu Apr 30 05:01:35 2026] Launched impl_1...
Run output will be captured here: C:/Users/Lenovo/Lab01-Git-MaleehaKhan/Project/project/CA_project/CA_project.runs/impl_1/runme.log
launch_runs impl_1 -to_step write_bitstream -jobs 6
[Thu Apr 30 05:03:32 2026] Launched impl_1...
Run output will be captured here: C:/Users/Lenovo/Lab01-Git-MaleehaKhan/Project/project/CA_project/CA_project.runs/impl_1/runme.log
open_hw_manager
connect_hw_server -allow_non_jtag
INFO: [Labtools 27-2285] Connecting to hw_server url TCP:localhost:3121
INFO: [Labtools 27-2222] Launching hw_server...
INFO: [Labtools 27-2221] Launch Output:

****** Xilinx hw_server v2020.1
  **** Build date : May 27 2020 at 20:24:38
    ** Copyright 1986-2020 Xilinx, Inc. All Rights Reserved.


INFO: [Labtools 27-3415] Connecting to cs_server url TCP:localhost:3042
INFO: [Labtools 27-3417] Launching cs_server...
INFO: [Labtools 27-2221] Launch Output:


****** Xilinx cs_server v2020.1.0
  **** Build date : May 14 2020-06:10:29
    ** Copyright 2017-2020 Xilinx, Inc. All Rights Reserved.



connect_hw_server: Time (s): cpu = 00:00:00 ; elapsed = 00:00:07 . Memory (MB): peak = 3175.238 ; gain = 0.000
open_hw_target
INFO: [Labtoolstcl 44-466] Opening hw_target localhost:3121/xilinx_tcf/Digilent/210183AF2A52A
set_property PROGRAM.FILE {C:/Users/Lenovo/Lab01-Git-MaleehaKhan/Project/project/CA_project/CA_project.runs/impl_1/fpga_top_task_a.bit} [get_hw_devices xc7a35t_0]
current_hw_device [get_hw_devices xc7a35t_0]
refresh_hw_device -update_hw_probes false [lindex [get_hw_devices xc7a35t_0] 0]
INFO: [Labtools 27-1434] Device xc7a35t (JTAG device index = 0) is programmed with a design that has no supported debug core(s) in it.
set_property PROBES.FILE {} [get_hw_devices xc7a35t_0]
set_property FULL_PROBES.FILE {} [get_hw_devices xc7a35t_0]
set_property PROGRAM.FILE {C:/Users/Lenovo/Lab01-Git-MaleehaKhan/Project/project/CA_project/CA_project.runs/impl_1/fpga_top_task_a.bit} [get_hw_devices xc7a35t_0]
program_hw_devices [get_hw_devices xc7a35t_0]
INFO: [Labtools 27-3164] End of startup status: HIGH
refresh_hw_device [lindex [get_hw_devices xc7a35t_0] 0]
INFO: [Labtools 27-1434] Device xc7a35t (JTAG device index = 0) is programmed with a design that has no supported debug core(s) in it.
exit
INFO: [Common 17-206] Exiting Vivado at Thu Apr 30 05:08:49 2026...
