#-----------------------------------------------------------
# Vivado v2020.1 (64-bit)
# SW Build 2902540 on Wed May 27 19:54:49 MDT 2020
# IP Build 2902112 on Wed May 27 22:43:36 MDT 2020
# Start of session at: Thu Mar 26 12:18:56 2026
# Process ID: 420
# Current directory: C:/Users/malee/Documents/school/sem4/CA/labs/Lab01-Git-MaleehaKhan/Lab 09/project_1
# Command line: vivado.exe -gui_launcher_event rodinguilauncherevent27160 C:\Users\malee\Documents\school\sem4\CA\labs\Lab01-Git-MaleehaKhan\Lab 09\project_1\project_1.xpr
# Log file: C:/Users/malee/Documents/school/sem4/CA/labs/Lab01-Git-MaleehaKhan/Lab 09/project_1/vivado.log
# Journal file: C:/Users/malee/Documents/school/sem4/CA/labs/Lab01-Git-MaleehaKhan/Lab 09/project_1\vivado.jou
#-----------------------------------------------------------
start_gui
open_project {C:/Users/malee/Documents/school/sem4/CA/labs/Lab01-Git-MaleehaKhan/Lab 09/project_1/project_1.xpr}
INFO: [ProjectBase 1-489] The host OS only allows 260 characters in a normal path. The project is stored in a path with more than 80 characters. If you experience issues with IP, Block Designs, or files not being found, please consider moving the project to a location with a shorter path. Alternately consider using the OS subst command to map part of the path to a drive letter.
Current project path is 'C:/Users/malee/Documents/school/sem4/CA/labs/Lab01-Git-MaleehaKhan/Lab 09/project_1'
CRITICAL WARNING: [Project 1-19] Could not find the file 'C:/Users/malee/Documents/school/sem4/CA/labs/Lab01-Git-MaleehaKhan/Lab 09/project_1/project_1.srcs/constrs_1/new/c.xdc'.
Scanning sources...
Finished scanning sources
INFO: [IP_Flow 19-234] Refreshing IP repositories
INFO: [IP_Flow 19-1704] No user IP repositories specified
INFO: [IP_Flow 19-2313] Loaded Vivado IP repository 'C:/Xilinx/Vivado/2020.1/data/ip'.
update_compile_order -fileset sources_1
reset_run synth_1
launch_runs synth_1 -jobs 6
[Thu Mar 26 12:19:30 2026] Launched synth_1...
Run output will be captured here: C:/Users/malee/Documents/school/sem4/CA/labs/Lab01-Git-MaleehaKhan/Lab 09/project_1/project_1.runs/synth_1/runme.log
reset_run synth_1
launch_runs synth_1 -jobs 6
[Thu Mar 26 12:20:05 2026] Launched synth_1...
Run output will be captured here: C:/Users/malee/Documents/school/sem4/CA/labs/Lab01-Git-MaleehaKhan/Lab 09/project_1/project_1.runs/synth_1/runme.log
close_project
create_project project_2 {C:/Users/malee/Documents/school/sem4/CA/labs/Lab01-Git-MaleehaKhan/Lab 09/project_2} -part xc7k70tfbv676-1
INFO: [ProjectBase 1-489] The host OS only allows 260 characters in a normal path. The project is stored in a path with more than 80 characters. If you experience issues with IP, Block Designs, or files not being found, please consider moving the project to a location with a shorter path. Alternately consider using the OS subst command to map part of the path to a drive letter.
Current project path is 'C:/Users/malee/Documents/school/sem4/CA/labs/Lab01-Git-MaleehaKhan/Lab 09/project_2'
INFO: [IP_Flow 19-234] Refreshing IP repositories
INFO: [IP_Flow 19-1704] No user IP repositories specified
INFO: [IP_Flow 19-2313] Loaded Vivado IP repository 'C:/Xilinx/Vivado/2020.1/data/ip'.
create_project: Time (s): cpu = 00:00:05 ; elapsed = 00:00:06 . Memory (MB): peak = 1212.199 ; gain = 0.000
file mkdir C:/Users/malee/Documents/school/sem4/CA/labs/Lab01-Git-MaleehaKhan/Lab 09/project_2/project_2.srcs/sources_1/new
file mkdir C:/Users/malee/Documents/school/sem4/CA/labs/Lab01-Git-MaleehaKhan/Lab 09/project_2/project_2.srcs/sources_1/new
file mkdir C:/Users/malee/Documents/school/sem4/CA/labs/Lab01-Git-MaleehaKhan/Lab 09/project_2/project_2.srcs/sources_1/new
file mkdir C:/Users/malee/Documents/school/sem4/CA/labs/Lab01-Git-MaleehaKhan/Lab 09/project_2/project_2.srcs/sources_1/new
file mkdir C:/Users/malee/Documents/school/sem4/CA/labs/Lab01-Git-MaleehaKhan/Lab 09/project_2/project_2.srcs/sources_1/new
file mkdir C:/Users/malee/Documents/school/sem4/CA/labs/Lab01-Git-MaleehaKhan/Lab 09/project_2/project_2.srcs/sources_1/new
file mkdir {C:/Users/malee/Documents/school/sem4/CA/labs/Lab01-Git-MaleehaKhan/Lab 09/project_2/project_2.srcs/sources_1/new}
close [ open {C:/Users/malee/Documents/school/sem4/CA/labs/Lab01-Git-MaleehaKhan/Lab 09/project_2/project_2.srcs/sources_1/new/ALUControl.v} w ]
add_files {{C:/Users/malee/Documents/school/sem4/CA/labs/Lab01-Git-MaleehaKhan/Lab 09/project_2/project_2.srcs/sources_1/new/ALUControl.v}}
update_compile_order -fileset sources_1
close [ open {C:/Users/malee/Documents/school/sem4/CA/labs/Lab01-Git-MaleehaKhan/Lab 09/project_2/project_2.srcs/sources_1/new/MainControl.v} w ]
add_files {{C:/Users/malee/Documents/school/sem4/CA/labs/Lab01-Git-MaleehaKhan/Lab 09/project_2/project_2.srcs/sources_1/new/MainControl.v}}
update_compile_order -fileset sources_1
close [ open {C:/Users/malee/Documents/school/sem4/CA/labs/Lab01-Git-MaleehaKhan/Lab 09/project_2/project_2.srcs/sources_1/new/leds.v} w ]
add_files {{C:/Users/malee/Documents/school/sem4/CA/labs/Lab01-Git-MaleehaKhan/Lab 09/project_2/project_2.srcs/sources_1/new/leds.v}}
update_compile_order -fileset sources_1
close [ open {C:/Users/malee/Documents/school/sem4/CA/labs/Lab01-Git-MaleehaKhan/Lab 09/project_2/project_2.srcs/sources_1/new/switches.v} w ]
add_files {{C:/Users/malee/Documents/school/sem4/CA/labs/Lab01-Git-MaleehaKhan/Lab 09/project_2/project_2.srcs/sources_1/new/switches.v}}
update_compile_order -fileset sources_1
close [ open {C:/Users/malee/Documents/school/sem4/CA/labs/Lab01-Git-MaleehaKhan/Lab 09/project_2/project_2.srcs/sources_1/new/debouncer.v} w ]
add_files {{C:/Users/malee/Documents/school/sem4/CA/labs/Lab01-Git-MaleehaKhan/Lab 09/project_2/project_2.srcs/sources_1/new/debouncer.v}}
update_compile_order -fileset sources_1
close [ open {C:/Users/malee/Documents/school/sem4/CA/labs/Lab01-Git-MaleehaKhan/Lab 09/project_2/project_2.srcs/sources_1/new/top.v} w ]
add_files {{C:/Users/malee/Documents/school/sem4/CA/labs/Lab01-Git-MaleehaKhan/Lab 09/project_2/project_2.srcs/sources_1/new/top.v}}
update_compile_order -fileset sources_1
set_property top top [current_fileset]
update_compile_order -fileset sources_1
launch_runs synth_1 -jobs 6
[Thu Mar 26 12:24:44 2026] Launched synth_1...
Run output will be captured here: C:/Users/malee/Documents/school/sem4/CA/labs/Lab01-Git-MaleehaKhan/Lab 09/project_2/project_2.runs/synth_1/runme.log
file mkdir C:/Users/malee/Documents/school/sem4/CA/labs/Lab01-Git-MaleehaKhan/Lab 09/project_2/project_2.srcs/constrs_1
file mkdir C:/Users/malee/Documents/school/sem4/CA/labs/Lab01-Git-MaleehaKhan/Lab 09/project_2/project_2.srcs/constrs_1
file mkdir C:/Users/malee/Documents/school/sem4/CA/labs/Lab01-Git-MaleehaKhan/Lab 09/project_2/project_2.srcs/constrs_1/new
file mkdir C:/Users/malee/Documents/school/sem4/CA/labs/Lab01-Git-MaleehaKhan/Lab 09/project_2/project_2.srcs/constrs_1/new
file mkdir C:/Users/malee/Documents/school/sem4/CA/labs/Lab01-Git-MaleehaKhan/Lab 09/project_2/project_2.srcs/constrs_1/new
file mkdir C:/Users/malee/Documents/school/sem4/CA/labs/Lab01-Git-MaleehaKhan/Lab 09/project_2/project_2.srcs/constrs_1/new
file mkdir C:/Users/malee/Documents/school/sem4/CA/labs/Lab01-Git-MaleehaKhan/Lab 09/project_2/project_2.srcs/constrs_1
file mkdir {C:/Users/malee/Documents/school/sem4/CA/labs/Lab01-Git-MaleehaKhan/Lab 09/project_2/project_2.srcs/constrs_1/new}
close [ open {C:/Users/malee/Documents/school/sem4/CA/labs/Lab01-Git-MaleehaKhan/Lab 09/project_2/project_2.srcs/constrs_1/new/constraints.xdc} w ]
add_files -fileset constrs_1 {{C:/Users/malee/Documents/school/sem4/CA/labs/Lab01-Git-MaleehaKhan/Lab 09/project_2/project_2.srcs/constrs_1/new/constraints.xdc}}
reset_run synth_1
launch_runs synth_1 -jobs 6
[Thu Mar 26 12:26:36 2026] Launched synth_1...
Run output will be captured here: C:/Users/malee/Documents/school/sem4/CA/labs/Lab01-Git-MaleehaKhan/Lab 09/project_2/project_2.runs/synth_1/runme.log
launch_runs impl_1 -jobs 6
[Thu Mar 26 12:27:12 2026] Launched impl_1...
Run output will be captured here: C:/Users/malee/Documents/school/sem4/CA/labs/Lab01-Git-MaleehaKhan/Lab 09/project_2/project_2.runs/impl_1/runme.log
reset_run synth_1
launch_runs impl_1 -jobs 6
[Thu Mar 26 12:30:38 2026] Launched synth_1...
Run output will be captured here: C:/Users/malee/Documents/school/sem4/CA/labs/Lab01-Git-MaleehaKhan/Lab 09/project_2/project_2.runs/synth_1/runme.log
[Thu Mar 26 12:30:38 2026] Launched impl_1...
Run output will be captured here: C:/Users/malee/Documents/school/sem4/CA/labs/Lab01-Git-MaleehaKhan/Lab 09/project_2/project_2.runs/impl_1/runme.log
exit
INFO: [Common 17-206] Exiting Vivado at Thu Mar 26 12:31:43 2026...
