#-----------------------------------------------------------
# Vivado v2020.1 (64-bit)
# SW Build 2902540 on Wed May 27 19:54:49 MDT 2020
# IP Build 2902112 on Wed May 27 22:43:36 MDT 2020
# Start of session at: Thu Mar 26 12:40:24 2026
# Process ID: 27852
# Current directory: C:/Users/malee/Documents/school/sem4/CA/labs/Lab01-Git-MaleehaKhan/Lab 09/project_1
# Command line: vivado.exe -gui_launcher_event rodinguilauncherevent8816 C:\Users\malee\Documents\school\sem4\CA\labs\Lab01-Git-MaleehaKhan\Lab 09\project_1\project_1.xpr
# Log file: C:/Users/malee/Documents/school/sem4/CA/labs/Lab01-Git-MaleehaKhan/Lab 09/project_1/vivado.log
# Journal file: C:/Users/malee/Documents/school/sem4/CA/labs/Lab01-Git-MaleehaKhan/Lab 09/project_1\vivado.jou
#-----------------------------------------------------------
start_gui
open_project {C:/Users/malee/Documents/school/sem4/CA/labs/Lab01-Git-MaleehaKhan/Lab 09/project_1/project_1.xpr}
INFO: [ProjectBase 1-489] The host OS only allows 260 characters in a normal path. The project is stored in a path with more than 80 characters. If you experience issues with IP, Block Designs, or files not being found, please consider moving the project to a location with a shorter path. Alternately consider using the OS subst command to map part of the path to a drive letter.
Current project path is 'C:/Users/malee/Documents/school/sem4/CA/labs/Lab01-Git-MaleehaKhan/Lab 09/project_1'
CRITICAL WARNING: [Project 1-19] Could not find the file 'C:/Users/malee/Documents/school/sem4/CA/labs/Lab01-Git-MaleehaKhan/Lab 09/project_1/project_1.srcs/constrs_1/new/c.xdc'.
Scanning sources...
Finished scanning sources
INFO: [IP_Flow 19-234] Refreshing IP repositories
INFO: [IP_Flow 19-1704] No user IP repositories specified
INFO: [IP_Flow 19-2313] Loaded Vivado IP repository 'C:/Xilinx/Vivado/2020.1/data/ip'.
update_compile_order -fileset sources_1
exit
INFO: [Common 17-206] Exiting Vivado at Thu Mar 26 12:44:52 2026...
