Copyright 1986-2020 Xilinx, Inc. All Rights Reserved.
----------------------------------------------------------------------------------------------
| Tool Version : Vivado v.2020.1 (win64) Build 2902540 Wed May 27 19:54:49 MDT 2020
| Date         : Wed Mar 18 13:57:35 2026
| Host         : Maleehas-Laptop running 64-bit major release  (build 9200)
| Command      : report_control_sets -verbose -file addressDecoderTop_control_sets_placed.rpt
| Design       : addressDecoderTop
| Device       : xc7a35t
----------------------------------------------------------------------------------------------

Control Set Information

Table of Contents
-----------------
1. Summary
2. Histogram
3. Flip-Flop Distribution
4. Detailed Control Set Information

1. Summary
----------

+----------------------------------------------------------+-------+
|                          Status                          | Count |
+----------------------------------------------------------+-------+
| Total control sets                                       |     6 |
|    Minimum number of control sets                        |     6 |
|    Addition due to synthesis replication                 |     0 |
|    Addition due to physical synthesis replication        |     0 |
| Unused register locations in slices containing registers |     4 |
+----------------------------------------------------------+-------+
* Control sets can be merged at opt_design using control_set_merge or merge_equivalent_drivers
** Run report_qor_suggestions for automated merging and remapping suggestions


2. Histogram
------------

+--------------------+-------+
|       Fanout       | Count |
+--------------------+-------+
| Total control sets |     6 |
| >= 0 to < 4        |     0 |
| >= 4 to < 6        |     0 |
| >= 6 to < 8        |     0 |
| >= 8 to < 10       |     0 |
| >= 10 to < 12      |     0 |
| >= 12 to < 14      |     0 |
| >= 14 to < 16      |     1 |
| >= 16              |     5 |
+--------------------+-------+
* Control sets can be remapped at either synth_design or opt_design


3. Flip-Flop Distribution
-------------------------

+--------------+-----------------------+------------------------+-----------------+--------------+
| Clock Enable | Synchronous Set/Reset | Asynchronous Set/Reset | Total Registers | Total Slices |
+--------------+-----------------------+------------------------+-----------------+--------------+
| No           | No                    | No                     |              14 |            4 |
| No           | No                    | Yes                    |               0 |            0 |
| No           | Yes                   | No                     |              22 |            7 |
| Yes          | No                    | No                     |               0 |            0 |
| Yes          | No                    | Yes                    |              16 |            7 |
| Yes          | Yes                   | No                     |              32 |           14 |
+--------------+-----------------------+------------------------+-----------------+--------------+


4. Detailed Control Set Information
-----------------------------------

+----------------+----------------------------+------------------+------------------+----------------+--------------+
|  Clock Signal  |        Enable Signal       | Set/Reset Signal | Slice Load Count | Bel Load Count | Bels / Slice |
+----------------+----------------------------+------------------+------------------+----------------+--------------+
|  clk_IBUF_BUFG |                            |                  |                4 |             14 |         3.50 |
|  clk_IBUF_BUFG | u_leds/led_writeEn         | rst_IBUF         |                7 |             16 |         2.29 |
|  clk_IBUF_BUFG | read_display               | rst_IBUF         |                7 |             16 |         2.29 |
|  clk_IBUF_BUFG | writeData                  | rst_IBUF         |                7 |             16 |         2.29 |
|  clk_IBUF_BUFG |                            | rst_IBUF         |                7 |             22 |         3.14 |
|  clk_IBUF_BUFG | u_data_mem/dataMem_writeEn |                  |               16 |             64 |         4.00 |
+----------------+----------------------------+------------------+------------------+----------------+--------------+


