Copyright 1986-2020 Xilinx, Inc. All Rights Reserved.
--------------------------------------------------------------------------------------------------------------------------------------------------------------------------------------------------------------------------
| Tool Version : Vivado v.2020.1 (win64) Build 2902540 Wed May 27 19:54:49 MDT 2020
| Date         : Wed Mar 18 13:57:48 2026
| Host         : Maleehas-Laptop running 64-bit major release  (build 9200)
| Command      : report_timing_summary -max_paths 10 -file addressDecoderTop_timing_summary_routed.rpt -pb addressDecoderTop_timing_summary_routed.pb -rpx addressDecoderTop_timing_summary_routed.rpx -warn_on_violation
| Design       : addressDecoderTop
| Device       : 7a35t-cpg236
| Speed File   : -1  PRODUCTION 1.23 2018-06-13
--------------------------------------------------------------------------------------------------------------------------------------------------------------------------------------------------------------------------

Timing Summary Report

------------------------------------------------------------------------------------------------
| Timer Settings
| --------------
------------------------------------------------------------------------------------------------

  Enable Multi Corner Analysis               :  Yes
  Enable Pessimism Removal                   :  Yes
  Pessimism Removal Resolution               :  Nearest Common Node
  Enable Input Delay Default Clock           :  No
  Enable Preset / Clear Arcs                 :  No
  Disable Flight Delays                      :  No
  Ignore I/O Paths                           :  No
  Timing Early Launch at Borrowing Latches   :  No
  Borrow Time for Max Delay Exceptions       :  Yes
  Merge Timing Exceptions                    :  Yes

  Corner  Analyze    Analyze    
  Name    Max Paths  Min Paths  
  ------  ---------  ---------  
  Slow    Yes        Yes        
  Fast    Yes        Yes        



check_timing report

Table of Contents
-----------------
1. checking no_clock (0)
2. checking constant_clock (0)
3. checking pulse_width_clock (0)
4. checking unconstrained_internal_endpoints (0)
5. checking no_input_delay (21)
6. checking no_output_delay (16)
7. checking multiple_clock (0)
8. checking generated_clocks (0)
9. checking loops (0)
10. checking partial_input_delay (0)
11. checking partial_output_delay (0)
12. checking latch_loops (0)

1. checking no_clock (0)
------------------------
 There are 0 register/latch pins with no clock.


2. checking constant_clock (0)
------------------------------
 There are 0 register/latch pins with constant_clock.


3. checking pulse_width_clock (0)
---------------------------------
 There are 0 register/latch pins which need pulse_width check


4. checking unconstrained_internal_endpoints (0)
------------------------------------------------
 There are 0 pins that are not constrained for maximum delay.

 There are 0 pins that are not constrained for maximum delay due to constant clock.


5. checking no_input_delay (21)
-------------------------------
 There are 21 input ports with no input delay specified. (HIGH)

 There are 0 input ports with no input delay but user has a false path constraint.


6. checking no_output_delay (16)
--------------------------------
 There are 16 ports with no output delay specified. (HIGH)

 There are 0 ports with no output delay but user has a false path constraint

 There are 0 ports with no output delay but with a timing clock defined on it or propagating through it


7. checking multiple_clock (0)
------------------------------
 There are 0 register/latch pins with multiple clocks.


8. checking generated_clocks (0)
--------------------------------
 There are 0 generated clocks that are not connected to a clock source.


9. checking loops (0)
---------------------
 There are 0 combinational loops in the design.


10. checking partial_input_delay (0)
------------------------------------
 There are 0 input ports with partial input delay specified.


11. checking partial_output_delay (0)
-------------------------------------
 There are 0 ports with partial output delay specified.


12. checking latch_loops (0)
----------------------------
 There are 0 combinational latch loops in the design through latch input



------------------------------------------------------------------------------------------------
| Design Timing Summary
| ---------------------
------------------------------------------------------------------------------------------------

    WNS(ns)      TNS(ns)  TNS Failing Endpoints  TNS Total Endpoints      WHS(ns)      THS(ns)  THS Failing Endpoints  THS Total Endpoints     WPWS(ns)     TPWS(ns)  TPWS Failing Endpoints  TPWS Total Endpoints  
    -------      -------  ---------------------  -------------------      -------      -------  ---------------------  -------------------     --------     --------  ----------------------  --------------------  
      5.637        0.000                      0                  288        0.086        0.000                      0                  288        3.750        0.000                       0                   149  


All user specified timing constraints are met.


------------------------------------------------------------------------------------------------
| Clock Summary
| -------------
------------------------------------------------------------------------------------------------

Clock    Waveform(ns)       Period(ns)      Frequency(MHz)
-----    ------------       ----------      --------------
sys_clk  {0.000 5.000}      10.000          100.000         


------------------------------------------------------------------------------------------------
| Intra Clock Table
| -----------------
------------------------------------------------------------------------------------------------

Clock             WNS(ns)      TNS(ns)  TNS Failing Endpoints  TNS Total Endpoints      WHS(ns)      THS(ns)  THS Failing Endpoints  THS Total Endpoints     WPWS(ns)     TPWS(ns)  TPWS Failing Endpoints  TPWS Total Endpoints  
-----             -------      -------  ---------------------  -------------------      -------      -------  ---------------------  -------------------     --------     --------  ----------------------  --------------------  
sys_clk             5.637        0.000                      0                  288        0.086        0.000                      0                  288        3.750        0.000                       0                   149  


------------------------------------------------------------------------------------------------
| Inter Clock Table
| -----------------
------------------------------------------------------------------------------------------------

From Clock    To Clock          WNS(ns)      TNS(ns)  TNS Failing Endpoints  TNS Total Endpoints      WHS(ns)      THS(ns)  THS Failing Endpoints  THS Total Endpoints  
----------    --------          -------      -------  ---------------------  -------------------      -------      -------  ---------------------  -------------------  


------------------------------------------------------------------------------------------------
| Other Path Groups Table
| -----------------------
------------------------------------------------------------------------------------------------

Path Group    From Clock    To Clock          WNS(ns)      TNS(ns)  TNS Failing Endpoints  TNS Total Endpoints      WHS(ns)      THS(ns)  THS Failing Endpoints  THS Total Endpoints  
----------    ----------    --------          -------      -------  ---------------------  -------------------      -------      -------  ---------------------  -------------------  


------------------------------------------------------------------------------------------------
| Timing Details
| --------------
------------------------------------------------------------------------------------------------


---------------------------------------------------------------------------------------------------
From Clock:  sys_clk
  To Clock:  sys_clk

Setup :            0  Failing Endpoints,  Worst Slack        5.637ns,  Total Violation        0.000ns
Hold  :            0  Failing Endpoints,  Worst Slack        0.086ns,  Total Violation        0.000ns
PW    :            0  Failing Endpoints,  Worst Slack        3.750ns,  Total Violation        0.000ns
---------------------------------------------------------------------------------------------------


Max Delay Paths
--------------------------------------------------------------------------------------
Slack (MET) :             5.637ns  (required time - arrival time)
  Source:                 address_reg[4]/C
                            (rising edge-triggered cell FDRE clocked by sys_clk  {rise@0.000ns fall@5.000ns period=10.000ns})
  Destination:            read_display_reg[10]/D
                            (rising edge-triggered cell FDRE clocked by sys_clk  {rise@0.000ns fall@5.000ns period=10.000ns})
  Path Group:             sys_clk
  Path Type:              Setup (Max at Slow Process Corner)
  Requirement:            10.000ns  (sys_clk rise@10.000ns - sys_clk rise@0.000ns)
  Data Path Delay:        4.341ns  (logic 1.238ns (28.517%)  route 3.103ns (71.483%))
  Logic Levels:           4  (LUT4=1 MUXF7=1 MUXF8=1 RAMS64E=1)
  Clock Path Skew:        -0.015ns (DCD - SCD + CPR)
    Destination Clock Delay (DCD):    4.848ns = ( 14.848 - 10.000 ) 
    Source Clock Delay      (SCD):    5.136ns
    Clock Pessimism Removal (CPR):    0.273ns
  Clock Uncertainty:      0.035ns  ((TSJ^2 + TIJ^2)^1/2 + DJ) / 2 + PE
    Total System Jitter     (TSJ):    0.071ns
    Total Input Jitter      (TIJ):    0.000ns
    Discrete Jitter          (DJ):    0.000ns
    Phase Error              (PE):    0.000ns

    Location             Delay type                Incr(ns)  Path(ns)    Netlist Resource(s)
  -------------------------------------------------------------------    -------------------
                         (clock sys_clk rise edge)    0.000     0.000 r  
    W5                                                0.000     0.000 r  clk (IN)
                         net (fo=0)                   0.000     0.000    clk
    W5                   IBUF (Prop_ibuf_I_O)         1.458     1.458 r  clk_IBUF_inst/O
                         net (fo=1, routed)           1.967     3.425    clk_IBUF
    BUFGCTRL_X0Y0        BUFG (Prop_bufg_I_O)         0.096     3.521 r  clk_IBUF_BUFG_inst/O
                         net (fo=148, routed)         1.615     5.136    clk_IBUF_BUFG
    SLICE_X4Y25          FDRE                                         r  address_reg[4]/C
  -------------------------------------------------------------------    -------------------
    SLICE_X4Y25          FDRE (Prop_fdre_C_Q)         0.456     5.592 r  address_reg[4]/Q
                         net (fo=65, routed)          1.962     7.554    u_data_mem/memory_reg_0_255_10_10/A4
    SLICE_X6Y32          RAMS64E (Prop_rams64e_ADR4_O)
                                                      0.124     7.678 r  u_data_mem/memory_reg_0_255_10_10/RAMS64E_D/O
                         net (fo=1, routed)           0.000     7.678    u_data_mem/memory_reg_0_255_10_10/OD
    SLICE_X6Y32          MUXF7 (Prop_muxf7_I0_O)      0.241     7.919 r  u_data_mem/memory_reg_0_255_10_10/F7.B/O
                         net (fo=1, routed)           0.000     7.919    u_data_mem/memory_reg_0_255_10_10/O0
    SLICE_X6Y32          MUXF8 (Prop_muxf8_I0_O)      0.098     8.017 r  u_data_mem/memory_reg_0_255_10_10/F8/O
                         net (fo=1, routed)           1.141     9.158    u_data_mem/memory_reg_0_255_10_10_n_0
    SLICE_X7Y31          LUT4 (Prop_lut4_I0_O)        0.319     9.477 r  u_data_mem/read_display[10]_i_1/O
                         net (fo=1, routed)           0.000     9.477    u_data_mem_n_5
    SLICE_X7Y31          FDRE                                         r  read_display_reg[10]/D
  -------------------------------------------------------------------    -------------------

                         (clock sys_clk rise edge)   10.000    10.000 r  
    W5                                                0.000    10.000 r  clk (IN)
                         net (fo=0)                   0.000    10.000    clk
    W5                   IBUF (Prop_ibuf_I_O)         1.388    11.388 r  clk_IBUF_inst/O
                         net (fo=1, routed)           1.862    13.250    clk_IBUF
    BUFGCTRL_X0Y0        BUFG (Prop_bufg_I_O)         0.091    13.341 r  clk_IBUF_BUFG_inst/O
                         net (fo=148, routed)         1.507    14.848    clk_IBUF_BUFG
    SLICE_X7Y31          FDRE                                         r  read_display_reg[10]/C
                         clock pessimism              0.273    15.121    
                         clock uncertainty           -0.035    15.086    
    SLICE_X7Y31          FDRE (Setup_fdre_C_D)        0.029    15.115    read_display_reg[10]
  -------------------------------------------------------------------
                         required time                         15.115    
                         arrival time                          -9.477    
  -------------------------------------------------------------------
                         slack                                  5.637    

Slack (MET) :             6.169ns  (required time - arrival time)
  Source:                 FSM_sequential_state_reg[1]/C
                            (rising edge-triggered cell FDRE clocked by sys_clk  {rise@0.000ns fall@5.000ns period=10.000ns})
  Destination:            writeData_reg[11]/CE
                            (rising edge-triggered cell FDRE clocked by sys_clk  {rise@0.000ns fall@5.000ns period=10.000ns})
  Path Group:             sys_clk
  Path Type:              Setup (Max at Slow Process Corner)
  Requirement:            10.000ns  (sys_clk rise@10.000ns - sys_clk rise@0.000ns)
  Data Path Delay:        3.349ns  (logic 0.670ns (20.009%)  route 2.679ns (79.991%))
  Logic Levels:           1  (LUT3=1)
  Clock Path Skew:        -0.034ns (DCD - SCD + CPR)
    Destination Clock Delay (DCD):    4.848ns = ( 14.848 - 10.000 ) 
    Source Clock Delay      (SCD):    5.142ns
    Clock Pessimism Removal (CPR):    0.260ns
  Clock Uncertainty:      0.035ns  ((TSJ^2 + TIJ^2)^1/2 + DJ) / 2 + PE
    Total System Jitter     (TSJ):    0.071ns
    Total Input Jitter      (TIJ):    0.000ns
    Discrete Jitter          (DJ):    0.000ns
    Phase Error              (PE):    0.000ns

    Location             Delay type                Incr(ns)  Path(ns)    Netlist Resource(s)
  -------------------------------------------------------------------    -------------------
                         (clock sys_clk rise edge)    0.000     0.000 r  
    W5                                                0.000     0.000 r  clk (IN)
                         net (fo=0)                   0.000     0.000    clk
    W5                   IBUF (Prop_ibuf_I_O)         1.458     1.458 r  clk_IBUF_inst/O
                         net (fo=1, routed)           1.967     3.425    clk_IBUF
    BUFGCTRL_X0Y0        BUFG (Prop_bufg_I_O)         0.096     3.521 r  clk_IBUF_BUFG_inst/O
                         net (fo=148, routed)         1.621     5.142    clk_IBUF_BUFG
    SLICE_X2Y22          FDRE                                         r  FSM_sequential_state_reg[1]/C
  -------------------------------------------------------------------    -------------------
    SLICE_X2Y22          FDRE (Prop_fdre_C_Q)         0.518     5.660 r  FSM_sequential_state_reg[1]/Q
                         net (fo=14, routed)          1.544     7.205    state__0[1]
    SLICE_X3Y25          LUT3 (Prop_lut3_I1_O)        0.152     7.357 r  writeData[15]_i_1/O
                         net (fo=16, routed)          1.134     8.491    writeData
    SLICE_X5Y31          FDRE                                         r  writeData_reg[11]/CE
  -------------------------------------------------------------------    -------------------

                         (clock sys_clk rise edge)   10.000    10.000 r  
    W5                                                0.000    10.000 r  clk (IN)
                         net (fo=0)                   0.000    10.000    clk
    W5                   IBUF (Prop_ibuf_I_O)         1.388    11.388 r  clk_IBUF_inst/O
                         net (fo=1, routed)           1.862    13.250    clk_IBUF
    BUFGCTRL_X0Y0        BUFG (Prop_bufg_I_O)         0.091    13.341 r  clk_IBUF_BUFG_inst/O
                         net (fo=148, routed)         1.507    14.848    clk_IBUF_BUFG
    SLICE_X5Y31          FDRE                                         r  writeData_reg[11]/C
                         clock pessimism              0.260    15.108    
                         clock uncertainty           -0.035    15.073    
    SLICE_X5Y31          FDRE (Setup_fdre_C_CE)      -0.413    14.660    writeData_reg[11]
  -------------------------------------------------------------------
                         required time                         14.660    
                         arrival time                          -8.491    
  -------------------------------------------------------------------
                         slack                                  6.169    

Slack (MET) :             6.169ns  (required time - arrival time)
  Source:                 FSM_sequential_state_reg[1]/C
                            (rising edge-triggered cell FDRE clocked by sys_clk  {rise@0.000ns fall@5.000ns period=10.000ns})
  Destination:            writeData_reg[12]/CE
                            (rising edge-triggered cell FDRE clocked by sys_clk  {rise@0.000ns fall@5.000ns period=10.000ns})
  Path Group:             sys_clk
  Path Type:              Setup (Max at Slow Process Corner)
  Requirement:            10.000ns  (sys_clk rise@10.000ns - sys_clk rise@0.000ns)
  Data Path Delay:        3.349ns  (logic 0.670ns (20.009%)  route 2.679ns (79.991%))
  Logic Levels:           1  (LUT3=1)
  Clock Path Skew:        -0.034ns (DCD - SCD + CPR)
    Destination Clock Delay (DCD):    4.848ns = ( 14.848 - 10.000 ) 
    Source Clock Delay      (SCD):    5.142ns
    Clock Pessimism Removal (CPR):    0.260ns
  Clock Uncertainty:      0.035ns  ((TSJ^2 + TIJ^2)^1/2 + DJ) / 2 + PE
    Total System Jitter     (TSJ):    0.071ns
    Total Input Jitter      (TIJ):    0.000ns
    Discrete Jitter          (DJ):    0.000ns
    Phase Error              (PE):    0.000ns

    Location             Delay type                Incr(ns)  Path(ns)    Netlist Resource(s)
  -------------------------------------------------------------------    -------------------
                         (clock sys_clk rise edge)    0.000     0.000 r  
    W5                                                0.000     0.000 r  clk (IN)
                         net (fo=0)                   0.000     0.000    clk
    W5                   IBUF (Prop_ibuf_I_O)         1.458     1.458 r  clk_IBUF_inst/O
                         net (fo=1, routed)           1.967     3.425    clk_IBUF
    BUFGCTRL_X0Y0        BUFG (Prop_bufg_I_O)         0.096     3.521 r  clk_IBUF_BUFG_inst/O
                         net (fo=148, routed)         1.621     5.142    clk_IBUF_BUFG
    SLICE_X2Y22          FDRE                                         r  FSM_sequential_state_reg[1]/C
  -------------------------------------------------------------------    -------------------
    SLICE_X2Y22          FDRE (Prop_fdre_C_Q)         0.518     5.660 r  FSM_sequential_state_reg[1]/Q
                         net (fo=14, routed)          1.544     7.205    state__0[1]
    SLICE_X3Y25          LUT3 (Prop_lut3_I1_O)        0.152     7.357 r  writeData[15]_i_1/O
                         net (fo=16, routed)          1.134     8.491    writeData
    SLICE_X5Y31          FDRE                                         r  writeData_reg[12]/CE
  -------------------------------------------------------------------    -------------------

                         (clock sys_clk rise edge)   10.000    10.000 r  
    W5                                                0.000    10.000 r  clk (IN)
                         net (fo=0)                   0.000    10.000    clk
    W5                   IBUF (Prop_ibuf_I_O)         1.388    11.388 r  clk_IBUF_inst/O
                         net (fo=1, routed)           1.862    13.250    clk_IBUF
    BUFGCTRL_X0Y0        BUFG (Prop_bufg_I_O)         0.091    13.341 r  clk_IBUF_BUFG_inst/O
                         net (fo=148, routed)         1.507    14.848    clk_IBUF_BUFG
    SLICE_X5Y31          FDRE                                         r  writeData_reg[12]/C
                         clock pessimism              0.260    15.108    
                         clock uncertainty           -0.035    15.073    
    SLICE_X5Y31          FDRE (Setup_fdre_C_CE)      -0.413    14.660    writeData_reg[12]
  -------------------------------------------------------------------
                         required time                         14.660    
                         arrival time                          -8.491    
  -------------------------------------------------------------------
                         slack                                  6.169    

Slack (MET) :             6.169ns  (required time - arrival time)
  Source:                 FSM_sequential_state_reg[1]/C
                            (rising edge-triggered cell FDRE clocked by sys_clk  {rise@0.000ns fall@5.000ns period=10.000ns})
  Destination:            writeData_reg[13]/CE
                            (rising edge-triggered cell FDRE clocked by sys_clk  {rise@0.000ns fall@5.000ns period=10.000ns})
  Path Group:             sys_clk
  Path Type:              Setup (Max at Slow Process Corner)
  Requirement:            10.000ns  (sys_clk rise@10.000ns - sys_clk rise@0.000ns)
  Data Path Delay:        3.349ns  (logic 0.670ns (20.009%)  route 2.679ns (79.991%))
  Logic Levels:           1  (LUT3=1)
  Clock Path Skew:        -0.034ns (DCD - SCD + CPR)
    Destination Clock Delay (DCD):    4.848ns = ( 14.848 - 10.000 ) 
    Source Clock Delay      (SCD):    5.142ns
    Clock Pessimism Removal (CPR):    0.260ns
  Clock Uncertainty:      0.035ns  ((TSJ^2 + TIJ^2)^1/2 + DJ) / 2 + PE
    Total System Jitter     (TSJ):    0.071ns
    Total Input Jitter      (TIJ):    0.000ns
    Discrete Jitter          (DJ):    0.000ns
    Phase Error              (PE):    0.000ns

    Location             Delay type                Incr(ns)  Path(ns)    Netlist Resource(s)
  -------------------------------------------------------------------    -------------------
                         (clock sys_clk rise edge)    0.000     0.000 r  
    W5                                                0.000     0.000 r  clk (IN)
                         net (fo=0)                   0.000     0.000    clk
    W5                   IBUF (Prop_ibuf_I_O)         1.458     1.458 r  clk_IBUF_inst/O
                         net (fo=1, routed)           1.967     3.425    clk_IBUF
    BUFGCTRL_X0Y0        BUFG (Prop_bufg_I_O)         0.096     3.521 r  clk_IBUF_BUFG_inst/O
                         net (fo=148, routed)         1.621     5.142    clk_IBUF_BUFG
    SLICE_X2Y22          FDRE                                         r  FSM_sequential_state_reg[1]/C
  -------------------------------------------------------------------    -------------------
    SLICE_X2Y22          FDRE (Prop_fdre_C_Q)         0.518     5.660 r  FSM_sequential_state_reg[1]/Q
                         net (fo=14, routed)          1.544     7.205    state__0[1]
    SLICE_X3Y25          LUT3 (Prop_lut3_I1_O)        0.152     7.357 r  writeData[15]_i_1/O
                         net (fo=16, routed)          1.134     8.491    writeData
    SLICE_X5Y31          FDRE                                         r  writeData_reg[13]/CE
  -------------------------------------------------------------------    -------------------

                         (clock sys_clk rise edge)   10.000    10.000 r  
    W5                                                0.000    10.000 r  clk (IN)
                         net (fo=0)                   0.000    10.000    clk
    W5                   IBUF (Prop_ibuf_I_O)         1.388    11.388 r  clk_IBUF_inst/O
                         net (fo=1, routed)           1.862    13.250    clk_IBUF
    BUFGCTRL_X0Y0        BUFG (Prop_bufg_I_O)         0.091    13.341 r  clk_IBUF_BUFG_inst/O
                         net (fo=148, routed)         1.507    14.848    clk_IBUF_BUFG
    SLICE_X5Y31          FDRE                                         r  writeData_reg[13]/C
                         clock pessimism              0.260    15.108    
                         clock uncertainty           -0.035    15.073    
    SLICE_X5Y31          FDRE (Setup_fdre_C_CE)      -0.413    14.660    writeData_reg[13]
  -------------------------------------------------------------------
                         required time                         14.660    
                         arrival time                          -8.491    
  -------------------------------------------------------------------
                         slack                                  6.169    

Slack (MET) :             6.169ns  (required time - arrival time)
  Source:                 FSM_sequential_state_reg[1]/C
                            (rising edge-triggered cell FDRE clocked by sys_clk  {rise@0.000ns fall@5.000ns period=10.000ns})
  Destination:            writeData_reg[8]/CE
                            (rising edge-triggered cell FDRE clocked by sys_clk  {rise@0.000ns fall@5.000ns period=10.000ns})
  Path Group:             sys_clk
  Path Type:              Setup (Max at Slow Process Corner)
  Requirement:            10.000ns  (sys_clk rise@10.000ns - sys_clk rise@0.000ns)
  Data Path Delay:        3.349ns  (logic 0.670ns (20.009%)  route 2.679ns (79.991%))
  Logic Levels:           1  (LUT3=1)
  Clock Path Skew:        -0.034ns (DCD - SCD + CPR)
    Destination Clock Delay (DCD):    4.848ns = ( 14.848 - 10.000 ) 
    Source Clock Delay      (SCD):    5.142ns
    Clock Pessimism Removal (CPR):    0.260ns
  Clock Uncertainty:      0.035ns  ((TSJ^2 + TIJ^2)^1/2 + DJ) / 2 + PE
    Total System Jitter     (TSJ):    0.071ns
    Total Input Jitter      (TIJ):    0.000ns
    Discrete Jitter          (DJ):    0.000ns
    Phase Error              (PE):    0.000ns

    Location             Delay type                Incr(ns)  Path(ns)    Netlist Resource(s)
  -------------------------------------------------------------------    -------------------
                         (clock sys_clk rise edge)    0.000     0.000 r  
    W5                                                0.000     0.000 r  clk (IN)
                         net (fo=0)                   0.000     0.000    clk
    W5                   IBUF (Prop_ibuf_I_O)         1.458     1.458 r  clk_IBUF_inst/O
                         net (fo=1, routed)           1.967     3.425    clk_IBUF
    BUFGCTRL_X0Y0        BUFG (Prop_bufg_I_O)         0.096     3.521 r  clk_IBUF_BUFG_inst/O
                         net (fo=148, routed)         1.621     5.142    clk_IBUF_BUFG
    SLICE_X2Y22          FDRE                                         r  FSM_sequential_state_reg[1]/C
  -------------------------------------------------------------------    -------------------
    SLICE_X2Y22          FDRE (Prop_fdre_C_Q)         0.518     5.660 r  FSM_sequential_state_reg[1]/Q
                         net (fo=14, routed)          1.544     7.205    state__0[1]
    SLICE_X3Y25          LUT3 (Prop_lut3_I1_O)        0.152     7.357 r  writeData[15]_i_1/O
                         net (fo=16, routed)          1.134     8.491    writeData
    SLICE_X5Y31          FDRE                                         r  writeData_reg[8]/CE
  -------------------------------------------------------------------    -------------------

                         (clock sys_clk rise edge)   10.000    10.000 r  
    W5                                                0.000    10.000 r  clk (IN)
                         net (fo=0)                   0.000    10.000    clk
    W5                   IBUF (Prop_ibuf_I_O)         1.388    11.388 r  clk_IBUF_inst/O
                         net (fo=1, routed)           1.862    13.250    clk_IBUF
    BUFGCTRL_X0Y0        BUFG (Prop_bufg_I_O)         0.091    13.341 r  clk_IBUF_BUFG_inst/O
                         net (fo=148, routed)         1.507    14.848    clk_IBUF_BUFG
    SLICE_X5Y31          FDRE                                         r  writeData_reg[8]/C
                         clock pessimism              0.260    15.108    
                         clock uncertainty           -0.035    15.073    
    SLICE_X5Y31          FDRE (Setup_fdre_C_CE)      -0.413    14.660    writeData_reg[8]
  -------------------------------------------------------------------
                         required time                         14.660    
                         arrival time                          -8.491    
  -------------------------------------------------------------------
                         slack                                  6.169    

Slack (MET) :             6.169ns  (required time - arrival time)
  Source:                 FSM_sequential_state_reg[1]/C
                            (rising edge-triggered cell FDRE clocked by sys_clk  {rise@0.000ns fall@5.000ns period=10.000ns})
  Destination:            writeData_reg[9]/CE
                            (rising edge-triggered cell FDRE clocked by sys_clk  {rise@0.000ns fall@5.000ns period=10.000ns})
  Path Group:             sys_clk
  Path Type:              Setup (Max at Slow Process Corner)
  Requirement:            10.000ns  (sys_clk rise@10.000ns - sys_clk rise@0.000ns)
  Data Path Delay:        3.349ns  (logic 0.670ns (20.009%)  route 2.679ns (79.991%))
  Logic Levels:           1  (LUT3=1)
  Clock Path Skew:        -0.034ns (DCD - SCD + CPR)
    Destination Clock Delay (DCD):    4.848ns = ( 14.848 - 10.000 ) 
    Source Clock Delay      (SCD):    5.142ns
    Clock Pessimism Removal (CPR):    0.260ns
  Clock Uncertainty:      0.035ns  ((TSJ^2 + TIJ^2)^1/2 + DJ) / 2 + PE
    Total System Jitter     (TSJ):    0.071ns
    Total Input Jitter      (TIJ):    0.000ns
    Discrete Jitter          (DJ):    0.000ns
    Phase Error              (PE):    0.000ns

    Location             Delay type                Incr(ns)  Path(ns)    Netlist Resource(s)
  -------------------------------------------------------------------    -------------------
                         (clock sys_clk rise edge)    0.000     0.000 r  
    W5                                                0.000     0.000 r  clk (IN)
                         net (fo=0)                   0.000     0.000    clk
    W5                   IBUF (Prop_ibuf_I_O)         1.458     1.458 r  clk_IBUF_inst/O
                         net (fo=1, routed)           1.967     3.425    clk_IBUF
    BUFGCTRL_X0Y0        BUFG (Prop_bufg_I_O)         0.096     3.521 r  clk_IBUF_BUFG_inst/O
                         net (fo=148, routed)         1.621     5.142    clk_IBUF_BUFG
    SLICE_X2Y22          FDRE                                         r  FSM_sequential_state_reg[1]/C
  -------------------------------------------------------------------    -------------------
    SLICE_X2Y22          FDRE (Prop_fdre_C_Q)         0.518     5.660 r  FSM_sequential_state_reg[1]/Q
                         net (fo=14, routed)          1.544     7.205    state__0[1]
    SLICE_X3Y25          LUT3 (Prop_lut3_I1_O)        0.152     7.357 r  writeData[15]_i_1/O
                         net (fo=16, routed)          1.134     8.491    writeData
    SLICE_X5Y31          FDRE                                         r  writeData_reg[9]/CE
  -------------------------------------------------------------------    -------------------

                         (clock sys_clk rise edge)   10.000    10.000 r  
    W5                                                0.000    10.000 r  clk (IN)
                         net (fo=0)                   0.000    10.000    clk
    W5                   IBUF (Prop_ibuf_I_O)         1.388    11.388 r  clk_IBUF_inst/O
                         net (fo=1, routed)           1.862    13.250    clk_IBUF
    BUFGCTRL_X0Y0        BUFG (Prop_bufg_I_O)         0.091    13.341 r  clk_IBUF_BUFG_inst/O
                         net (fo=148, routed)         1.507    14.848    clk_IBUF_BUFG
    SLICE_X5Y31          FDRE                                         r  writeData_reg[9]/C
                         clock pessimism              0.260    15.108    
                         clock uncertainty           -0.035    15.073    
    SLICE_X5Y31          FDRE (Setup_fdre_C_CE)      -0.413    14.660    writeData_reg[9]
  -------------------------------------------------------------------
                         required time                         14.660    
                         arrival time                          -8.491    
  -------------------------------------------------------------------
                         slack                                  6.169    

Slack (MET) :             6.171ns  (required time - arrival time)
  Source:                 FSM_sequential_state_reg[1]/C
                            (rising edge-triggered cell FDRE clocked by sys_clk  {rise@0.000ns fall@5.000ns period=10.000ns})
  Destination:            writeData_reg[10]/CE
                            (rising edge-triggered cell FDRE clocked by sys_clk  {rise@0.000ns fall@5.000ns period=10.000ns})
  Path Group:             sys_clk
  Path Type:              Setup (Max at Slow Process Corner)
  Requirement:            10.000ns  (sys_clk rise@10.000ns - sys_clk rise@0.000ns)
  Data Path Delay:        3.349ns  (logic 0.670ns (20.008%)  route 2.679ns (79.992%))
  Logic Levels:           1  (LUT3=1)
  Clock Path Skew:        -0.032ns (DCD - SCD + CPR)
    Destination Clock Delay (DCD):    4.850ns = ( 14.850 - 10.000 ) 
    Source Clock Delay      (SCD):    5.142ns
    Clock Pessimism Removal (CPR):    0.260ns
  Clock Uncertainty:      0.035ns  ((TSJ^2 + TIJ^2)^1/2 + DJ) / 2 + PE
    Total System Jitter     (TSJ):    0.071ns
    Total Input Jitter      (TIJ):    0.000ns
    Discrete Jitter          (DJ):    0.000ns
    Phase Error              (PE):    0.000ns

    Location             Delay type                Incr(ns)  Path(ns)    Netlist Resource(s)
  -------------------------------------------------------------------    -------------------
                         (clock sys_clk rise edge)    0.000     0.000 r  
    W5                                                0.000     0.000 r  clk (IN)
                         net (fo=0)                   0.000     0.000    clk
    W5                   IBUF (Prop_ibuf_I_O)         1.458     1.458 r  clk_IBUF_inst/O
                         net (fo=1, routed)           1.967     3.425    clk_IBUF
    BUFGCTRL_X0Y0        BUFG (Prop_bufg_I_O)         0.096     3.521 r  clk_IBUF_BUFG_inst/O
                         net (fo=148, routed)         1.621     5.142    clk_IBUF_BUFG
    SLICE_X2Y22          FDRE                                         r  FSM_sequential_state_reg[1]/C
  -------------------------------------------------------------------    -------------------
    SLICE_X2Y22          FDRE (Prop_fdre_C_Q)         0.518     5.660 r  FSM_sequential_state_reg[1]/Q
                         net (fo=14, routed)          1.544     7.205    state__0[1]
    SLICE_X3Y25          LUT3 (Prop_lut3_I1_O)        0.152     7.357 r  writeData[15]_i_1/O
                         net (fo=16, routed)          1.134     8.491    writeData
    SLICE_X5Y32          FDRE                                         r  writeData_reg[10]/CE
  -------------------------------------------------------------------    -------------------

                         (clock sys_clk rise edge)   10.000    10.000 r  
    W5                                                0.000    10.000 r  clk (IN)
                         net (fo=0)                   0.000    10.000    clk
    W5                   IBUF (Prop_ibuf_I_O)         1.388    11.388 r  clk_IBUF_inst/O
                         net (fo=1, routed)           1.862    13.250    clk_IBUF
    BUFGCTRL_X0Y0        BUFG (Prop_bufg_I_O)         0.091    13.341 r  clk_IBUF_BUFG_inst/O
                         net (fo=148, routed)         1.509    14.850    clk_IBUF_BUFG
    SLICE_X5Y32          FDRE                                         r  writeData_reg[10]/C
                         clock pessimism              0.260    15.110    
                         clock uncertainty           -0.035    15.075    
    SLICE_X5Y32          FDRE (Setup_fdre_C_CE)      -0.413    14.662    writeData_reg[10]
  -------------------------------------------------------------------
                         required time                         14.662    
                         arrival time                          -8.491    
  -------------------------------------------------------------------
                         slack                                  6.171    

Slack (MET) :             6.350ns  (required time - arrival time)
  Source:                 FSM_sequential_state_reg[1]/C
                            (rising edge-triggered cell FDRE clocked by sys_clk  {rise@0.000ns fall@5.000ns period=10.000ns})
  Destination:            writeData_reg[1]/CE
                            (rising edge-triggered cell FDRE clocked by sys_clk  {rise@0.000ns fall@5.000ns period=10.000ns})
  Path Group:             sys_clk
  Path Type:              Setup (Max at Slow Process Corner)
  Requirement:            10.000ns  (sys_clk rise@10.000ns - sys_clk rise@0.000ns)
  Data Path Delay:        3.169ns  (logic 0.670ns (21.142%)  route 2.499ns (78.858%))
  Logic Levels:           1  (LUT3=1)
  Clock Path Skew:        -0.033ns (DCD - SCD + CPR)
    Destination Clock Delay (DCD):    4.849ns = ( 14.849 - 10.000 ) 
    Source Clock Delay      (SCD):    5.142ns
    Clock Pessimism Removal (CPR):    0.260ns
  Clock Uncertainty:      0.035ns  ((TSJ^2 + TIJ^2)^1/2 + DJ) / 2 + PE
    Total System Jitter     (TSJ):    0.071ns
    Total Input Jitter      (TIJ):    0.000ns
    Discrete Jitter          (DJ):    0.000ns
    Phase Error              (PE):    0.000ns

    Location             Delay type                Incr(ns)  Path(ns)    Netlist Resource(s)
  -------------------------------------------------------------------    -------------------
                         (clock sys_clk rise edge)    0.000     0.000 r  
    W5                                                0.000     0.000 r  clk (IN)
                         net (fo=0)                   0.000     0.000    clk
    W5                   IBUF (Prop_ibuf_I_O)         1.458     1.458 r  clk_IBUF_inst/O
                         net (fo=1, routed)           1.967     3.425    clk_IBUF
    BUFGCTRL_X0Y0        BUFG (Prop_bufg_I_O)         0.096     3.521 r  clk_IBUF_BUFG_inst/O
                         net (fo=148, routed)         1.621     5.142    clk_IBUF_BUFG
    SLICE_X2Y22          FDRE                                         r  FSM_sequential_state_reg[1]/C
  -------------------------------------------------------------------    -------------------
    SLICE_X2Y22          FDRE (Prop_fdre_C_Q)         0.518     5.660 r  FSM_sequential_state_reg[1]/Q
                         net (fo=14, routed)          1.544     7.205    state__0[1]
    SLICE_X3Y25          LUT3 (Prop_lut3_I1_O)        0.152     7.357 r  writeData[15]_i_1/O
                         net (fo=16, routed)          0.955     8.311    writeData
    SLICE_X3Y29          FDRE                                         r  writeData_reg[1]/CE
  -------------------------------------------------------------------    -------------------

                         (clock sys_clk rise edge)   10.000    10.000 r  
    W5                                                0.000    10.000 r  clk (IN)
                         net (fo=0)                   0.000    10.000    clk
    W5                   IBUF (Prop_ibuf_I_O)         1.388    11.388 r  clk_IBUF_inst/O
                         net (fo=1, routed)           1.862    13.250    clk_IBUF
    BUFGCTRL_X0Y0        BUFG (Prop_bufg_I_O)         0.091    13.341 r  clk_IBUF_BUFG_inst/O
                         net (fo=148, routed)         1.508    14.849    clk_IBUF_BUFG
    SLICE_X3Y29          FDRE                                         r  writeData_reg[1]/C
                         clock pessimism              0.260    15.109    
                         clock uncertainty           -0.035    15.074    
    SLICE_X3Y29          FDRE (Setup_fdre_C_CE)      -0.413    14.661    writeData_reg[1]
  -------------------------------------------------------------------
                         required time                         14.661    
                         arrival time                          -8.311    
  -------------------------------------------------------------------
                         slack                                  6.350    

Slack (MET) :             6.368ns  (required time - arrival time)
  Source:                 address_reg[4]/C
                            (rising edge-triggered cell FDRE clocked by sys_clk  {rise@0.000ns fall@5.000ns period=10.000ns})
  Destination:            read_display_reg[0]/D
                            (rising edge-triggered cell FDRE clocked by sys_clk  {rise@0.000ns fall@5.000ns period=10.000ns})
  Path Group:             sys_clk
  Path Type:              Setup (Max at Slow Process Corner)
  Requirement:            10.000ns  (sys_clk rise@10.000ns - sys_clk rise@0.000ns)
  Data Path Delay:        3.599ns  (logic 1.238ns (34.398%)  route 2.361ns (65.602%))
  Logic Levels:           4  (LUT4=1 MUXF7=1 MUXF8=1 RAMS64E=1)
  Clock Path Skew:        -0.027ns (DCD - SCD + CPR)
    Destination Clock Delay (DCD):    4.849ns = ( 14.849 - 10.000 ) 
    Source Clock Delay      (SCD):    5.136ns
    Clock Pessimism Removal (CPR):    0.260ns
  Clock Uncertainty:      0.035ns  ((TSJ^2 + TIJ^2)^1/2 + DJ) / 2 + PE
    Total System Jitter     (TSJ):    0.071ns
    Total Input Jitter      (TIJ):    0.000ns
    Discrete Jitter          (DJ):    0.000ns
    Phase Error              (PE):    0.000ns

    Location             Delay type                Incr(ns)  Path(ns)    Netlist Resource(s)
  -------------------------------------------------------------------    -------------------
                         (clock sys_clk rise edge)    0.000     0.000 r  
    W5                                                0.000     0.000 r  clk (IN)
                         net (fo=0)                   0.000     0.000    clk
    W5                   IBUF (Prop_ibuf_I_O)         1.458     1.458 r  clk_IBUF_inst/O
                         net (fo=1, routed)           1.967     3.425    clk_IBUF
    BUFGCTRL_X0Y0        BUFG (Prop_bufg_I_O)         0.096     3.521 r  clk_IBUF_BUFG_inst/O
                         net (fo=148, routed)         1.615     5.136    clk_IBUF_BUFG
    SLICE_X4Y25          FDRE                                         r  address_reg[4]/C
  -------------------------------------------------------------------    -------------------
    SLICE_X4Y25          FDRE (Prop_fdre_C_Q)         0.456     5.592 r  address_reg[4]/Q
                         net (fo=65, routed)          1.810     7.402    u_data_mem/memory_reg_0_255_0_0/A4
    SLICE_X2Y32          RAMS64E (Prop_rams64e_ADR4_O)
                                                      0.124     7.526 r  u_data_mem/memory_reg_0_255_0_0/RAMS64E_D/O
                         net (fo=1, routed)           0.000     7.526    u_data_mem/memory_reg_0_255_0_0/OD
    SLICE_X2Y32          MUXF7 (Prop_muxf7_I0_O)      0.241     7.767 r  u_data_mem/memory_reg_0_255_0_0/F7.B/O
                         net (fo=1, routed)           0.000     7.767    u_data_mem/memory_reg_0_255_0_0/O0
    SLICE_X2Y32          MUXF8 (Prop_muxf8_I0_O)      0.098     7.865 r  u_data_mem/memory_reg_0_255_0_0/F8/O
                         net (fo=1, routed)           0.551     8.416    u_data_mem/memory_reg_0_255_0_0_n_0
    SLICE_X3Y30          LUT4 (Prop_lut4_I0_O)        0.319     8.735 r  u_data_mem/read_display[0]_i_1/O
                         net (fo=1, routed)           0.000     8.735    u_data_mem_n_15
    SLICE_X3Y30          FDRE                                         r  read_display_reg[0]/D
  -------------------------------------------------------------------    -------------------

                         (clock sys_clk rise edge)   10.000    10.000 r  
    W5                                                0.000    10.000 r  clk (IN)
                         net (fo=0)                   0.000    10.000    clk
    W5                   IBUF (Prop_ibuf_I_O)         1.388    11.388 r  clk_IBUF_inst/O
                         net (fo=1, routed)           1.862    13.250    clk_IBUF
    BUFGCTRL_X0Y0        BUFG (Prop_bufg_I_O)         0.091    13.341 r  clk_IBUF_BUFG_inst/O
                         net (fo=148, routed)         1.508    14.849    clk_IBUF_BUFG
    SLICE_X3Y30          FDRE                                         r  read_display_reg[0]/C
                         clock pessimism              0.260    15.109    
                         clock uncertainty           -0.035    15.074    
    SLICE_X3Y30          FDRE (Setup_fdre_C_D)        0.029    15.103    read_display_reg[0]
  -------------------------------------------------------------------
                         required time                         15.103    
                         arrival time                          -8.735    
  -------------------------------------------------------------------
                         slack                                  6.368    

Slack (MET) :             6.460ns  (required time - arrival time)
  Source:                 FSM_sequential_state_reg[1]/C
                            (rising edge-triggered cell FDRE clocked by sys_clk  {rise@0.000ns fall@5.000ns period=10.000ns})
  Destination:            writeData_reg[14]/CE
                            (rising edge-triggered cell FDRE clocked by sys_clk  {rise@0.000ns fall@5.000ns period=10.000ns})
  Path Group:             sys_clk
  Path Type:              Setup (Max at Slow Process Corner)
  Requirement:            10.000ns  (sys_clk rise@10.000ns - sys_clk rise@0.000ns)
  Data Path Delay:        3.055ns  (logic 0.670ns (21.928%)  route 2.385ns (78.072%))
  Logic Levels:           1  (LUT3=1)
  Clock Path Skew:        -0.036ns (DCD - SCD + CPR)
    Destination Clock Delay (DCD):    4.846ns = ( 14.846 - 10.000 ) 
    Source Clock Delay      (SCD):    5.142ns
    Clock Pessimism Removal (CPR):    0.260ns
  Clock Uncertainty:      0.035ns  ((TSJ^2 + TIJ^2)^1/2 + DJ) / 2 + PE
    Total System Jitter     (TSJ):    0.071ns
    Total Input Jitter      (TIJ):    0.000ns
    Discrete Jitter          (DJ):    0.000ns
    Phase Error              (PE):    0.000ns

    Location             Delay type                Incr(ns)  Path(ns)    Netlist Resource(s)
  -------------------------------------------------------------------    -------------------
                         (clock sys_clk rise edge)    0.000     0.000 r  
    W5                                                0.000     0.000 r  clk (IN)
                         net (fo=0)                   0.000     0.000    clk
    W5                   IBUF (Prop_ibuf_I_O)         1.458     1.458 r  clk_IBUF_inst/O
                         net (fo=1, routed)           1.967     3.425    clk_IBUF
    BUFGCTRL_X0Y0        BUFG (Prop_bufg_I_O)         0.096     3.521 r  clk_IBUF_BUFG_inst/O
                         net (fo=148, routed)         1.621     5.142    clk_IBUF_BUFG
    SLICE_X2Y22          FDRE                                         r  FSM_sequential_state_reg[1]/C
  -------------------------------------------------------------------    -------------------
    SLICE_X2Y22          FDRE (Prop_fdre_C_Q)         0.518     5.660 r  FSM_sequential_state_reg[1]/Q
                         net (fo=14, routed)          1.544     7.205    state__0[1]
    SLICE_X3Y25          LUT3 (Prop_lut3_I1_O)        0.152     7.357 r  writeData[15]_i_1/O
                         net (fo=16, routed)          0.841     8.198    writeData
    SLICE_X5Y28          FDRE                                         r  writeData_reg[14]/CE
  -------------------------------------------------------------------    -------------------

                         (clock sys_clk rise edge)   10.000    10.000 r  
    W5                                                0.000    10.000 r  clk (IN)
                         net (fo=0)                   0.000    10.000    clk
    W5                   IBUF (Prop_ibuf_I_O)         1.388    11.388 r  clk_IBUF_inst/O
                         net (fo=1, routed)           1.862    13.250    clk_IBUF
    BUFGCTRL_X0Y0        BUFG (Prop_bufg_I_O)         0.091    13.341 r  clk_IBUF_BUFG_inst/O
                         net (fo=148, routed)         1.505    14.846    clk_IBUF_BUFG
    SLICE_X5Y28          FDRE                                         r  writeData_reg[14]/C
                         clock pessimism              0.260    15.106    
                         clock uncertainty           -0.035    15.071    
    SLICE_X5Y28          FDRE (Setup_fdre_C_CE)      -0.413    14.658    writeData_reg[14]
  -------------------------------------------------------------------
                         required time                         14.658    
                         arrival time                          -8.198    
  -------------------------------------------------------------------
                         slack                                  6.460    





Min Delay Paths
--------------------------------------------------------------------------------------
Slack (MET) :             0.086ns  (arrival time - required time)
  Source:                 writeData_reg[11]/C
                            (rising edge-triggered cell FDRE clocked by sys_clk  {rise@0.000ns fall@5.000ns period=10.000ns})
  Destination:            u_data_mem/memory_reg_0_255_11_11/RAMS64E_D/I
                            (rising edge-triggered cell RAMS64E clocked by sys_clk  {rise@0.000ns fall@5.000ns period=10.000ns})
  Path Group:             sys_clk
  Path Type:              Hold (Min at Fast Process Corner)
  Requirement:            0.000ns  (sys_clk rise@0.000ns - sys_clk rise@0.000ns)
  Data Path Delay:        0.267ns  (logic 0.141ns (52.788%)  route 0.126ns (47.212%))
  Logic Levels:           0  
  Clock Path Skew:        0.037ns (DCD - SCD - CPR)
    Destination Clock Delay (DCD):    1.984ns
    Source Clock Delay      (SCD):    1.469ns
    Clock Pessimism Removal (CPR):    0.478ns

    Location             Delay type                Incr(ns)  Path(ns)    Netlist Resource(s)
  -------------------------------------------------------------------    -------------------
                         (clock sys_clk rise edge)    0.000     0.000 r  
    W5                                                0.000     0.000 r  clk (IN)
                         net (fo=0)                   0.000     0.000    clk
    W5                   IBUF (Prop_ibuf_I_O)         0.226     0.226 r  clk_IBUF_inst/O
                         net (fo=1, routed)           0.631     0.858    clk_IBUF
    BUFGCTRL_X0Y0        BUFG (Prop_bufg_I_O)         0.026     0.884 r  clk_IBUF_BUFG_inst/O
                         net (fo=148, routed)         0.586     1.469    clk_IBUF_BUFG
    SLICE_X5Y31          FDRE                                         r  writeData_reg[11]/C
  -------------------------------------------------------------------    -------------------
    SLICE_X5Y31          FDRE (Prop_fdre_C_Q)         0.141     1.610 r  writeData_reg[11]/Q
                         net (fo=5, routed)           0.126     1.736    u_data_mem/memory_reg_0_255_11_11/D
    SLICE_X2Y31          RAMS64E                                      r  u_data_mem/memory_reg_0_255_11_11/RAMS64E_D/I
  -------------------------------------------------------------------    -------------------

                         (clock sys_clk rise edge)    0.000     0.000 r  
    W5                                                0.000     0.000 r  clk (IN)
                         net (fo=0)                   0.000     0.000    clk
    W5                   IBUF (Prop_ibuf_I_O)         0.414     0.414 r  clk_IBUF_inst/O
                         net (fo=1, routed)           0.685     1.099    clk_IBUF
    BUFGCTRL_X0Y0        BUFG (Prop_bufg_I_O)         0.029     1.128 r  clk_IBUF_BUFG_inst/O
                         net (fo=148, routed)         0.857     1.984    u_data_mem/memory_reg_0_255_11_11/WCLK
    SLICE_X2Y31          RAMS64E                                      r  u_data_mem/memory_reg_0_255_11_11/RAMS64E_D/CLK
                         clock pessimism             -0.478     1.506    
    SLICE_X2Y31          RAMS64E (Hold_rams64e_CLK_I)
                                                      0.144     1.650    u_data_mem/memory_reg_0_255_11_11/RAMS64E_D
  -------------------------------------------------------------------
                         required time                         -1.650    
                         arrival time                           1.736    
  -------------------------------------------------------------------
                         slack                                  0.086    

Slack (MET) :             0.087ns  (arrival time - required time)
  Source:                 writeData_reg[14]/C
                            (rising edge-triggered cell FDRE clocked by sys_clk  {rise@0.000ns fall@5.000ns period=10.000ns})
  Destination:            u_data_mem/memory_reg_0_255_14_14/RAMS64E_D/I
                            (rising edge-triggered cell RAMS64E clocked by sys_clk  {rise@0.000ns fall@5.000ns period=10.000ns})
  Path Group:             sys_clk
  Path Type:              Hold (Min at Fast Process Corner)
  Requirement:            0.000ns  (sys_clk rise@0.000ns - sys_clk rise@0.000ns)
  Data Path Delay:        0.268ns  (logic 0.141ns (52.567%)  route 0.127ns (47.433%))
  Logic Levels:           0  
  Clock Path Skew:        0.037ns (DCD - SCD - CPR)
    Destination Clock Delay (DCD):    1.981ns
    Source Clock Delay      (SCD):    1.466ns
    Clock Pessimism Removal (CPR):    0.478ns

    Location             Delay type                Incr(ns)  Path(ns)    Netlist Resource(s)
  -------------------------------------------------------------------    -------------------
                         (clock sys_clk rise edge)    0.000     0.000 r  
    W5                                                0.000     0.000 r  clk (IN)
                         net (fo=0)                   0.000     0.000    clk
    W5                   IBUF (Prop_ibuf_I_O)         0.226     0.226 r  clk_IBUF_inst/O
                         net (fo=1, routed)           0.631     0.858    clk_IBUF
    BUFGCTRL_X0Y0        BUFG (Prop_bufg_I_O)         0.026     0.884 r  clk_IBUF_BUFG_inst/O
                         net (fo=148, routed)         0.583     1.466    clk_IBUF_BUFG
    SLICE_X5Y28          FDRE                                         r  writeData_reg[14]/C
  -------------------------------------------------------------------    -------------------
    SLICE_X5Y28          FDRE (Prop_fdre_C_Q)         0.141     1.607 r  writeData_reg[14]/Q
                         net (fo=5, routed)           0.127     1.734    u_data_mem/memory_reg_0_255_14_14/D
    SLICE_X2Y28          RAMS64E                                      r  u_data_mem/memory_reg_0_255_14_14/RAMS64E_D/I
  -------------------------------------------------------------------    -------------------

                         (clock sys_clk rise edge)    0.000     0.000 r  
    W5                                                0.000     0.000 r  clk (IN)
                         net (fo=0)                   0.000     0.000    clk
    W5                   IBUF (Prop_ibuf_I_O)         0.414     0.414 r  clk_IBUF_inst/O
                         net (fo=1, routed)           0.685     1.099    clk_IBUF
    BUFGCTRL_X0Y0        BUFG (Prop_bufg_I_O)         0.029     1.128 r  clk_IBUF_BUFG_inst/O
                         net (fo=148, routed)         0.854     1.981    u_data_mem/memory_reg_0_255_14_14/WCLK
    SLICE_X2Y28          RAMS64E                                      r  u_data_mem/memory_reg_0_255_14_14/RAMS64E_D/CLK
                         clock pessimism             -0.478     1.503    
    SLICE_X2Y28          RAMS64E (Hold_rams64e_CLK_I)
                                                      0.144     1.647    u_data_mem/memory_reg_0_255_14_14/RAMS64E_D
  -------------------------------------------------------------------
                         required time                         -1.647    
                         arrival time                           1.734    
  -------------------------------------------------------------------
                         slack                                  0.087    

Slack (MET) :             0.125ns  (arrival time - required time)
  Source:                 writeData_reg[11]/C
                            (rising edge-triggered cell FDRE clocked by sys_clk  {rise@0.000ns fall@5.000ns period=10.000ns})
  Destination:            u_data_mem/memory_reg_0_255_11_11/RAMS64E_B/I
                            (rising edge-triggered cell RAMS64E clocked by sys_clk  {rise@0.000ns fall@5.000ns period=10.000ns})
  Path Group:             sys_clk
  Path Type:              Hold (Min at Fast Process Corner)
  Requirement:            0.000ns  (sys_clk rise@0.000ns - sys_clk rise@0.000ns)
  Data Path Delay:        0.267ns  (logic 0.141ns (52.788%)  route 0.126ns (47.212%))
  Logic Levels:           0  
  Clock Path Skew:        0.037ns (DCD - SCD - CPR)
    Destination Clock Delay (DCD):    1.984ns
    Source Clock Delay      (SCD):    1.469ns
    Clock Pessimism Removal (CPR):    0.478ns

    Location             Delay type                Incr(ns)  Path(ns)    Netlist Resource(s)
  -------------------------------------------------------------------    -------------------
                         (clock sys_clk rise edge)    0.000     0.000 r  
    W5                                                0.000     0.000 r  clk (IN)
                         net (fo=0)                   0.000     0.000    clk
    W5                   IBUF (Prop_ibuf_I_O)         0.226     0.226 r  clk_IBUF_inst/O
                         net (fo=1, routed)           0.631     0.858    clk_IBUF
    BUFGCTRL_X0Y0        BUFG (Prop_bufg_I_O)         0.026     0.884 r  clk_IBUF_BUFG_inst/O
                         net (fo=148, routed)         0.586     1.469    clk_IBUF_BUFG
    SLICE_X5Y31          FDRE                                         r  writeData_reg[11]/C
  -------------------------------------------------------------------    -------------------
    SLICE_X5Y31          FDRE (Prop_fdre_C_Q)         0.141     1.610 r  writeData_reg[11]/Q
                         net (fo=5, routed)           0.126     1.736    u_data_mem/memory_reg_0_255_11_11/D
    SLICE_X2Y31          RAMS64E                                      r  u_data_mem/memory_reg_0_255_11_11/RAMS64E_B/I
  -------------------------------------------------------------------    -------------------

                         (clock sys_clk rise edge)    0.000     0.000 r  
    W5                                                0.000     0.000 r  clk (IN)
                         net (fo=0)                   0.000     0.000    clk
    W5                   IBUF (Prop_ibuf_I_O)         0.414     0.414 r  clk_IBUF_inst/O
                         net (fo=1, routed)           0.685     1.099    clk_IBUF
    BUFGCTRL_X0Y0        BUFG (Prop_bufg_I_O)         0.029     1.128 r  clk_IBUF_BUFG_inst/O
                         net (fo=148, routed)         0.857     1.984    u_data_mem/memory_reg_0_255_11_11/WCLK
    SLICE_X2Y31          RAMS64E                                      r  u_data_mem/memory_reg_0_255_11_11/RAMS64E_B/CLK
                         clock pessimism             -0.478     1.506    
    SLICE_X2Y31          RAMS64E (Hold_rams64e_CLK_I)
                                                      0.105     1.611    u_data_mem/memory_reg_0_255_11_11/RAMS64E_B
  -------------------------------------------------------------------
                         required time                         -1.611    
                         arrival time                           1.736    
  -------------------------------------------------------------------
                         slack                                  0.125    

Slack (MET) :             0.126ns  (arrival time - required time)
  Source:                 writeData_reg[14]/C
                            (rising edge-triggered cell FDRE clocked by sys_clk  {rise@0.000ns fall@5.000ns period=10.000ns})
  Destination:            u_data_mem/memory_reg_0_255_14_14/RAMS64E_B/I
                            (rising edge-triggered cell RAMS64E clocked by sys_clk  {rise@0.000ns fall@5.000ns period=10.000ns})
  Path Group:             sys_clk
  Path Type:              Hold (Min at Fast Process Corner)
  Requirement:            0.000ns  (sys_clk rise@0.000ns - sys_clk rise@0.000ns)
  Data Path Delay:        0.268ns  (logic 0.141ns (52.567%)  route 0.127ns (47.433%))
  Logic Levels:           0  
  Clock Path Skew:        0.037ns (DCD - SCD - CPR)
    Destination Clock Delay (DCD):    1.981ns
    Source Clock Delay      (SCD):    1.466ns
    Clock Pessimism Removal (CPR):    0.478ns

    Location             Delay type                Incr(ns)  Path(ns)    Netlist Resource(s)
  -------------------------------------------------------------------    -------------------
                         (clock sys_clk rise edge)    0.000     0.000 r  
    W5                                                0.000     0.000 r  clk (IN)
                         net (fo=0)                   0.000     0.000    clk
    W5                   IBUF (Prop_ibuf_I_O)         0.226     0.226 r  clk_IBUF_inst/O
                         net (fo=1, routed)           0.631     0.858    clk_IBUF
    BUFGCTRL_X0Y0        BUFG (Prop_bufg_I_O)         0.026     0.884 r  clk_IBUF_BUFG_inst/O
                         net (fo=148, routed)         0.583     1.466    clk_IBUF_BUFG
    SLICE_X5Y28          FDRE                                         r  writeData_reg[14]/C
  -------------------------------------------------------------------    -------------------
    SLICE_X5Y28          FDRE (Prop_fdre_C_Q)         0.141     1.607 r  writeData_reg[14]/Q
                         net (fo=5, routed)           0.127     1.734    u_data_mem/memory_reg_0_255_14_14/D
    SLICE_X2Y28          RAMS64E                                      r  u_data_mem/memory_reg_0_255_14_14/RAMS64E_B/I
  -------------------------------------------------------------------    -------------------

                         (clock sys_clk rise edge)    0.000     0.000 r  
    W5                                                0.000     0.000 r  clk (IN)
                         net (fo=0)                   0.000     0.000    clk
    W5                   IBUF (Prop_ibuf_I_O)         0.414     0.414 r  clk_IBUF_inst/O
                         net (fo=1, routed)           0.685     1.099    clk_IBUF
    BUFGCTRL_X0Y0        BUFG (Prop_bufg_I_O)         0.029     1.128 r  clk_IBUF_BUFG_inst/O
                         net (fo=148, routed)         0.854     1.981    u_data_mem/memory_reg_0_255_14_14/WCLK
    SLICE_X2Y28          RAMS64E                                      r  u_data_mem/memory_reg_0_255_14_14/RAMS64E_B/CLK
                         clock pessimism             -0.478     1.503    
    SLICE_X2Y28          RAMS64E (Hold_rams64e_CLK_I)
                                                      0.105     1.608    u_data_mem/memory_reg_0_255_14_14/RAMS64E_B
  -------------------------------------------------------------------
                         required time                         -1.608    
                         arrival time                           1.734    
  -------------------------------------------------------------------
                         slack                                  0.126    

Slack (MET) :             0.129ns  (arrival time - required time)
  Source:                 writeData_reg[11]/C
                            (rising edge-triggered cell FDRE clocked by sys_clk  {rise@0.000ns fall@5.000ns period=10.000ns})
  Destination:            u_data_mem/memory_reg_0_255_11_11/RAMS64E_C/I
                            (rising edge-triggered cell RAMS64E clocked by sys_clk  {rise@0.000ns fall@5.000ns period=10.000ns})
  Path Group:             sys_clk
  Path Type:              Hold (Min at Fast Process Corner)
  Requirement:            0.000ns  (sys_clk rise@0.000ns - sys_clk rise@0.000ns)
  Data Path Delay:        0.267ns  (logic 0.141ns (52.788%)  route 0.126ns (47.212%))
  Logic Levels:           0  
  Clock Path Skew:        0.037ns (DCD - SCD - CPR)
    Destination Clock Delay (DCD):    1.984ns
    Source Clock Delay      (SCD):    1.469ns
    Clock Pessimism Removal (CPR):    0.478ns

    Location             Delay type                Incr(ns)  Path(ns)    Netlist Resource(s)
  -------------------------------------------------------------------    -------------------
                         (clock sys_clk rise edge)    0.000     0.000 r  
    W5                                                0.000     0.000 r  clk (IN)
                         net (fo=0)                   0.000     0.000    clk
    W5                   IBUF (Prop_ibuf_I_O)         0.226     0.226 r  clk_IBUF_inst/O
                         net (fo=1, routed)           0.631     0.858    clk_IBUF
    BUFGCTRL_X0Y0        BUFG (Prop_bufg_I_O)         0.026     0.884 r  clk_IBUF_BUFG_inst/O
                         net (fo=148, routed)         0.586     1.469    clk_IBUF_BUFG
    SLICE_X5Y31          FDRE                                         r  writeData_reg[11]/C
  -------------------------------------------------------------------    -------------------
    SLICE_X5Y31          FDRE (Prop_fdre_C_Q)         0.141     1.610 r  writeData_reg[11]/Q
                         net (fo=5, routed)           0.126     1.736    u_data_mem/memory_reg_0_255_11_11/D
    SLICE_X2Y31          RAMS64E                                      r  u_data_mem/memory_reg_0_255_11_11/RAMS64E_C/I
  -------------------------------------------------------------------    -------------------

                         (clock sys_clk rise edge)    0.000     0.000 r  
    W5                                                0.000     0.000 r  clk (IN)
                         net (fo=0)                   0.000     0.000    clk
    W5                   IBUF (Prop_ibuf_I_O)         0.414     0.414 r  clk_IBUF_inst/O
                         net (fo=1, routed)           0.685     1.099    clk_IBUF
    BUFGCTRL_X0Y0        BUFG (Prop_bufg_I_O)         0.029     1.128 r  clk_IBUF_BUFG_inst/O
                         net (fo=148, routed)         0.857     1.984    u_data_mem/memory_reg_0_255_11_11/WCLK
    SLICE_X2Y31          RAMS64E                                      r  u_data_mem/memory_reg_0_255_11_11/RAMS64E_C/CLK
                         clock pessimism             -0.478     1.506    
    SLICE_X2Y31          RAMS64E (Hold_rams64e_CLK_I)
                                                      0.101     1.607    u_data_mem/memory_reg_0_255_11_11/RAMS64E_C
  -------------------------------------------------------------------
                         required time                         -1.607    
                         arrival time                           1.736    
  -------------------------------------------------------------------
                         slack                                  0.129    

Slack (MET) :             0.130ns  (arrival time - required time)
  Source:                 writeData_reg[14]/C
                            (rising edge-triggered cell FDRE clocked by sys_clk  {rise@0.000ns fall@5.000ns period=10.000ns})
  Destination:            u_data_mem/memory_reg_0_255_14_14/RAMS64E_C/I
                            (rising edge-triggered cell RAMS64E clocked by sys_clk  {rise@0.000ns fall@5.000ns period=10.000ns})
  Path Group:             sys_clk
  Path Type:              Hold (Min at Fast Process Corner)
  Requirement:            0.000ns  (sys_clk rise@0.000ns - sys_clk rise@0.000ns)
  Data Path Delay:        0.268ns  (logic 0.141ns (52.567%)  route 0.127ns (47.433%))
  Logic Levels:           0  
  Clock Path Skew:        0.037ns (DCD - SCD - CPR)
    Destination Clock Delay (DCD):    1.981ns
    Source Clock Delay      (SCD):    1.466ns
    Clock Pessimism Removal (CPR):    0.478ns

    Location             Delay type                Incr(ns)  Path(ns)    Netlist Resource(s)
  -------------------------------------------------------------------    -------------------
                         (clock sys_clk rise edge)    0.000     0.000 r  
    W5                                                0.000     0.000 r  clk (IN)
                         net (fo=0)                   0.000     0.000    clk
    W5                   IBUF (Prop_ibuf_I_O)         0.226     0.226 r  clk_IBUF_inst/O
                         net (fo=1, routed)           0.631     0.858    clk_IBUF
    BUFGCTRL_X0Y0        BUFG (Prop_bufg_I_O)         0.026     0.884 r  clk_IBUF_BUFG_inst/O
                         net (fo=148, routed)         0.583     1.466    clk_IBUF_BUFG
    SLICE_X5Y28          FDRE                                         r  writeData_reg[14]/C
  -------------------------------------------------------------------    -------------------
    SLICE_X5Y28          FDRE (Prop_fdre_C_Q)         0.141     1.607 r  writeData_reg[14]/Q
                         net (fo=5, routed)           0.127     1.734    u_data_mem/memory_reg_0_255_14_14/D
    SLICE_X2Y28          RAMS64E                                      r  u_data_mem/memory_reg_0_255_14_14/RAMS64E_C/I
  -------------------------------------------------------------------    -------------------

                         (clock sys_clk rise edge)    0.000     0.000 r  
    W5                                                0.000     0.000 r  clk (IN)
                         net (fo=0)                   0.000     0.000    clk
    W5                   IBUF (Prop_ibuf_I_O)         0.414     0.414 r  clk_IBUF_inst/O
                         net (fo=1, routed)           0.685     1.099    clk_IBUF
    BUFGCTRL_X0Y0        BUFG (Prop_bufg_I_O)         0.029     1.128 r  clk_IBUF_BUFG_inst/O
                         net (fo=148, routed)         0.854     1.981    u_data_mem/memory_reg_0_255_14_14/WCLK
    SLICE_X2Y28          RAMS64E                                      r  u_data_mem/memory_reg_0_255_14_14/RAMS64E_C/CLK
                         clock pessimism             -0.478     1.503    
    SLICE_X2Y28          RAMS64E (Hold_rams64e_CLK_I)
                                                      0.101     1.604    u_data_mem/memory_reg_0_255_14_14/RAMS64E_C
  -------------------------------------------------------------------
                         required time                         -1.604    
                         arrival time                           1.734    
  -------------------------------------------------------------------
                         slack                                  0.130    

Slack (MET) :             0.133ns  (arrival time - required time)
  Source:                 address_reg[4]/C
                            (rising edge-triggered cell FDRE clocked by sys_clk  {rise@0.000ns fall@5.000ns period=10.000ns})
  Destination:            u_data_mem/memory_reg_0_255_5_5/RAMS64E_A/ADR4
                            (rising edge-triggered cell RAMS64E clocked by sys_clk  {rise@0.000ns fall@5.000ns period=10.000ns})
  Path Group:             sys_clk
  Path Type:              Hold (Min at Fast Process Corner)
  Requirement:            0.000ns  (sys_clk rise@0.000ns - sys_clk rise@0.000ns)
  Data Path Delay:        0.367ns  (logic 0.141ns (38.417%)  route 0.226ns (61.583%))
  Logic Levels:           0  
  Clock Path Skew:        0.034ns (DCD - SCD - CPR)
    Destination Clock Delay (DCD):    1.975ns
    Source Clock Delay      (SCD):    1.463ns
    Clock Pessimism Removal (CPR):    0.478ns

    Location             Delay type                Incr(ns)  Path(ns)    Netlist Resource(s)
  -------------------------------------------------------------------    -------------------
                         (clock sys_clk rise edge)    0.000     0.000 r  
    W5                                                0.000     0.000 r  clk (IN)
                         net (fo=0)                   0.000     0.000    clk
    W5                   IBUF (Prop_ibuf_I_O)         0.226     0.226 r  clk_IBUF_inst/O
                         net (fo=1, routed)           0.631     0.858    clk_IBUF
    BUFGCTRL_X0Y0        BUFG (Prop_bufg_I_O)         0.026     0.884 r  clk_IBUF_BUFG_inst/O
                         net (fo=148, routed)         0.580     1.463    clk_IBUF_BUFG
    SLICE_X4Y25          FDRE                                         r  address_reg[4]/C
  -------------------------------------------------------------------    -------------------
    SLICE_X4Y25          FDRE (Prop_fdre_C_Q)         0.141     1.604 r  address_reg[4]/Q
                         net (fo=65, routed)          0.226     1.830    u_data_mem/memory_reg_0_255_5_5/A4
    SLICE_X6Y24          RAMS64E                                      r  u_data_mem/memory_reg_0_255_5_5/RAMS64E_A/ADR4
  -------------------------------------------------------------------    -------------------

                         (clock sys_clk rise edge)    0.000     0.000 r  
    W5                                                0.000     0.000 r  clk (IN)
                         net (fo=0)                   0.000     0.000    clk
    W5                   IBUF (Prop_ibuf_I_O)         0.414     0.414 r  clk_IBUF_inst/O
                         net (fo=1, routed)           0.685     1.099    clk_IBUF
    BUFGCTRL_X0Y0        BUFG (Prop_bufg_I_O)         0.029     1.128 r  clk_IBUF_BUFG_inst/O
                         net (fo=148, routed)         0.848     1.975    u_data_mem/memory_reg_0_255_5_5/WCLK
    SLICE_X6Y24          RAMS64E                                      r  u_data_mem/memory_reg_0_255_5_5/RAMS64E_A/CLK
                         clock pessimism             -0.478     1.497    
    SLICE_X6Y24          RAMS64E (Hold_rams64e_CLK_ADR4)
                                                      0.200     1.697    u_data_mem/memory_reg_0_255_5_5/RAMS64E_A
  -------------------------------------------------------------------
                         required time                         -1.697    
                         arrival time                           1.830    
  -------------------------------------------------------------------
                         slack                                  0.133    

Slack (MET) :             0.133ns  (arrival time - required time)
  Source:                 address_reg[4]/C
                            (rising edge-triggered cell FDRE clocked by sys_clk  {rise@0.000ns fall@5.000ns period=10.000ns})
  Destination:            u_data_mem/memory_reg_0_255_5_5/RAMS64E_B/ADR4
                            (rising edge-triggered cell RAMS64E clocked by sys_clk  {rise@0.000ns fall@5.000ns period=10.000ns})
  Path Group:             sys_clk
  Path Type:              Hold (Min at Fast Process Corner)
  Requirement:            0.000ns  (sys_clk rise@0.000ns - sys_clk rise@0.000ns)
  Data Path Delay:        0.367ns  (logic 0.141ns (38.417%)  route 0.226ns (61.583%))
  Logic Levels:           0  
  Clock Path Skew:        0.034ns (DCD - SCD - CPR)
    Destination Clock Delay (DCD):    1.975ns
    Source Clock Delay      (SCD):    1.463ns
    Clock Pessimism Removal (CPR):    0.478ns

    Location             Delay type                Incr(ns)  Path(ns)    Netlist Resource(s)
  -------------------------------------------------------------------    -------------------
                         (clock sys_clk rise edge)    0.000     0.000 r  
    W5                                                0.000     0.000 r  clk (IN)
                         net (fo=0)                   0.000     0.000    clk
    W5                   IBUF (Prop_ibuf_I_O)         0.226     0.226 r  clk_IBUF_inst/O
                         net (fo=1, routed)           0.631     0.858    clk_IBUF
    BUFGCTRL_X0Y0        BUFG (Prop_bufg_I_O)         0.026     0.884 r  clk_IBUF_BUFG_inst/O
                         net (fo=148, routed)         0.580     1.463    clk_IBUF_BUFG
    SLICE_X4Y25          FDRE                                         r  address_reg[4]/C
  -------------------------------------------------------------------    -------------------
    SLICE_X4Y25          FDRE (Prop_fdre_C_Q)         0.141     1.604 r  address_reg[4]/Q
                         net (fo=65, routed)          0.226     1.830    u_data_mem/memory_reg_0_255_5_5/A4
    SLICE_X6Y24          RAMS64E                                      r  u_data_mem/memory_reg_0_255_5_5/RAMS64E_B/ADR4
  -------------------------------------------------------------------    -------------------

                         (clock sys_clk rise edge)    0.000     0.000 r  
    W5                                                0.000     0.000 r  clk (IN)
                         net (fo=0)                   0.000     0.000    clk
    W5                   IBUF (Prop_ibuf_I_O)         0.414     0.414 r  clk_IBUF_inst/O
                         net (fo=1, routed)           0.685     1.099    clk_IBUF
    BUFGCTRL_X0Y0        BUFG (Prop_bufg_I_O)         0.029     1.128 r  clk_IBUF_BUFG_inst/O
                         net (fo=148, routed)         0.848     1.975    u_data_mem/memory_reg_0_255_5_5/WCLK
    SLICE_X6Y24          RAMS64E                                      r  u_data_mem/memory_reg_0_255_5_5/RAMS64E_B/CLK
                         clock pessimism             -0.478     1.497    
    SLICE_X6Y24          RAMS64E (Hold_rams64e_CLK_ADR4)
                                                      0.200     1.697    u_data_mem/memory_reg_0_255_5_5/RAMS64E_B
  -------------------------------------------------------------------
                         required time                         -1.697    
                         arrival time                           1.830    
  -------------------------------------------------------------------
                         slack                                  0.133    

Slack (MET) :             0.133ns  (arrival time - required time)
  Source:                 address_reg[4]/C
                            (rising edge-triggered cell FDRE clocked by sys_clk  {rise@0.000ns fall@5.000ns period=10.000ns})
  Destination:            u_data_mem/memory_reg_0_255_5_5/RAMS64E_C/ADR4
                            (rising edge-triggered cell RAMS64E clocked by sys_clk  {rise@0.000ns fall@5.000ns period=10.000ns})
  Path Group:             sys_clk
  Path Type:              Hold (Min at Fast Process Corner)
  Requirement:            0.000ns  (sys_clk rise@0.000ns - sys_clk rise@0.000ns)
  Data Path Delay:        0.367ns  (logic 0.141ns (38.417%)  route 0.226ns (61.583%))
  Logic Levels:           0  
  Clock Path Skew:        0.034ns (DCD - SCD - CPR)
    Destination Clock Delay (DCD):    1.975ns
    Source Clock Delay      (SCD):    1.463ns
    Clock Pessimism Removal (CPR):    0.478ns

    Location             Delay type                Incr(ns)  Path(ns)    Netlist Resource(s)
  -------------------------------------------------------------------    -------------------
                         (clock sys_clk rise edge)    0.000     0.000 r  
    W5                                                0.000     0.000 r  clk (IN)
                         net (fo=0)                   0.000     0.000    clk
    W5                   IBUF (Prop_ibuf_I_O)         0.226     0.226 r  clk_IBUF_inst/O
                         net (fo=1, routed)           0.631     0.858    clk_IBUF
    BUFGCTRL_X0Y0        BUFG (Prop_bufg_I_O)         0.026     0.884 r  clk_IBUF_BUFG_inst/O
                         net (fo=148, routed)         0.580     1.463    clk_IBUF_BUFG
    SLICE_X4Y25          FDRE                                         r  address_reg[4]/C
  -------------------------------------------------------------------    -------------------
    SLICE_X4Y25          FDRE (Prop_fdre_C_Q)         0.141     1.604 r  address_reg[4]/Q
                         net (fo=65, routed)          0.226     1.830    u_data_mem/memory_reg_0_255_5_5/A4
    SLICE_X6Y24          RAMS64E                                      r  u_data_mem/memory_reg_0_255_5_5/RAMS64E_C/ADR4
  -------------------------------------------------------------------    -------------------

                         (clock sys_clk rise edge)    0.000     0.000 r  
    W5                                                0.000     0.000 r  clk (IN)
                         net (fo=0)                   0.000     0.000    clk
    W5                   IBUF (Prop_ibuf_I_O)         0.414     0.414 r  clk_IBUF_inst/O
                         net (fo=1, routed)           0.685     1.099    clk_IBUF
    BUFGCTRL_X0Y0        BUFG (Prop_bufg_I_O)         0.029     1.128 r  clk_IBUF_BUFG_inst/O
                         net (fo=148, routed)         0.848     1.975    u_data_mem/memory_reg_0_255_5_5/WCLK
    SLICE_X6Y24          RAMS64E                                      r  u_data_mem/memory_reg_0_255_5_5/RAMS64E_C/CLK
                         clock pessimism             -0.478     1.497    
    SLICE_X6Y24          RAMS64E (Hold_rams64e_CLK_ADR4)
                                                      0.200     1.697    u_data_mem/memory_reg_0_255_5_5/RAMS64E_C
  -------------------------------------------------------------------
                         required time                         -1.697    
                         arrival time                           1.830    
  -------------------------------------------------------------------
                         slack                                  0.133    

Slack (MET) :             0.133ns  (arrival time - required time)
  Source:                 address_reg[4]/C
                            (rising edge-triggered cell FDRE clocked by sys_clk  {rise@0.000ns fall@5.000ns period=10.000ns})
  Destination:            u_data_mem/memory_reg_0_255_5_5/RAMS64E_D/ADR4
                            (rising edge-triggered cell RAMS64E clocked by sys_clk  {rise@0.000ns fall@5.000ns period=10.000ns})
  Path Group:             sys_clk
  Path Type:              Hold (Min at Fast Process Corner)
  Requirement:            0.000ns  (sys_clk rise@0.000ns - sys_clk rise@0.000ns)
  Data Path Delay:        0.367ns  (logic 0.141ns (38.417%)  route 0.226ns (61.583%))
  Logic Levels:           0  
  Clock Path Skew:        0.034ns (DCD - SCD - CPR)
    Destination Clock Delay (DCD):    1.975ns
    Source Clock Delay      (SCD):    1.463ns
    Clock Pessimism Removal (CPR):    0.478ns

    Location             Delay type                Incr(ns)  Path(ns)    Netlist Resource(s)
  -------------------------------------------------------------------    -------------------
                         (clock sys_clk rise edge)    0.000     0.000 r  
    W5                                                0.000     0.000 r  clk (IN)
                         net (fo=0)                   0.000     0.000    clk
    W5                   IBUF (Prop_ibuf_I_O)         0.226     0.226 r  clk_IBUF_inst/O
                         net (fo=1, routed)           0.631     0.858    clk_IBUF
    BUFGCTRL_X0Y0        BUFG (Prop_bufg_I_O)         0.026     0.884 r  clk_IBUF_BUFG_inst/O
                         net (fo=148, routed)         0.580     1.463    clk_IBUF_BUFG
    SLICE_X4Y25          FDRE                                         r  address_reg[4]/C
  -------------------------------------------------------------------    -------------------
    SLICE_X4Y25          FDRE (Prop_fdre_C_Q)         0.141     1.604 r  address_reg[4]/Q
                         net (fo=65, routed)          0.226     1.830    u_data_mem/memory_reg_0_255_5_5/A4
    SLICE_X6Y24          RAMS64E                                      r  u_data_mem/memory_reg_0_255_5_5/RAMS64E_D/ADR4
  -------------------------------------------------------------------    -------------------

                         (clock sys_clk rise edge)    0.000     0.000 r  
    W5                                                0.000     0.000 r  clk (IN)
                         net (fo=0)                   0.000     0.000    clk
    W5                   IBUF (Prop_ibuf_I_O)         0.414     0.414 r  clk_IBUF_inst/O
                         net (fo=1, routed)           0.685     1.099    clk_IBUF
    BUFGCTRL_X0Y0        BUFG (Prop_bufg_I_O)         0.029     1.128 r  clk_IBUF_BUFG_inst/O
                         net (fo=148, routed)         0.848     1.975    u_data_mem/memory_reg_0_255_5_5/WCLK
    SLICE_X6Y24          RAMS64E                                      r  u_data_mem/memory_reg_0_255_5_5/RAMS64E_D/CLK
                         clock pessimism             -0.478     1.497    
    SLICE_X6Y24          RAMS64E (Hold_rams64e_CLK_ADR4)
                                                      0.200     1.697    u_data_mem/memory_reg_0_255_5_5/RAMS64E_D
  -------------------------------------------------------------------
                         required time                         -1.697    
                         arrival time                           1.830    
  -------------------------------------------------------------------
                         slack                                  0.133    





Pulse Width Checks
--------------------------------------------------------------------------------------
Clock Name:         sys_clk
Waveform(ns):       { 0.000 5.000 }
Period(ns):         10.000
Sources:            { clk }

Check Type        Corner  Lib Pin      Reference Pin  Required(ns)  Actual(ns)  Slack(ns)  Location       Pin
Min Period        n/a     BUFG/I       n/a            2.155         10.000      7.845      BUFGCTRL_X0Y0  clk_IBUF_BUFG_inst/I
Min Period        n/a     FDRE/C       n/a            1.000         10.000      9.000      SLICE_X2Y22    FSM_sequential_state_reg[0]/C
Min Period        n/a     FDRE/C       n/a            1.000         10.000      9.000      SLICE_X2Y22    FSM_sequential_state_reg[1]/C
Min Period        n/a     FDRE/C       n/a            1.000         10.000      9.000      SLICE_X2Y22    FSM_sequential_state_reg[2]/C
Min Period        n/a     FDRE/C       n/a            1.000         10.000      9.000      SLICE_X4Y25    address_reg[4]/C
Min Period        n/a     FDRE/C       n/a            1.000         10.000      9.000      SLICE_X4Y25    address_reg[8]/C
Min Period        n/a     FDRE/C       n/a            1.000         10.000      9.000      SLICE_X4Y25    address_reg[9]/C
Min Period        n/a     FDRE/C       n/a            1.000         10.000      9.000      SLICE_X0Y20    btn_sync2_reg[2]/C
Min Period        n/a     FDRE/C       n/a            1.000         10.000      9.000      SLICE_X0Y20    btn_sync2_reg[3]/C
Min Period        n/a     FDRE/C       n/a            1.000         10.000      9.000      SLICE_X3Y30    read_display_reg[0]/C
Low Pulse Width   Slow    RAMS64E/CLK  n/a            1.250         5.000       3.750      SLICE_X6Y32    u_data_mem/memory_reg_0_255_10_10/RAMS64E_A/CLK
Low Pulse Width   Slow    RAMS64E/CLK  n/a            1.250         5.000       3.750      SLICE_X6Y32    u_data_mem/memory_reg_0_255_10_10/RAMS64E_C/CLK
Low Pulse Width   Slow    RAMS64E/CLK  n/a            1.250         5.000       3.750      SLICE_X6Y32    u_data_mem/memory_reg_0_255_10_10/RAMS64E_D/CLK
Low Pulse Width   Slow    RAMS64E/CLK  n/a            1.250         5.000       3.750      SLICE_X2Y31    u_data_mem/memory_reg_0_255_11_11/RAMS64E_A/CLK
Low Pulse Width   Slow    RAMS64E/CLK  n/a            1.250         5.000       3.750      SLICE_X2Y31    u_data_mem/memory_reg_0_255_11_11/RAMS64E_B/CLK
Low Pulse Width   Slow    RAMS64E/CLK  n/a            1.250         5.000       3.750      SLICE_X2Y31    u_data_mem/memory_reg_0_255_11_11/RAMS64E_C/CLK
Low Pulse Width   Slow    RAMS64E/CLK  n/a            1.250         5.000       3.750      SLICE_X2Y31    u_data_mem/memory_reg_0_255_11_11/RAMS64E_D/CLK
Low Pulse Width   Slow    RAMS64E/CLK  n/a            1.250         5.000       3.750      SLICE_X6Y30    u_data_mem/memory_reg_0_255_12_12/RAMS64E_A/CLK
Low Pulse Width   Slow    RAMS64E/CLK  n/a            1.250         5.000       3.750      SLICE_X6Y30    u_data_mem/memory_reg_0_255_12_12/RAMS64E_B/CLK
Low Pulse Width   Slow    RAMS64E/CLK  n/a            1.250         5.000       3.750      SLICE_X6Y30    u_data_mem/memory_reg_0_255_12_12/RAMS64E_C/CLK
High Pulse Width  Slow    RAMS64E/CLK  n/a            1.250         5.000       3.750      SLICE_X2Y32    u_data_mem/memory_reg_0_255_0_0/RAMS64E_A/CLK
High Pulse Width  Slow    RAMS64E/CLK  n/a            1.250         5.000       3.750      SLICE_X2Y32    u_data_mem/memory_reg_0_255_0_0/RAMS64E_B/CLK
High Pulse Width  Slow    RAMS64E/CLK  n/a            1.250         5.000       3.750      SLICE_X2Y32    u_data_mem/memory_reg_0_255_0_0/RAMS64E_C/CLK
High Pulse Width  Slow    RAMS64E/CLK  n/a            1.250         5.000       3.750      SLICE_X2Y32    u_data_mem/memory_reg_0_255_0_0/RAMS64E_D/CLK
High Pulse Width  Slow    RAMS64E/CLK  n/a            1.250         5.000       3.750      SLICE_X2Y26    u_data_mem/memory_reg_0_255_2_2/RAMS64E_A/CLK
High Pulse Width  Slow    RAMS64E/CLK  n/a            1.250         5.000       3.750      SLICE_X2Y26    u_data_mem/memory_reg_0_255_2_2/RAMS64E_B/CLK
High Pulse Width  Slow    RAMS64E/CLK  n/a            1.250         5.000       3.750      SLICE_X2Y26    u_data_mem/memory_reg_0_255_2_2/RAMS64E_C/CLK
High Pulse Width  Slow    RAMS64E/CLK  n/a            1.250         5.000       3.750      SLICE_X2Y26    u_data_mem/memory_reg_0_255_2_2/RAMS64E_D/CLK
High Pulse Width  Slow    RAMS64E/CLK  n/a            1.250         5.000       3.750      SLICE_X2Y27    u_data_mem/memory_reg_0_255_3_3/RAMS64E_A/CLK
High Pulse Width  Slow    RAMS64E/CLK  n/a            1.250         5.000       3.750      SLICE_X2Y27    u_data_mem/memory_reg_0_255_3_3/RAMS64E_B/CLK



