Copyright 1986-2020 Xilinx, Inc. All Rights Reserved.
---------------------------------------------------------------------------------------
| Tool Version : Vivado v.2020.1 (win64) Build 2902540 Wed May 27 19:54:49 MDT 2020
| Date         : Wed Feb 25 16:14:49 2026
| Host         : Maleehas-Laptop running 64-bit major release  (build 9200)
| Command      : report_control_sets -verbose -file top_module_control_sets_placed.rpt
| Design       : top_module
| Device       : xc7a35t
---------------------------------------------------------------------------------------

Control Set Information

Table of Contents
-----------------
1. Summary
2. Histogram
3. Flip-Flop Distribution
4. Detailed Control Set Information

1. Summary
----------

+----------------------------------------------------------+-------+
|                          Status                          | Count |
+----------------------------------------------------------+-------+
| Total control sets                                       |     5 |
|    Minimum number of control sets                        |     5 |
|    Addition due to synthesis replication                 |     0 |
|    Addition due to physical synthesis replication        |     0 |
| Unused register locations in slices containing registers |    12 |
+----------------------------------------------------------+-------+
* Control sets can be merged at opt_design using control_set_merge or merge_equivalent_drivers
** Run report_qor_suggestions for automated merging and remapping suggestions


2. Histogram
------------

+--------------------+-------+
|       Fanout       | Count |
+--------------------+-------+
| Total control sets |     5 |
| >= 0 to < 4        |     1 |
| >= 4 to < 6        |     0 |
| >= 6 to < 8        |     0 |
| >= 8 to < 10       |     0 |
| >= 10 to < 12      |     0 |
| >= 12 to < 14      |     0 |
| >= 14 to < 16      |     0 |
| >= 16              |     4 |
+--------------------+-------+
* Control sets can be remapped at either synth_design or opt_design


3. Flip-Flop Distribution
-------------------------

+--------------+-----------------------+------------------------+-----------------+--------------+
| Clock Enable | Synchronous Set/Reset | Asynchronous Set/Reset | Total Registers | Total Slices |
+--------------+-----------------------+------------------------+-----------------+--------------+
| No           | No                    | No                     |               3 |            1 |
| No           | No                    | Yes                    |              29 |            9 |
| No           | Yes                   | No                     |              20 |            4 |
| Yes          | No                    | No                     |               0 |            0 |
| Yes          | No                    | Yes                    |              32 |           10 |
| Yes          | Yes                   | No                     |               0 |            0 |
+--------------+-----------------------+------------------------+-----------------+--------------+


4. Detailed Control Set Information
-----------------------------------

+----------------+----------------------+------------------------+------------------+----------------+--------------+
|  Clock Signal  |     Enable Signal    |    Set/Reset Signal    | Slice Load Count | Bel Load Count | Bels / Slice |
+----------------+----------------------+------------------------+------------------+----------------+--------------+
|  clk_IBUF_BUFG |                      |                        |                1 |              3 |         3.00 |
|  clk_IBUF_BUFG | fsm/count[0]_i_1_n_0 | db/pbout               |                4 |             16 |         4.00 |
|  clk_IBUF_BUFG | fsm/leds[15]_i_1_n_0 | db/pbout               |                6 |             16 |         2.67 |
|  clk_IBUF_BUFG |                      | db/counter[19]_i_1_n_0 |                4 |             20 |         5.00 |
|  clk_IBUF_BUFG |                      | db/pbout               |                9 |             29 |         3.22 |
+----------------+----------------------+------------------------+------------------+----------------+--------------+


