#-----------------------------------------------------------
# Vivado v2020.1 (64-bit)
# SW Build 2902540 on Wed May 27 19:54:49 MDT 2020
# IP Build 2902112 on Wed May 27 22:43:36 MDT 2020
# Start of session at: Thu Mar  5 09:56:10 2026
# Process ID: 16968
# Current directory: C:/Users/malee/Documents/school/sem4/CA/labs/Lab01-Git-MaleehaKhan/Lab 07/project_3
# Command line: vivado.exe -gui_launcher_event rodinguilauncherevent16656 C:\Users\malee\Documents\school\sem4\CA\labs\Lab01-Git-MaleehaKhan\Lab 07\project_3\project_3.xpr
# Log file: C:/Users/malee/Documents/school/sem4/CA/labs/Lab01-Git-MaleehaKhan/Lab 07/project_3/vivado.log
# Journal file: C:/Users/malee/Documents/school/sem4/CA/labs/Lab01-Git-MaleehaKhan/Lab 07/project_3\vivado.jou
#-----------------------------------------------------------
start_gui
open_project {C:/Users/malee/Documents/school/sem4/CA/labs/Lab01-Git-MaleehaKhan/Lab 07/project_3/project_3.xpr}
INFO: [ProjectBase 1-489] The host OS only allows 260 characters in a normal path. The project is stored in a path with more than 80 characters. If you experience issues with IP, Block Designs, or files not being found, please consider moving the project to a location with a shorter path. Alternately consider using the OS subst command to map part of the path to a drive letter.
Current project path is 'C:/Users/malee/Documents/school/sem4/CA/labs/Lab01-Git-MaleehaKhan/Lab 07/project_3'
Scanning sources...
Finished scanning sources
INFO: [IP_Flow 19-234] Refreshing IP repositories
INFO: [IP_Flow 19-1704] No user IP repositories specified
INFO: [IP_Flow 19-2313] Loaded Vivado IP repository 'C:/Xilinx/Vivado/2020.1/data/ip'.
open_project: Time (s): cpu = 00:00:20 ; elapsed = 00:00:16 . Memory (MB): peak = 1015.500 ; gain = 0.000
update_compile_order -fileset sources_1
close [ open {C:/Users/malee/Documents/school/sem4/CA/labs/Lab01-Git-MaleehaKhan/Lab 07/project_3/project_3.srcs/sources_1/new/RegisterValuetb.v} w ]
add_files {{C:/Users/malee/Documents/school/sem4/CA/labs/Lab01-Git-MaleehaKhan/Lab 07/project_3/project_3.srcs/sources_1/new/RegisterValuetb.v}}
update_compile_order -fileset sources_1
launch_simulation
Command: launch_simulation 
INFO: [Vivado 12-5682] Launching behavioral simulation in 'C:/Users/malee/Documents/school/sem4/CA/labs/Lab01-Git-MaleehaKhan/Lab 07/project_3/project_3.sim/sim_1/behav/xsim'
INFO: [SIM-utils-51] Simulation object is 'sim_1'
INFO: [SIM-utils-54] Inspecting design source files for 'RegisterValuetb' in fileset 'sim_1'...
INFO: [USF-XSim-97] Finding global include files...
INFO: [USF-XSim-98] Fetching design files from 'sim_1'...
INFO: [USF-XSim-2] XSim::Compile design
INFO: [USF-XSim-61] Executing 'COMPILE and ANALYZE' step in 'C:/Users/malee/Documents/school/sem4/CA/labs/Lab01-Git-MaleehaKhan/Lab 07/project_3/project_3.sim/sim_1/behav/xsim'
"xvlog --incr --relax -prj RegisterValuetb_vlog.prj"
INFO: [VRFC 10-2263] Analyzing Verilog file "C:/Users/malee/Documents/school/sem4/CA/labs/Lab01-Git-MaleehaKhan/Lab 07/project_3/project_3.srcs/sources_1/new/RegisterFile.v" into library xil_defaultlib
INFO: [VRFC 10-311] analyzing module RegisterFile
INFO: [VRFC 10-2263] Analyzing Verilog file "C:/Users/malee/Documents/school/sem4/CA/labs/Lab01-Git-MaleehaKhan/Lab 07/project_3/project_3.srcs/sources_1/new/RegisterValuetb.v" into library xil_defaultlib
INFO: [VRFC 10-311] analyzing module RegisterValuetb
INFO: [VRFC 10-2263] Analyzing Verilog file "C:/Users/malee/Documents/school/sem4/CA/labs/Lab01-Git-MaleehaKhan/Lab 07/project_3/project_3.sim/sim_1/behav/xsim/glbl.v" into library xil_defaultlib
INFO: [VRFC 10-311] analyzing module glbl
INFO: [USF-XSim-69] 'compile' step finished in '5' seconds
INFO: [USF-XSim-3] XSim::Elaborate design
INFO: [USF-XSim-61] Executing 'ELABORATE' step in 'C:/Users/malee/Documents/school/sem4/CA/labs/Lab01-Git-MaleehaKhan/Lab 07/project_3/project_3.sim/sim_1/behav/xsim'
"xelab -wto e7a30fc9c34e406680d5ed8500f20572 --incr --debug typical --relax --mt 2 -L xil_defaultlib -L unisims_ver -L unimacro_ver -L secureip --snapshot RegisterValuetb_behav xil_defaultlib.RegisterValuetb xil_defaultlib.glbl -log elaborate.log"
Vivado Simulator 2020.1
Copyright 1986-1999, 2001-2020 Xilinx, Inc. All Rights Reserved.
Running: C:/Xilinx/Vivado/2020.1/bin/unwrapped/win64.o/xelab.exe -wto e7a30fc9c34e406680d5ed8500f20572 --incr --debug typical --relax --mt 2 -L xil_defaultlib -L unisims_ver -L unimacro_ver -L secureip --snapshot RegisterValuetb_behav xil_defaultlib.RegisterValuetb xil_defaultlib.glbl -log elaborate.log 
Using 2 slave threads.
Starting static elaboration
Pass Through NonSizing Optimizer
ERROR: [VRFC 10-3180] cannot find port 'writeEnable' on this module [C:/Users/malee/Documents/school/sem4/CA/labs/Lab01-Git-MaleehaKhan/Lab 07/project_3/project_3.srcs/sources_1/new/RegisterValuetb.v:24]
ERROR: [VRFC 10-3180] cannot find port 'writeData' on this module [C:/Users/malee/Documents/school/sem4/CA/labs/Lab01-Git-MaleehaKhan/Lab 07/project_3/project_3.srcs/sources_1/new/RegisterValuetb.v:23]
ERROR: [VRFC 10-3180] cannot find port 'writeAddr' on this module [C:/Users/malee/Documents/school/sem4/CA/labs/Lab01-Git-MaleehaKhan/Lab 07/project_3/project_3.srcs/sources_1/new/RegisterValuetb.v:22]
ERROR: [VRFC 10-3180] cannot find port 'readAddr2' on this module [C:/Users/malee/Documents/school/sem4/CA/labs/Lab01-Git-MaleehaKhan/Lab 07/project_3/project_3.srcs/sources_1/new/RegisterValuetb.v:20]
ERROR: [VRFC 10-3180] cannot find port 'readAddr1' on this module [C:/Users/malee/Documents/school/sem4/CA/labs/Lab01-Git-MaleehaKhan/Lab 07/project_3/project_3.srcs/sources_1/new/RegisterValuetb.v:18]
ERROR: [VRFC 10-3180] cannot find port 'reset' on this module [C:/Users/malee/Documents/school/sem4/CA/labs/Lab01-Git-MaleehaKhan/Lab 07/project_3/project_3.srcs/sources_1/new/RegisterValuetb.v:17]
ERROR: [XSIM 43-3322] Static elaboration of top level Verilog design unit(s) in library work failed.
INFO: [USF-XSim-69] 'elaborate' step finished in '4' seconds
INFO: [USF-XSim-99] Step results log file:'C:/Users/malee/Documents/school/sem4/CA/labs/Lab01-Git-MaleehaKhan/Lab 07/project_3/project_3.sim/sim_1/behav/xsim/elaborate.log'
ERROR: [USF-XSim-62] 'elaborate' step failed with error(s). Please check the Tcl console output or 'C:/Users/malee/Documents/school/sem4/CA/labs/Lab01-Git-MaleehaKhan/Lab 07/project_3/project_3.sim/sim_1/behav/xsim/elaborate.log' file for more information.
ERROR: [Vivado 12-4473] Detected error while running simulation. Please correct the issue and retry this operation.
launch_simulation: Time (s): cpu = 00:00:01 ; elapsed = 00:00:10 . Memory (MB): peak = 1015.500 ; gain = 0.000
ERROR: [Common 17-39] 'launch_simulation' failed due to earlier errors.
update_compile_order -fileset sources_1
launch_runs synth_1 -jobs 6
[Thu Mar  5 10:49:43 2026] Launched synth_1...
Run output will be captured here: C:/Users/malee/Documents/school/sem4/CA/labs/Lab01-Git-MaleehaKhan/Lab 07/project_3/project_3.runs/synth_1/runme.log
reset_run synth_1
WARNING: [Vivado 12-1017] Problems encountered:
1. Failed to delete one or more files in run directory C:/Users/malee/Documents/school/sem4/CA/labs/Lab01-Git-MaleehaKhan/Lab 07/project_3/project_3.runs/synth_1

export_ip_user_files -of_objects  [get_files {{C:/Users/malee/Documents/school/sem4/CA/labs/Lab01-Git-MaleehaKhan/Lab 07/project_3/project_3.srcs/sources_1/new/RegisterValuetb.v}}] -no_script -reset -force -quiet
remove_files  {{C:/Users/malee/Documents/school/sem4/CA/labs/Lab01-Git-MaleehaKhan/Lab 07/project_3/project_3.srcs/sources_1/new/RegisterValuetb.v}}
file delete -force {C:/Users/malee/Documents/school/sem4/CA/labs/Lab01-Git-MaleehaKhan/Lab 07/project_3/project_3.srcs/sources_1/new/RegisterValuetb.v}
file mkdir C:/Users/malee/Documents/school/sem4/CA/labs/Lab01-Git-MaleehaKhan/Lab 07/project_3/project_3.srcs/sim_1/new
file mkdir C:/Users/malee/Documents/school/sem4/CA/labs/Lab01-Git-MaleehaKhan/Lab 07/project_3/project_3.srcs/sim_1/new
file mkdir C:/Users/malee/Documents/school/sem4/CA/labs/Lab01-Git-MaleehaKhan/Lab 07/project_3/project_3.srcs/sim_1/new
file mkdir C:/Users/malee/Documents/school/sem4/CA/labs/Lab01-Git-MaleehaKhan/Lab 07/project_3/project_3.srcs/sim_1/new
file mkdir C:/Users/malee/Documents/school/sem4/CA/labs/Lab01-Git-MaleehaKhan/Lab 07/project_3/project_3.srcs/sim_1/new
set_property SOURCE_SET sources_1 [get_filesets sim_1]
file mkdir C:/Users/malee/Documents/school/sem4/CA/labs/Lab01-Git-MaleehaKhan/Lab 07/project_3/project_3.srcs/sim_1/new
file mkdir {C:/Users/malee/Documents/school/sem4/CA/labs/Lab01-Git-MaleehaKhan/Lab 07/project_3/project_3.srcs/sim_1/new}
close [ open {C:/Users/malee/Documents/school/sem4/CA/labs/Lab01-Git-MaleehaKhan/Lab 07/project_3/project_3.srcs/sim_1/new/registerfiletb.v} w ]
add_files -fileset sim_1 {{C:/Users/malee/Documents/school/sem4/CA/labs/Lab01-Git-MaleehaKhan/Lab 07/project_3/project_3.srcs/sim_1/new/registerfiletb.v}}
update_compile_order -fileset sim_1
launch_runs synth_1 -jobs 6
[Thu Mar  5 10:51:43 2026] Launched synth_1...
Run output will be captured here: C:/Users/malee/Documents/school/sem4/CA/labs/Lab01-Git-MaleehaKhan/Lab 07/project_3/project_3.runs/synth_1/runme.log
update_compile_order -fileset sim_1
launch_runs impl_1 -jobs 6
[Thu Mar  5 10:52:18 2026] Launched impl_1...
Run output will be captured here: C:/Users/malee/Documents/school/sem4/CA/labs/Lab01-Git-MaleehaKhan/Lab 07/project_3/project_3.runs/impl_1/runme.log
launch_simulation
Command: launch_simulation 
INFO: [Vivado 12-5682] Launching behavioral simulation in 'C:/Users/malee/Documents/school/sem4/CA/labs/Lab01-Git-MaleehaKhan/Lab 07/project_3/project_3.sim/sim_1/behav/xsim'
INFO: [SIM-utils-51] Simulation object is 'sim_1'
INFO: [SIM-utils-54] Inspecting design source files for 'registerfiletb' in fileset 'sim_1'...
INFO: [USF-XSim-97] Finding global include files...
INFO: [USF-XSim-98] Fetching design files from 'sim_1'...
INFO: [USF-XSim-2] XSim::Compile design
INFO: [USF-XSim-61] Executing 'COMPILE and ANALYZE' step in 'C:/Users/malee/Documents/school/sem4/CA/labs/Lab01-Git-MaleehaKhan/Lab 07/project_3/project_3.sim/sim_1/behav/xsim'
"xvlog --incr --relax -prj registerfiletb_vlog.prj"
INFO: [VRFC 10-2263] Analyzing Verilog file "C:/Users/malee/Documents/school/sem4/CA/labs/Lab01-Git-MaleehaKhan/Lab 07/project_3/project_3.srcs/sim_1/new/registerfiletb.v" into library xil_defaultlib
INFO: [VRFC 10-311] analyzing module registerfiletb
INFO: [USF-XSim-69] 'compile' step finished in '2' seconds
INFO: [USF-XSim-3] XSim::Elaborate design
INFO: [USF-XSim-61] Executing 'ELABORATE' step in 'C:/Users/malee/Documents/school/sem4/CA/labs/Lab01-Git-MaleehaKhan/Lab 07/project_3/project_3.sim/sim_1/behav/xsim'
"xelab -wto e7a30fc9c34e406680d5ed8500f20572 --incr --debug typical --relax --mt 2 -L xil_defaultlib -L unisims_ver -L unimacro_ver -L secureip --snapshot registerfiletb_behav xil_defaultlib.registerfiletb xil_defaultlib.glbl -log elaborate.log"
Vivado Simulator 2020.1
Copyright 1986-1999, 2001-2020 Xilinx, Inc. All Rights Reserved.
Running: C:/Xilinx/Vivado/2020.1/bin/unwrapped/win64.o/xelab.exe -wto e7a30fc9c34e406680d5ed8500f20572 --incr --debug typical --relax --mt 2 -L xil_defaultlib -L unisims_ver -L unimacro_ver -L secureip --snapshot registerfiletb_behav xil_defaultlib.registerfiletb xil_defaultlib.glbl -log elaborate.log 
Using 2 slave threads.
Starting static elaboration
Pass Through NonSizing Optimizer
Completed static elaboration
Starting simulation data flow analysis
Completed simulation data flow analysis
Time Resolution for simulation is 1ps
Compiling module xil_defaultlib.RegisterFile
Compiling module xil_defaultlib.registerfiletb
Compiling module xil_defaultlib.glbl
Built simulation snapshot registerfiletb_behav

****** Webtalk v2020.1 (64-bit)
  **** SW Build 2902540 on Wed May 27 19:54:49 MDT 2020
  **** IP Build 2902112 on Wed May 27 22:43:36 MDT 2020
    ** Copyright 1986-2020 Xilinx, Inc. All Rights Reserved.

source C:/Users/malee/Documents/school/sem4/CA/labs/Lab01-Git-MaleehaKhan/Lab -notrace
couldn't read file "C:/Users/malee/Documents/school/sem4/CA/labs/Lab01-Git-MaleehaKhan/Lab": permission denied
INFO: [Common 17-206] Exiting Webtalk at Thu Mar  5 10:52:41 2026...
run_program: Time (s): cpu = 00:00:00 ; elapsed = 00:00:05 . Memory (MB): peak = 1015.500 ; gain = 0.000
INFO: [USF-XSim-69] 'elaborate' step finished in '5' seconds
INFO: [USF-XSim-4] XSim::Simulate design
INFO: [USF-XSim-61] Executing 'SIMULATE' step in 'C:/Users/malee/Documents/school/sem4/CA/labs/Lab01-Git-MaleehaKhan/Lab 07/project_3/project_3.sim/sim_1/behav/xsim'
INFO: [USF-XSim-98] *** Running xsim
   with args "registerfiletb_behav -key {Behavioral:sim_1:Functional:registerfiletb} -tclbatch {registerfiletb.tcl} -log {simulate.log}"
INFO: [USF-XSim-8] Loading simulator feature
Vivado Simulator 2020.1
Time resolution is 1 ps
source registerfiletb.tcl
# set curr_wave [current_wave_config]
# if { [string length $curr_wave] == 0 } {
#   if { [llength [get_objects]] > 0} {
#     add_wave /
#     set_property needs_save false [current_wave_config]
#   } else {
#      send_msg_id Add_Wave-1 WARNING "No top level signals found. Simulator will start without a wave window. If you want to open a wave window go to 'File->New Waveform Configuration' or type 'create_wave_config' in the TCL console."
#   }
# }
# run 1000ns
$finish called at time : 225 ns : File "C:/Users/malee/Documents/school/sem4/CA/labs/Lab01-Git-MaleehaKhan/Lab 07/project_3/project_3.srcs/sim_1/new/registerfiletb.v" Line 94
xsim: Time (s): cpu = 00:00:04 ; elapsed = 00:00:09 . Memory (MB): peak = 1015.500 ; gain = 0.000
INFO: [USF-XSim-96] XSim completed. Design snapshot 'registerfiletb_behav' loaded.
INFO: [USF-XSim-97] XSim simulation ran for 1000ns
launch_simulation: Time (s): cpu = 00:00:05 ; elapsed = 00:00:16 . Memory (MB): peak = 1015.500 ; gain = 0.000
close [ open {C:/Users/malee/Documents/school/sem4/CA/labs/Lab01-Git-MaleehaKhan/Lab 07/project_3/project_3.srcs/sources_1/new/ALU.v} w ]
add_files {{C:/Users/malee/Documents/school/sem4/CA/labs/Lab01-Git-MaleehaKhan/Lab 07/project_3/project_3.srcs/sources_1/new/ALU.v}}
update_compile_order -fileset sources_1
set_property SOURCE_SET sources_1 [get_filesets sim_1]
close [ open {C:/Users/malee/Documents/school/sem4/CA/labs/Lab01-Git-MaleehaKhan/Lab 07/project_3/project_3.srcs/sim_1/new/RF_ALU_FSM_tb.v} w ]
add_files -fileset sim_1 {{C:/Users/malee/Documents/school/sem4/CA/labs/Lab01-Git-MaleehaKhan/Lab 07/project_3/project_3.srcs/sim_1/new/RF_ALU_FSM_tb.v}}
update_compile_order -fileset sim_1
set_property top RF_ALU_FSM_tb [get_filesets sim_1]
set_property top_lib xil_defaultlib [get_filesets sim_1]
update_compile_order -fileset sim_1
close_sim
INFO: [Simtcl 6-16] Simulation closed
launch_simulation
Command: launch_simulation 
INFO: [Vivado 12-5682] Launching behavioral simulation in 'C:/Users/malee/Documents/school/sem4/CA/labs/Lab01-Git-MaleehaKhan/Lab 07/project_3/project_3.sim/sim_1/behav/xsim'
INFO: [SIM-utils-51] Simulation object is 'sim_1'
INFO: [SIM-utils-54] Inspecting design source files for 'RF_ALU_FSM_tb' in fileset 'sim_1'...
INFO: [USF-XSim-97] Finding global include files...
INFO: [USF-XSim-98] Fetching design files from 'sim_1'...
INFO: [USF-XSim-2] XSim::Compile design
INFO: [USF-XSim-61] Executing 'COMPILE and ANALYZE' step in 'C:/Users/malee/Documents/school/sem4/CA/labs/Lab01-Git-MaleehaKhan/Lab 07/project_3/project_3.sim/sim_1/behav/xsim'
"xvlog --incr --relax -prj RF_ALU_FSM_tb_vlog.prj"
INFO: [VRFC 10-2263] Analyzing Verilog file "C:/Users/malee/Documents/school/sem4/CA/labs/Lab01-Git-MaleehaKhan/Lab 07/project_3/project_3.srcs/sources_1/new/ALU.v" into library xil_defaultlib
INFO: [VRFC 10-311] analyzing module ALU
INFO: [VRFC 10-2263] Analyzing Verilog file "C:/Users/malee/Documents/school/sem4/CA/labs/Lab01-Git-MaleehaKhan/Lab 07/project_3/project_3.srcs/sim_1/new/RF_ALU_FSM_tb.v" into library xil_defaultlib
INFO: [VRFC 10-311] analyzing module RF_ALU_FSM_tb
INFO: [USF-XSim-69] 'compile' step finished in '3' seconds
INFO: [USF-XSim-3] XSim::Elaborate design
INFO: [USF-XSim-61] Executing 'ELABORATE' step in 'C:/Users/malee/Documents/school/sem4/CA/labs/Lab01-Git-MaleehaKhan/Lab 07/project_3/project_3.sim/sim_1/behav/xsim'
"xelab -wto e7a30fc9c34e406680d5ed8500f20572 --incr --debug typical --relax --mt 2 -L xil_defaultlib -L unisims_ver -L unimacro_ver -L secureip --snapshot RF_ALU_FSM_tb_behav xil_defaultlib.RF_ALU_FSM_tb xil_defaultlib.glbl -log elaborate.log"
Vivado Simulator 2020.1
Copyright 1986-1999, 2001-2020 Xilinx, Inc. All Rights Reserved.
Running: C:/Xilinx/Vivado/2020.1/bin/unwrapped/win64.o/xelab.exe -wto e7a30fc9c34e406680d5ed8500f20572 --incr --debug typical --relax --mt 2 -L xil_defaultlib -L unisims_ver -L unimacro_ver -L secureip --snapshot RF_ALU_FSM_tb_behav xil_defaultlib.RF_ALU_FSM_tb xil_defaultlib.glbl -log elaborate.log 
Using 2 slave threads.
Starting static elaboration
Pass Through NonSizing Optimizer
ERROR: [VRFC 10-3180] cannot find port 'writeEnable' on this module [C:/Users/malee/Documents/school/sem4/CA/labs/Lab01-Git-MaleehaKhan/Lab 07/project_3/project_3.srcs/sim_1/new/RF_ALU_FSM_tb.v:63]
ERROR: [VRFC 10-3180] cannot find port 'writeData' on this module [C:/Users/malee/Documents/school/sem4/CA/labs/Lab01-Git-MaleehaKhan/Lab 07/project_3/project_3.srcs/sim_1/new/RF_ALU_FSM_tb.v:62]
ERROR: [VRFC 10-3180] cannot find port 'writeAddr' on this module [C:/Users/malee/Documents/school/sem4/CA/labs/Lab01-Git-MaleehaKhan/Lab 07/project_3/project_3.srcs/sim_1/new/RF_ALU_FSM_tb.v:61]
ERROR: [VRFC 10-3180] cannot find port 'readAddr2' on this module [C:/Users/malee/Documents/school/sem4/CA/labs/Lab01-Git-MaleehaKhan/Lab 07/project_3/project_3.srcs/sim_1/new/RF_ALU_FSM_tb.v:59]
ERROR: [VRFC 10-3180] cannot find port 'readAddr1' on this module [C:/Users/malee/Documents/school/sem4/CA/labs/Lab01-Git-MaleehaKhan/Lab 07/project_3/project_3.srcs/sim_1/new/RF_ALU_FSM_tb.v:57]
ERROR: [VRFC 10-3180] cannot find port 'reset' on this module [C:/Users/malee/Documents/school/sem4/CA/labs/Lab01-Git-MaleehaKhan/Lab 07/project_3/project_3.srcs/sim_1/new/RF_ALU_FSM_tb.v:56]
ERROR: [VRFC 10-3180] cannot find port 'result' on this module [C:/Users/malee/Documents/school/sem4/CA/labs/Lab01-Git-MaleehaKhan/Lab 07/project_3/project_3.srcs/sim_1/new/RF_ALU_FSM_tb.v:71]
ERROR: [VRFC 10-3180] cannot find port 'op' on this module [C:/Users/malee/Documents/school/sem4/CA/labs/Lab01-Git-MaleehaKhan/Lab 07/project_3/project_3.srcs/sim_1/new/RF_ALU_FSM_tb.v:70]
ERROR: [XSIM 43-3322] Static elaboration of top level Verilog design unit(s) in library work failed.
INFO: [USF-XSim-69] 'elaborate' step finished in '2' seconds
INFO: [USF-XSim-99] Step results log file:'C:/Users/malee/Documents/school/sem4/CA/labs/Lab01-Git-MaleehaKhan/Lab 07/project_3/project_3.sim/sim_1/behav/xsim/elaborate.log'
ERROR: [USF-XSim-62] 'elaborate' step failed with error(s). Please check the Tcl console output or 'C:/Users/malee/Documents/school/sem4/CA/labs/Lab01-Git-MaleehaKhan/Lab 07/project_3/project_3.sim/sim_1/behav/xsim/elaborate.log' file for more information.
ERROR: [Vivado 12-4473] Detected error while running simulation. Please correct the issue and retry this operation.
launch_simulation: Time (s): cpu = 00:00:00 ; elapsed = 00:00:05 . Memory (MB): peak = 1015.500 ; gain = 0.000
ERROR: [Common 17-39] 'launch_simulation' failed due to earlier errors.
launch_simulation
Command: launch_simulation 
INFO: [Vivado 12-5682] Launching behavioral simulation in 'C:/Users/malee/Documents/school/sem4/CA/labs/Lab01-Git-MaleehaKhan/Lab 07/project_3/project_3.sim/sim_1/behav/xsim'
INFO: [SIM-utils-51] Simulation object is 'sim_1'
INFO: [SIM-utils-54] Inspecting design source files for 'RF_ALU_FSM_tb' in fileset 'sim_1'...
INFO: [USF-XSim-97] Finding global include files...
INFO: [USF-XSim-98] Fetching design files from 'sim_1'...
INFO: [USF-XSim-2] XSim::Compile design
INFO: [USF-XSim-61] Executing 'COMPILE and ANALYZE' step in 'C:/Users/malee/Documents/school/sem4/CA/labs/Lab01-Git-MaleehaKhan/Lab 07/project_3/project_3.sim/sim_1/behav/xsim'
"xvlog --incr --relax -prj RF_ALU_FSM_tb_vlog.prj"
INFO: [VRFC 10-2263] Analyzing Verilog file "C:/Users/malee/Documents/school/sem4/CA/labs/Lab01-Git-MaleehaKhan/Lab 07/project_3/project_3.srcs/sources_1/new/ALU.v" into library xil_defaultlib
INFO: [VRFC 10-311] analyzing module ALU
INFO: [VRFC 10-2263] Analyzing Verilog file "C:/Users/malee/Documents/school/sem4/CA/labs/Lab01-Git-MaleehaKhan/Lab 07/project_3/project_3.srcs/sources_1/new/RegisterFile.v" into library xil_defaultlib
INFO: [VRFC 10-311] analyzing module RegisterFile
INFO: [VRFC 10-2263] Analyzing Verilog file "C:/Users/malee/Documents/school/sem4/CA/labs/Lab01-Git-MaleehaKhan/Lab 07/project_3/project_3.srcs/sim_1/new/RF_ALU_FSM_tb.v" into library xil_defaultlib
INFO: [VRFC 10-311] analyzing module RF_ALU_FSM_tb
INFO: [USF-XSim-69] 'compile' step finished in '3' seconds
INFO: [USF-XSim-3] XSim::Elaborate design
INFO: [USF-XSim-61] Executing 'ELABORATE' step in 'C:/Users/malee/Documents/school/sem4/CA/labs/Lab01-Git-MaleehaKhan/Lab 07/project_3/project_3.sim/sim_1/behav/xsim'
"xelab -wto e7a30fc9c34e406680d5ed8500f20572 --incr --debug typical --relax --mt 2 -L xil_defaultlib -L unisims_ver -L unimacro_ver -L secureip --snapshot RF_ALU_FSM_tb_behav xil_defaultlib.RF_ALU_FSM_tb xil_defaultlib.glbl -log elaborate.log"
Vivado Simulator 2020.1
Copyright 1986-1999, 2001-2020 Xilinx, Inc. All Rights Reserved.
Running: C:/Xilinx/Vivado/2020.1/bin/unwrapped/win64.o/xelab.exe -wto e7a30fc9c34e406680d5ed8500f20572 --incr --debug typical --relax --mt 2 -L xil_defaultlib -L unisims_ver -L unimacro_ver -L secureip --snapshot RF_ALU_FSM_tb_behav xil_defaultlib.RF_ALU_FSM_tb xil_defaultlib.glbl -log elaborate.log 
Using 2 slave threads.
Starting static elaboration
Pass Through NonSizing Optimizer
ERROR: [VRFC 10-3180] cannot find port 'rstt' on this module [C:/Users/malee/Documents/school/sem4/CA/labs/Lab01-Git-MaleehaKhan/Lab 07/project_3/project_3.srcs/sim_1/new/RF_ALU_FSM_tb.v:56]
ERROR: [XSIM 43-3322] Static elaboration of top level Verilog design unit(s) in library work failed.
INFO: [USF-XSim-69] 'elaborate' step finished in '2' seconds
INFO: [USF-XSim-99] Step results log file:'C:/Users/malee/Documents/school/sem4/CA/labs/Lab01-Git-MaleehaKhan/Lab 07/project_3/project_3.sim/sim_1/behav/xsim/elaborate.log'
ERROR: [USF-XSim-62] 'elaborate' step failed with error(s). Please check the Tcl console output or 'C:/Users/malee/Documents/school/sem4/CA/labs/Lab01-Git-MaleehaKhan/Lab 07/project_3/project_3.sim/sim_1/behav/xsim/elaborate.log' file for more information.
ERROR: [Vivado 12-4473] Detected error while running simulation. Please correct the issue and retry this operation.
ERROR: [Common 17-39] 'launch_simulation' failed due to earlier errors.
launch_simulation
Command: launch_simulation 
INFO: [Vivado 12-5682] Launching behavioral simulation in 'C:/Users/malee/Documents/school/sem4/CA/labs/Lab01-Git-MaleehaKhan/Lab 07/project_3/project_3.sim/sim_1/behav/xsim'
INFO: [SIM-utils-51] Simulation object is 'sim_1'
INFO: [SIM-utils-54] Inspecting design source files for 'RF_ALU_FSM_tb' in fileset 'sim_1'...
INFO: [USF-XSim-97] Finding global include files...
INFO: [USF-XSim-98] Fetching design files from 'sim_1'...
INFO: [USF-XSim-2] XSim::Compile design
INFO: [USF-XSim-61] Executing 'COMPILE and ANALYZE' step in 'C:/Users/malee/Documents/school/sem4/CA/labs/Lab01-Git-MaleehaKhan/Lab 07/project_3/project_3.sim/sim_1/behav/xsim'
"xvlog --incr --relax -prj RF_ALU_FSM_tb_vlog.prj"
INFO: [VRFC 10-2263] Analyzing Verilog file "C:/Users/malee/Documents/school/sem4/CA/labs/Lab01-Git-MaleehaKhan/Lab 07/project_3/project_3.srcs/sources_1/new/ALU.v" into library xil_defaultlib
INFO: [VRFC 10-311] analyzing module ALU
INFO: [VRFC 10-2263] Analyzing Verilog file "C:/Users/malee/Documents/school/sem4/CA/labs/Lab01-Git-MaleehaKhan/Lab 07/project_3/project_3.srcs/sources_1/new/RegisterFile.v" into library xil_defaultlib
INFO: [VRFC 10-311] analyzing module RegisterFile
INFO: [VRFC 10-2263] Analyzing Verilog file "C:/Users/malee/Documents/school/sem4/CA/labs/Lab01-Git-MaleehaKhan/Lab 07/project_3/project_3.srcs/sim_1/new/RF_ALU_FSM_tb.v" into library xil_defaultlib
INFO: [VRFC 10-311] analyzing module RF_ALU_FSM_tb
INFO: [USF-XSim-69] 'compile' step finished in '2' seconds
INFO: [USF-XSim-3] XSim::Elaborate design
INFO: [USF-XSim-61] Executing 'ELABORATE' step in 'C:/Users/malee/Documents/school/sem4/CA/labs/Lab01-Git-MaleehaKhan/Lab 07/project_3/project_3.sim/sim_1/behav/xsim'
"xelab -wto e7a30fc9c34e406680d5ed8500f20572 --incr --debug typical --relax --mt 2 -L xil_defaultlib -L unisims_ver -L unimacro_ver -L secureip --snapshot RF_ALU_FSM_tb_behav xil_defaultlib.RF_ALU_FSM_tb xil_defaultlib.glbl -log elaborate.log"
Vivado Simulator 2020.1
Copyright 1986-1999, 2001-2020 Xilinx, Inc. All Rights Reserved.
Running: C:/Xilinx/Vivado/2020.1/bin/unwrapped/win64.o/xelab.exe -wto e7a30fc9c34e406680d5ed8500f20572 --incr --debug typical --relax --mt 2 -L xil_defaultlib -L unisims_ver -L unimacro_ver -L secureip --snapshot RF_ALU_FSM_tb_behav xil_defaultlib.RF_ALU_FSM_tb xil_defaultlib.glbl -log elaborate.log 
Using 2 slave threads.
Starting static elaboration
Pass Through NonSizing Optimizer
Completed static elaboration
Starting simulation data flow analysis
Completed simulation data flow analysis
Time Resolution for simulation is 1ps
Compiling module xil_defaultlib.RegisterFile
Compiling module xil_defaultlib.ALU
Compiling module xil_defaultlib.RF_ALU_FSM_tb
Compiling module xil_defaultlib.glbl
Built simulation snapshot RF_ALU_FSM_tb_behav

****** Webtalk v2020.1 (64-bit)
  **** SW Build 2902540 on Wed May 27 19:54:49 MDT 2020
  **** IP Build 2902112 on Wed May 27 22:43:36 MDT 2020
    ** Copyright 1986-2020 Xilinx, Inc. All Rights Reserved.

source C:/Users/malee/Documents/school/sem4/CA/labs/Lab01-Git-MaleehaKhan/Lab -notrace
couldn't read file "C:/Users/malee/Documents/school/sem4/CA/labs/Lab01-Git-MaleehaKhan/Lab": permission denied
INFO: [Common 17-206] Exiting Webtalk at Thu Mar  5 11:25:01 2026...
INFO: [USF-XSim-69] 'elaborate' step finished in '5' seconds
INFO: [USF-XSim-4] XSim::Simulate design
INFO: [USF-XSim-61] Executing 'SIMULATE' step in 'C:/Users/malee/Documents/school/sem4/CA/labs/Lab01-Git-MaleehaKhan/Lab 07/project_3/project_3.sim/sim_1/behav/xsim'
INFO: [USF-XSim-98] *** Running xsim
   with args "RF_ALU_FSM_tb_behav -key {Behavioral:sim_1:Functional:RF_ALU_FSM_tb} -tclbatch {RF_ALU_FSM_tb.tcl} -log {simulate.log}"
INFO: [USF-XSim-8] Loading simulator feature
Vivado Simulator 2020.1
Time resolution is 1 ps
source RF_ALU_FSM_tb.tcl
# set curr_wave [current_wave_config]
# if { [string length $curr_wave] == 0 } {
#   if { [llength [get_objects]] > 0} {
#     add_wave /
#     set_property needs_save false [current_wave_config]
#   } else {
#      send_msg_id Add_Wave-1 WARNING "No top level signals found. Simulator will start without a wave window. If you want to open a wave window go to 'File->New Waveform Configuration' or type 'create_wave_config' in the TCL console."
#   }
# }
# run 1000ns
$finish called at time : 320 ns : File "C:/Users/malee/Documents/school/sem4/CA/labs/Lab01-Git-MaleehaKhan/Lab 07/project_3/project_3.srcs/sim_1/new/RF_ALU_FSM_tb.v" Line 261
xsim: Time (s): cpu = 00:00:05 ; elapsed = 00:00:08 . Memory (MB): peak = 1015.500 ; gain = 0.000
INFO: [USF-XSim-96] XSim completed. Design snapshot 'RF_ALU_FSM_tb_behav' loaded.
INFO: [USF-XSim-97] XSim simulation ran for 1000ns
launch_simulation: Time (s): cpu = 00:00:05 ; elapsed = 00:00:15 . Memory (MB): peak = 1015.500 ; gain = 0.000
close_sim
INFO: [Simtcl 6-16] Simulation closed
exit
INFO: [Common 17-206] Exiting Vivado at Thu Mar  5 11:26:31 2026...
