#-----------------------------------------------------------
# Vivado v2020.1 (64-bit)
# SW Build 2902540 on Wed May 27 19:54:49 MDT 2020
# IP Build 2902112 on Wed May 27 22:43:36 MDT 2020
# Start of session at: Thu Mar  5 07:53:51 2026
# Process ID: 23560
# Current directory: C:/Users/malee/Documents/school/sem4/CA/labs/Lab01-Git-MaleehaKhan/Lab 06/project_2
# Command line: vivado.exe -gui_launcher_event rodinguilauncherevent31204 C:\Users\malee\Documents\school\sem4\CA\labs\Lab01-Git-MaleehaKhan\Lab 06\project_2\project_2.xpr
# Log file: C:/Users/malee/Documents/school/sem4/CA/labs/Lab01-Git-MaleehaKhan/Lab 06/project_2/vivado.log
# Journal file: C:/Users/malee/Documents/school/sem4/CA/labs/Lab01-Git-MaleehaKhan/Lab 06/project_2\vivado.jou
#-----------------------------------------------------------
start_gui
open_project {C:/Users/malee/Documents/school/sem4/CA/labs/Lab01-Git-MaleehaKhan/Lab 06/project_2/project_2.xpr}
INFO: [ProjectBase 1-489] The host OS only allows 260 characters in a normal path. The project is stored in a path with more than 80 characters. If you experience issues with IP, Block Designs, or files not being found, please consider moving the project to a location with a shorter path. Alternately consider using the OS subst command to map part of the path to a drive letter.
Current project path is 'C:/Users/malee/Documents/school/sem4/CA/labs/Lab01-Git-MaleehaKhan/Lab 06/project_2'
Scanning sources...
Finished scanning sources
INFO: [IP_Flow 19-234] Refreshing IP repositories
INFO: [IP_Flow 19-1704] No user IP repositories specified
INFO: [IP_Flow 19-2313] Loaded Vivado IP repository 'C:/Xilinx/Vivado/2020.1/data/ip'.
open_project: Time (s): cpu = 00:00:42 ; elapsed = 00:03:35 . Memory (MB): peak = 1015.707 ; gain = 0.000
update_compile_order -fileset sources_1
create_bd_design "design_1"
Wrote  : <C:\Users\malee\Documents\school\sem4\CA\labs\Lab01-Git-MaleehaKhan\Lab 06\project_2\project_2.srcs\sources_1\bd\design_1\design_1.bd> 
create_bd_design: Time (s): cpu = 00:00:06 ; elapsed = 00:00:08 . Memory (MB): peak = 1015.707 ; gain = 0.000
update_compile_order -fileset sources_1
synth_design -rtl -name rtl_1
Command: synth_design -rtl -name rtl_1
Starting synth_design
Using part: xc7a35tcpg236-1
Top: toplevelmodule
INFO: [Device 21-403] Loading part xc7a35tcpg236-1
---------------------------------------------------------------------------------
Starting RTL Elaboration : Time (s): cpu = 00:00:03 ; elapsed = 00:00:04 . Memory (MB): peak = 1356.504 ; gain = 244.277
---------------------------------------------------------------------------------
INFO: [Synth 8-6157] synthesizing module 'toplevelmodule' [C:/Users/malee/Documents/school/sem4/CA/labs/Lab01-Git-MaleehaKhan/Lab 06/project_2/project_2.srcs/sources_1/new/toplevelmodule.v:23]
INFO: [Synth 8-6157] synthesizing module 'switches' [C:/Users/malee/Documents/school/sem4/CA/labs/Lab01-Git-MaleehaKhan/Lab 06/project_2/project_2.srcs/sources_1/new/switches.v:2]
INFO: [Synth 8-6155] done synthesizing module 'switches' (1#1) [C:/Users/malee/Documents/school/sem4/CA/labs/Lab01-Git-MaleehaKhan/Lab 06/project_2/project_2.srcs/sources_1/new/switches.v:2]
INFO: [Synth 8-6157] synthesizing module 'debouncer' [C:/Users/malee/Documents/school/sem4/CA/labs/Lab01-Git-MaleehaKhan/Lab 06/project_2/project_2.srcs/sources_1/new/debouncer.v:23]
INFO: [Synth 8-6155] done synthesizing module 'debouncer' (2#1) [C:/Users/malee/Documents/school/sem4/CA/labs/Lab01-Git-MaleehaKhan/Lab 06/project_2/project_2.srcs/sources_1/new/debouncer.v:23]
INFO: [Synth 8-6157] synthesizing module 'ALU_module' [C:/Users/malee/Documents/school/sem4/CA/labs/Lab01-Git-MaleehaKhan/Lab 06/project_2/project_2.srcs/sources_1/new/ALU_module.v:23]
INFO: [Synth 8-6155] done synthesizing module 'ALU_module' (3#1) [C:/Users/malee/Documents/school/sem4/CA/labs/Lab01-Git-MaleehaKhan/Lab 06/project_2/project_2.srcs/sources_1/new/ALU_module.v:23]
INFO: [Synth 8-6157] synthesizing module 'leds' [C:/Users/malee/Documents/school/sem4/CA/labs/Lab01-Git-MaleehaKhan/Lab 06/project_2/project_2.srcs/sources_1/new/leds.v:3]
INFO: [Synth 8-6155] done synthesizing module 'leds' (4#1) [C:/Users/malee/Documents/school/sem4/CA/labs/Lab01-Git-MaleehaKhan/Lab 06/project_2/project_2.srcs/sources_1/new/leds.v:3]
INFO: [Synth 8-6155] done synthesizing module 'toplevelmodule' (5#1) [C:/Users/malee/Documents/school/sem4/CA/labs/Lab01-Git-MaleehaKhan/Lab 06/project_2/project_2.srcs/sources_1/new/toplevelmodule.v:23]
---------------------------------------------------------------------------------
Finished RTL Elaboration : Time (s): cpu = 00:00:03 ; elapsed = 00:00:04 . Memory (MB): peak = 1404.227 ; gain = 292.000
---------------------------------------------------------------------------------
---------------------------------------------------------------------------------
Start Handling Custom Attributes
---------------------------------------------------------------------------------
---------------------------------------------------------------------------------
Finished Handling Custom Attributes : Time (s): cpu = 00:00:04 ; elapsed = 00:00:05 . Memory (MB): peak = 1424.688 ; gain = 312.461
---------------------------------------------------------------------------------
---------------------------------------------------------------------------------
Finished RTL Optimization Phase 1 : Time (s): cpu = 00:00:04 ; elapsed = 00:00:05 . Memory (MB): peak = 1424.688 ; gain = 312.461
---------------------------------------------------------------------------------
Netlist sorting complete. Time (s): cpu = 00:00:00 ; elapsed = 00:00:00.007 . Memory (MB): peak = 1424.688 ; gain = 0.000
INFO: [Project 1-570] Preparing netlist for logic optimization

Processing XDC Constraints
Initializing timing engine
Parsing XDC File [C:/Users/malee/Documents/school/sem4/CA/labs/Lab01-Git-MaleehaKhan/Lab 06/project_2/project_2.srcs/constrs_1/new/constr1.xdc]
Finished Parsing XDC File [C:/Users/malee/Documents/school/sem4/CA/labs/Lab01-Git-MaleehaKhan/Lab 06/project_2/project_2.srcs/constrs_1/new/constr1.xdc]
Completed Processing XDC Constraints

INFO: [Opt 31-138] Pushed 0 inverter(s) to 0 load pin(s).
Netlist sorting complete. Time (s): cpu = 00:00:00 ; elapsed = 00:00:00 . Memory (MB): peak = 1525.988 ; gain = 0.000
INFO: [Project 1-111] Unisim Transformation Summary:
No Unisim elements were transformed.

RTL Elaboration Complete:  : Time (s): cpu = 00:00:13 ; elapsed = 00:00:10 . Memory (MB): peak = 1525.988 ; gain = 413.762
14 Infos, 0 Warnings, 0 Critical Warnings and 0 Errors encountered.
synth_design completed successfully
synth_design: Time (s): cpu = 00:00:19 ; elapsed = 00:00:31 . Memory (MB): peak = 1525.988 ; gain = 510.281
close_design
create_bd_design "design_2"
Wrote  : <C:\Users\malee\Documents\school\sem4\CA\labs\Lab01-Git-MaleehaKhan\Lab 06\project_2\project_2.srcs\sources_1\bd\design_2\design_2.bd> 
update_compile_order -fileset sources_1
generate_target all [get_files  {{C:/Users/malee/Documents/school/sem4/CA/labs/Lab01-Git-MaleehaKhan/Lab 06/project_2/project_2.srcs/sources_1/bd/design_2/design_2.bd}}]
Wrote  : <C:\Users\malee\Documents\school\sem4\CA\labs\Lab01-Git-MaleehaKhan\Lab 06\project_2\project_2.srcs\sources_1\bd\design_2\design_2.bd> 
Wrote  : <C:/Users/malee/Documents/school/sem4/CA/labs/Lab01-Git-MaleehaKhan/Lab 06/project_2/project_2.srcs/sources_1/bd/design_2/ui/bd_1fdbff51.ui> 
VHDL Output written to : C:/Users/malee/Documents/school/sem4/CA/labs/Lab01-Git-MaleehaKhan/Lab 06/project_2/project_2.srcs/sources_1/bd/design_2/synth/design_2.v
VHDL Output written to : C:/Users/malee/Documents/school/sem4/CA/labs/Lab01-Git-MaleehaKhan/Lab 06/project_2/project_2.srcs/sources_1/bd/design_2/sim/design_2.v
VHDL Output written to : C:/Users/malee/Documents/school/sem4/CA/labs/Lab01-Git-MaleehaKhan/Lab 06/project_2/project_2.srcs/sources_1/bd/design_2/hdl/design_2_wrapper.v
Exporting to file C:/Users/malee/Documents/school/sem4/CA/labs/Lab01-Git-MaleehaKhan/Lab 06/project_2/project_2.srcs/sources_1/bd/design_2/hw_handoff/design_2.hwh
Generated Block Design Tcl file C:/Users/malee/Documents/school/sem4/CA/labs/Lab01-Git-MaleehaKhan/Lab 06/project_2/project_2.srcs/sources_1/bd/design_2/hw_handoff/design_2_bd.tcl
Generated Hardware Definition File C:/Users/malee/Documents/school/sem4/CA/labs/Lab01-Git-MaleehaKhan/Lab 06/project_2/project_2.srcs/sources_1/bd/design_2/synth/design_2.hwdef
export_ip_user_files -of_objects [get_files {{C:/Users/malee/Documents/school/sem4/CA/labs/Lab01-Git-MaleehaKhan/Lab 06/project_2/project_2.srcs/sources_1/bd/design_2/design_2.bd}}] -no_script -sync -force -quiet
create_ip_run [get_files -of_objects [get_fileset sources_1] {{C:/Users/malee/Documents/school/sem4/CA/labs/Lab01-Git-MaleehaKhan/Lab 06/project_2/project_2.srcs/sources_1/bd/design_2/design_2.bd}}]
export_simulation -of_objects [get_files {{C:/Users/malee/Documents/school/sem4/CA/labs/Lab01-Git-MaleehaKhan/Lab 06/project_2/project_2.srcs/sources_1/bd/design_2/design_2.bd}}] -directory {C:/Users/malee/Documents/school/sem4/CA/labs/Lab01-Git-MaleehaKhan/Lab 06/project_2/project_2.ip_user_files/sim_scripts} -ip_user_files_dir {C:/Users/malee/Documents/school/sem4/CA/labs/Lab01-Git-MaleehaKhan/Lab 06/project_2/project_2.ip_user_files} -ipstatic_source_dir {C:/Users/malee/Documents/school/sem4/CA/labs/Lab01-Git-MaleehaKhan/Lab 06/project_2/project_2.ip_user_files/ipstatic} -lib_map_path [list {modelsim=C:/Users/malee/Documents/school/sem4/CA/labs/Lab01-Git-MaleehaKhan/Lab 06/project_2/project_2.cache/compile_simlib/modelsim} {questa=C:/Users/malee/Documents/school/sem4/CA/labs/Lab01-Git-MaleehaKhan/Lab 06/project_2/project_2.cache/compile_simlib/questa} {riviera=C:/Users/malee/Documents/school/sem4/CA/labs/Lab01-Git-MaleehaKhan/Lab 06/project_2/project_2.cache/compile_simlib/riviera} {activehdl=C:/Users/malee/Documents/school/sem4/CA/labs/Lab01-Git-MaleehaKhan/Lab 06/project_2/project_2.cache/compile_simlib/activehdl}] -use_ip_compiled_libs -force -quiet
export_ip_user_files -of_objects  [get_files {{C:/Users/malee/Documents/school/sem4/CA/labs/Lab01-Git-MaleehaKhan/Lab 06/project_2/project_2.srcs/sources_1/bd/design_1/design_1.bd}}] -no_script -reset -force -quiet
remove_files  {{C:/Users/malee/Documents/school/sem4/CA/labs/Lab01-Git-MaleehaKhan/Lab 06/project_2/project_2.srcs/sources_1/bd/design_1/design_1.bd}}
Wrote  : <C:/Users/malee/Documents/school/sem4/CA/labs/Lab01-Git-MaleehaKhan/Lab 06/project_2/project_2.srcs/sources_1/bd/design_1/ui/bd_1f5defd0.ui> 
reset_run synth_1
launch_runs impl_1 -jobs 6
[Thu Mar  5 08:02:22 2026] Launched synth_1...
Run output will be captured here: C:/Users/malee/Documents/school/sem4/CA/labs/Lab01-Git-MaleehaKhan/Lab 06/project_2/project_2.runs/synth_1/runme.log
[Thu Mar  5 08:02:22 2026] Launched impl_1...
Run output will be captured here: C:/Users/malee/Documents/school/sem4/CA/labs/Lab01-Git-MaleehaKhan/Lab 06/project_2/project_2.runs/impl_1/runme.log
set_property top testbench_task2 [get_filesets sim_1]
set_property top_lib xil_defaultlib [get_filesets sim_1]
update_compile_order -fileset sim_1
reset_run synth_1
WARNING: [Vivado 12-1017] Problems encountered:
1. Failed to delete one or more files in run directory C:/Users/malee/Documents/school/sem4/CA/labs/Lab01-Git-MaleehaKhan/Lab 06/project_2/project_2.runs/synth_1

launch_runs synth_1 -jobs 6
[Thu Mar  5 08:02:42 2026] Launched synth_1...
Run output will be captured here: C:/Users/malee/Documents/school/sem4/CA/labs/Lab01-Git-MaleehaKhan/Lab 06/project_2/project_2.runs/synth_1/runme.log
close_bd_design [get_bd_designs design_2]
Wrote  : <C:/Users/malee/Documents/school/sem4/CA/labs/Lab01-Git-MaleehaKhan/Lab 06/project_2/project_2.srcs/sources_1/bd/design_2/ui/bd_1fdbff51.ui> 
launch_simulation
Command: launch_simulation 
INFO: [Vivado 12-5682] Launching behavioral simulation in 'C:/Users/malee/Documents/school/sem4/CA/labs/Lab01-Git-MaleehaKhan/Lab 06/project_2/project_2.sim/sim_1/behav/xsim'
INFO: [SIM-utils-51] Simulation object is 'sim_1'
INFO: [USF-XSim-7] Finding pre-compiled libraries...
INFO: [USF-XSim-11] File 'C:/Xilinx/Vivado/2020.1/data/xsim/xsim.ini' copied to run dir:'C:/Users/malee/Documents/school/sem4/CA/labs/Lab01-Git-MaleehaKhan/Lab 06/project_2/project_2.sim/sim_1/behav/xsim'
INFO: [SIM-utils-54] Inspecting design source files for 'testbench_task2' in fileset 'sim_1'...
INFO: [USF-XSim-97] Finding global include files...
INFO: [USF-XSim-98] Fetching design files from 'sim_1'...
INFO: [USF-XSim-2] XSim::Compile design
INFO: [USF-XSim-61] Executing 'COMPILE and ANALYZE' step in 'C:/Users/malee/Documents/school/sem4/CA/labs/Lab01-Git-MaleehaKhan/Lab 06/project_2/project_2.sim/sim_1/behav/xsim'
"xvlog --incr --relax -prj testbench_task2_vlog.prj"
INFO: [VRFC 10-2263] Analyzing Verilog file "C:/Users/malee/Documents/school/sem4/CA/labs/Lab01-Git-MaleehaKhan/Lab 06/project_2/project_2.srcs/sources_1/new/ALU_module.v" into library xil_defaultlib
INFO: [VRFC 10-311] analyzing module ALU_module
INFO: [VRFC 10-2263] Analyzing Verilog file "C:/Users/malee/Documents/school/sem4/CA/labs/Lab01-Git-MaleehaKhan/Lab 06/project_2/project_2.srcs/sim_1/new/testbench_task2.v" into library xil_defaultlib
INFO: [VRFC 10-311] analyzing module testbench_task2
INFO: [VRFC 10-2263] Analyzing Verilog file "C:/Users/malee/Documents/school/sem4/CA/labs/Lab01-Git-MaleehaKhan/Lab 06/project_2/project_2.sim/sim_1/behav/xsim/glbl.v" into library xil_defaultlib
INFO: [VRFC 10-311] analyzing module glbl
INFO: [USF-XSim-69] 'compile' step finished in '3' seconds
INFO: [USF-XSim-3] XSim::Elaborate design
INFO: [USF-XSim-61] Executing 'ELABORATE' step in 'C:/Users/malee/Documents/school/sem4/CA/labs/Lab01-Git-MaleehaKhan/Lab 06/project_2/project_2.sim/sim_1/behav/xsim'
"xelab -wto 6727a5e5aa8f4bc684d2b00338606f21 --incr --debug typical --relax --mt 2 -L xil_defaultlib -L unisims_ver -L unimacro_ver -L secureip -L xpm --snapshot testbench_task2_behav xil_defaultlib.testbench_task2 xil_defaultlib.glbl -log elaborate.log"
Vivado Simulator 2020.1
Copyright 1986-1999, 2001-2020 Xilinx, Inc. All Rights Reserved.
Running: C:/Xilinx/Vivado/2020.1/bin/unwrapped/win64.o/xelab.exe -wto 6727a5e5aa8f4bc684d2b00338606f21 --incr --debug typical --relax --mt 2 -L xil_defaultlib -L unisims_ver -L unimacro_ver -L secureip -L xpm --snapshot testbench_task2_behav xil_defaultlib.testbench_task2 xil_defaultlib.glbl -log elaborate.log 
Using 2 slave threads.
Starting static elaboration
Pass Through NonSizing Optimizer
Completed static elaboration
Starting simulation data flow analysis
Completed simulation data flow analysis
Time Resolution for simulation is 1ps
Compiling module xil_defaultlib.ALU_module
Compiling module xil_defaultlib.testbench_task2
Compiling module xil_defaultlib.glbl
Built simulation snapshot testbench_task2_behav

****** Webtalk v2020.1 (64-bit)
  **** SW Build 2902540 on Wed May 27 19:54:49 MDT 2020
  **** IP Build 2902112 on Wed May 27 22:43:36 MDT 2020
    ** Copyright 1986-2020 Xilinx, Inc. All Rights Reserved.

source C:/Users/malee/Documents/school/sem4/CA/labs/Lab01-Git-MaleehaKhan/Lab -notrace
couldn't read file "C:/Users/malee/Documents/school/sem4/CA/labs/Lab01-Git-MaleehaKhan/Lab": permission denied
INFO: [Common 17-206] Exiting Webtalk at Thu Mar  5 08:03:02 2026...
run_program: Time (s): cpu = 00:00:00 ; elapsed = 00:00:07 . Memory (MB): peak = 1525.988 ; gain = 0.000
INFO: [USF-XSim-69] 'elaborate' step finished in '6' seconds
INFO: [USF-XSim-4] XSim::Simulate design
INFO: [USF-XSim-61] Executing 'SIMULATE' step in 'C:/Users/malee/Documents/school/sem4/CA/labs/Lab01-Git-MaleehaKhan/Lab 06/project_2/project_2.sim/sim_1/behav/xsim'
INFO: [USF-XSim-98] *** Running xsim
   with args "testbench_task2_behav -key {Behavioral:sim_1:Functional:testbench_task2} -tclbatch {testbench_task2.tcl} -protoinst "protoinst_files/design_2.protoinst" -log {simulate.log}"
INFO: [USF-XSim-8] Loading simulator feature
Vivado Simulator 2020.1
INFO: [Wavedata 42-565] Reading protoinst file protoinst_files/design_2.protoinst
WARNING: [Wavedata 42-558] Couldn't load one or more protocol instances from protoinst file protoinst_files/design_2.protoinst for the following reason(s):
There are no instances of module "design_2" in the design.

Time resolution is 1 ps
source testbench_task2.tcl
# set curr_wave [current_wave_config]
# if { [string length $curr_wave] == 0 } {
#   if { [llength [get_objects]] > 0} {
#     add_wave /
#     set_property needs_save false [current_wave_config]
#   } else {
#      send_msg_id Add_Wave-1 WARNING "No top level signals found. Simulator will start without a wave window. If you want to open a wave window go to 'File->New Waveform Configuration' or type 'create_wave_config' in the TCL console."
#   }
# }
# run 1000ns
$finish called at time : 80 ns : File "C:/Users/malee/Documents/school/sem4/CA/labs/Lab01-Git-MaleehaKhan/Lab 06/project_2/project_2.srcs/sim_1/new/testbench_task2.v" Line 72
INFO: [USF-XSim-96] XSim completed. Design snapshot 'testbench_task2_behav' loaded.
INFO: [USF-XSim-97] XSim simulation ran for 1000ns
launch_simulation: Time (s): cpu = 00:00:07 ; elapsed = 00:00:14 . Memory (MB): peak = 1525.988 ; gain = 0.000
close_sim
INFO: [Simtcl 6-16] Simulation closed
exit
INFO: [Common 17-206] Exiting Vivado at Thu Mar  5 08:39:45 2026...
