#-----------------------------------------------------------
# Vivado v2020.1 (64-bit)
# SW Build 2902540 on Wed May 27 19:54:49 MDT 2020
# IP Build 2902112 on Wed May 27 22:43:36 MDT 2020
# Start of session at: Sat Apr 25 17:57:40 2026
# Process ID: 27560
# Current directory: C:/Users/malee/Documents/school/sem4/CA/labs/Lab01-Git-MaleehaKhan/Project/Lab 11/lab11/project_1
# Command line: vivado.exe -gui_launcher_event rodinguilauncherevent17880 C:\Users\malee\Documents\school\sem4\CA\labs\Lab01-Git-MaleehaKhan\Project\Lab 11\lab11\project_1\project_1.xpr
# Log file: C:/Users/malee/Documents/school/sem4/CA/labs/Lab01-Git-MaleehaKhan/Project/Lab 11/lab11/project_1/vivado.log
# Journal file: C:/Users/malee/Documents/school/sem4/CA/labs/Lab01-Git-MaleehaKhan/Project/Lab 11/lab11/project_1\vivado.jou
#-----------------------------------------------------------
start_gui
open_project {C:/Users/malee/Documents/school/sem4/CA/labs/Lab01-Git-MaleehaKhan/Project/Lab 11/lab11/project_1/project_1.xpr}
INFO: [ProjectBase 1-489] The host OS only allows 260 characters in a normal path. The project is stored in a path with more than 80 characters. If you experience issues with IP, Block Designs, or files not being found, please consider moving the project to a location with a shorter path. Alternately consider using the OS subst command to map part of the path to a drive letter.
Current project path is 'C:/Users/malee/Documents/school/sem4/CA/labs/Lab01-Git-MaleehaKhan/Project/Lab 11/lab11/project_1'
Scanning sources...
Finished scanning sources
WARNING: [Project 1-509] GeneratedRun file for 'synth_1' not found
WARNING: [Project 1-509] GeneratedRun file for 'impl_1' not found
INFO: [IP_Flow 19-234] Refreshing IP repositories
INFO: [IP_Flow 19-1704] No user IP repositories specified
INFO: [IP_Flow 19-2313] Loaded Vivado IP repository 'C:/Xilinx/Vivado/2020.1/data/ip'.
open_project: Time (s): cpu = 00:00:30 ; elapsed = 00:00:15 . Memory (MB): peak = 1010.812 ; gain = 0.000
update_compile_order -fileset sources_1
launch_runs impl_1 -to_step write_bitstream -jobs 6
[Sat Apr 25 18:02:39 2026] Launched synth_1...
Run output will be captured here: C:/Users/malee/Documents/school/sem4/CA/labs/Lab01-Git-MaleehaKhan/Project/Lab 11/lab11/project_1/project_1.runs/synth_1/runme.log
[Sat Apr 25 18:02:39 2026] Launched impl_1...
Run output will be captured here: C:/Users/malee/Documents/school/sem4/CA/labs/Lab01-Git-MaleehaKhan/Project/Lab 11/lab11/project_1/project_1.runs/impl_1/runme.log
create_project {assignment 3} {C:/Users/malee/Documents/school/sem4/CA/assignments/Assignment 3/assignment 3} -part xc7k70tfbv676-1
INFO: [IP_Flow 19-234] Refreshing IP repositories
INFO: [IP_Flow 19-1704] No user IP repositories specified
INFO: [IP_Flow 19-2313] Loaded Vivado IP repository 'C:/Xilinx/Vivado/2020.1/data/ip'.
create_project: Time (s): cpu = 00:00:11 ; elapsed = 00:00:09 . Memory (MB): peak = 1010.812 ; gain = 0.000
current_project project_1
open_hw_manager
connect_hw_server -allow_non_jtag
INFO: [Labtools 27-2285] Connecting to hw_server url TCP:localhost:3121
INFO: [Labtools 27-2222] Launching hw_server...
INFO: [Labtools 27-2221] Launch Output:

****** Xilinx hw_server v2020.1
  **** Build date : May 27 2020 at 20:24:38
    ** Copyright 1986-2020 Xilinx, Inc. All Rights Reserved.


INFO: [Labtools 27-3415] Connecting to cs_server url TCP:localhost:3042
INFO: [Labtools 27-3417] Launching cs_server...
INFO: [Labtools 27-2221] Launch Output:


****** Xilinx cs_server v2020.1.0
  **** Build date : May 14 2020-06:10:29
    ** Copyright 2017-2020 Xilinx, Inc. All Rights Reserved.



connect_hw_server: Time (s): cpu = 00:00:01 ; elapsed = 00:00:09 . Memory (MB): peak = 1010.812 ; gain = 0.000
open_hw_target
INFO: [Labtoolstcl 44-466] Opening hw_target localhost:3121/xilinx_tcf/Digilent/210183AF2A52A
open_hw_target: Time (s): cpu = 00:00:05 ; elapsed = 00:00:05 . Memory (MB): peak = 2187.297 ; gain = 1176.484
set_property PROGRAM.FILE {C:/Users/malee/Documents/school/sem4/CA/labs/Lab01-Git-MaleehaKhan/Project/Lab 11/lab11/project_1/project_1.runs/impl_1/fpga_top.bit} [get_hw_devices xc7a35t_0]
current_hw_device [get_hw_devices xc7a35t_0]
refresh_hw_device -update_hw_probes false [lindex [get_hw_devices xc7a35t_0] 0]
INFO: [Labtools 27-1434] Device xc7a35t (JTAG device index = 0) is programmed with a design that has no supported debug core(s) in it.
set_property PROBES.FILE {} [get_hw_devices xc7a35t_0]
set_property FULL_PROBES.FILE {} [get_hw_devices xc7a35t_0]
set_property PROGRAM.FILE {C:/Users/malee/Documents/school/sem4/CA/labs/Lab01-Git-MaleehaKhan/Project/Lab 11/lab11/project_1/project_1.runs/impl_1/fpga_top.bit} [get_hw_devices xc7a35t_0]
program_hw_devices [get_hw_devices xc7a35t_0]
INFO: [Labtools 27-3164] End of startup status: HIGH
refresh_hw_device [lindex [get_hw_devices xc7a35t_0] 0]
INFO: [Labtools 27-1434] Device xc7a35t (JTAG device index = 0) is programmed with a design that has no supported debug core(s) in it.
close_hw_manager
file mkdir C:/Users/malee/Documents/school/sem4/CA/assignments/Assignment 3/assignment 3/assignment 3.srcs/sources_1/new
file mkdir C:/Users/malee/Documents/school/sem4/CA/assignments/Assignment 3/assignment 3/assignment 3.srcs/sources_1/new
file mkdir C:/Users/malee/Documents/school/sem4/CA/assignments/Assignment 3/assignment 3/assignment 3.srcs/sources_1/new
file mkdir C:/Users/malee/Documents/school/sem4/CA/assignments/Assignment 3/assignment 3/assignment 3.srcs/sources_1/new
file mkdir C:/Users/malee/Documents/school/sem4/CA/assignments/Assignment 3/assignment 3/assignment 3.srcs/sources_1/new
file mkdir C:/Users/malee/Documents/school/sem4/CA/assignments/Assignment 3/assignment 3/assignment 3.srcs/sources_1/new
current_project {assignment 3}
file mkdir {C:/Users/malee/Documents/school/sem4/CA/assignments/Assignment 3/assignment 3/assignment 3.srcs/sources_1/new}
close [ open {C:/Users/malee/Documents/school/sem4/CA/assignments/Assignment 3/assignment 3/assignment 3.srcs/sources_1/new/address_decoder.v} w ]
add_files {{C:/Users/malee/Documents/school/sem4/CA/assignments/Assignment 3/assignment 3/assignment 3.srcs/sources_1/new/address_decoder.v}}
update_compile_order -fileset sources_1
close [ open {C:/Users/malee/Documents/school/sem4/CA/assignments/Assignment 3/assignment 3/assignment 3.srcs/sources_1/new/ALU_module.v} w ]
add_files {{C:/Users/malee/Documents/school/sem4/CA/assignments/Assignment 3/assignment 3/assignment 3.srcs/sources_1/new/ALU_module.v}}
update_compile_order -fileset sources_1
close [ open {C:/Users/malee/Documents/school/sem4/CA/assignments/Assignment 3/assignment 3/assignment 3.srcs/sources_1/new/ALUControl.v} w ]
add_files {{C:/Users/malee/Documents/school/sem4/CA/assignments/Assignment 3/assignment 3/assignment 3.srcs/sources_1/new/ALUControl.v}}
update_compile_order -fileset sources_1
close [ open {C:/Users/malee/Documents/school/sem4/CA/assignments/Assignment 3/assignment 3/assignment 3.srcs/sources_1/new/branchAdder.v} w ]
add_files {{C:/Users/malee/Documents/school/sem4/CA/assignments/Assignment 3/assignment 3/assignment 3.srcs/sources_1/new/branchAdder.v}}
update_compile_order -fileset sources_1
close [ open {C:/Users/malee/Documents/school/sem4/CA/assignments/Assignment 3/assignment 3/assignment 3.srcs/sources_1/new/data_memory_mod.v} w ]
add_files {{C:/Users/malee/Documents/school/sem4/CA/assignments/Assignment 3/assignment 3/assignment 3.srcs/sources_1/new/data_memory_mod.v}}
update_compile_order -fileset sources_1
close [ open {C:/Users/malee/Documents/school/sem4/CA/assignments/Assignment 3/assignment 3/assignment 3.srcs/sources_1/new/ForwardingUnit.v} w ]
add_files {{C:/Users/malee/Documents/school/sem4/CA/assignments/Assignment 3/assignment 3/assignment 3.srcs/sources_1/new/ForwardingUnit.v}}
update_compile_order -fileset sources_1
close [ open {C:/Users/malee/Documents/school/sem4/CA/assignments/Assignment 3/assignment 3/assignment 3.srcs/sources_1/new/HazardDetection.v} w ]
add_files {{C:/Users/malee/Documents/school/sem4/CA/assignments/Assignment 3/assignment 3/assignment 3.srcs/sources_1/new/HazardDetection.v}}
update_compile_order -fileset sources_1
close [ open {C:/Users/malee/Documents/school/sem4/CA/assignments/Assignment 3/assignment 3/assignment 3.srcs/sources_1/new/immGen.v} w ]
add_files {{C:/Users/malee/Documents/school/sem4/CA/assignments/Assignment 3/assignment 3/assignment 3.srcs/sources_1/new/immGen.v}}
update_compile_order -fileset sources_1
close [ open {C:/Users/malee/Documents/school/sem4/CA/assignments/Assignment 3/assignment 3/assignment 3.srcs/sources_1/new/instructionMemory.v} w ]
add_files {{C:/Users/malee/Documents/school/sem4/CA/assignments/Assignment 3/assignment 3/assignment 3.srcs/sources_1/new/instructionMemory.v}}
update_compile_order -fileset sources_1
close [ open {C:/Users/malee/Documents/school/sem4/CA/assignments/Assignment 3/assignment 3/assignment 3.srcs/sources_1/new/MainControl.v} w ]
add_files {{C:/Users/malee/Documents/school/sem4/CA/assignments/Assignment 3/assignment 3/assignment 3.srcs/sources_1/new/MainControl.v}}
update_compile_order -fileset sources_1
close [ open {C:/Users/malee/Documents/school/sem4/CA/assignments/Assignment 3/assignment 3/assignment 3.srcs/sources_1/new/MUX.v} w ]
add_files {{C:/Users/malee/Documents/school/sem4/CA/assignments/Assignment 3/assignment 3/assignment 3.srcs/sources_1/new/MUX.v}}
update_compile_order -fileset sources_1
close [ open {C:/Users/malee/Documents/school/sem4/CA/assignments/Assignment 3/assignment 3/assignment 3.srcs/sources_1/new/pcAdder.v} w ]
add_files {{C:/Users/malee/Documents/school/sem4/CA/assignments/Assignment 3/assignment 3/assignment 3.srcs/sources_1/new/pcAdder.v}}
update_compile_order -fileset sources_1
close [ open {C:/Users/malee/Documents/school/sem4/CA/assignments/Assignment 3/assignment 3/assignment 3.srcs/sources_1/new/ProgramCounter.v} w ]
add_files {{C:/Users/malee/Documents/school/sem4/CA/assignments/Assignment 3/assignment 3/assignment 3.srcs/sources_1/new/ProgramCounter.v}}
update_compile_order -fileset sources_1
close [ open {C:/Users/malee/Documents/school/sem4/CA/assignments/Assignment 3/assignment 3/assignment 3.srcs/sources_1/new/RegisterFile.v} w ]
add_files {{C:/Users/malee/Documents/school/sem4/CA/assignments/Assignment 3/assignment 3/assignment 3.srcs/sources_1/new/RegisterFile.v}}
update_compile_order -fileset sources_1
file mkdir C:/Users/malee/Documents/school/sem4/CA/assignments/Assignment 3/assignment 3/assignment 3.srcs/sim_1/new
file mkdir C:/Users/malee/Documents/school/sem4/CA/assignments/Assignment 3/assignment 3/assignment 3.srcs/sim_1/new
file mkdir C:/Users/malee/Documents/school/sem4/CA/assignments/Assignment 3/assignment 3/assignment 3.srcs/sim_1/new
file mkdir C:/Users/malee/Documents/school/sem4/CA/assignments/Assignment 3/assignment 3/assignment 3.srcs/sim_1/new
file mkdir C:/Users/malee/Documents/school/sem4/CA/assignments/Assignment 3/assignment 3/assignment 3.srcs/sim_1/new
set_property SOURCE_SET sources_1 [get_filesets sim_1]
file mkdir C:/Users/malee/Documents/school/sem4/CA/assignments/Assignment 3/assignment 3/assignment 3.srcs/sim_1/new
file mkdir {C:/Users/malee/Documents/school/sem4/CA/assignments/Assignment 3/assignment 3/assignment 3.srcs/sim_1/new}
close [ open {C:/Users/malee/Documents/school/sem4/CA/assignments/Assignment 3/assignment 3/assignment 3.srcs/sim_1/new/tb_pipeline.v} w ]
add_files -fileset sim_1 {{C:/Users/malee/Documents/school/sem4/CA/assignments/Assignment 3/assignment 3/assignment 3.srcs/sim_1/new/tb_pipeline.v}}
update_compile_order -fileset sim_1
update_compile_order -fileset sim_1
close [ open {C:/Users/malee/Documents/school/sem4/CA/assignments/Assignment 3/assignment 3/assignment 3.srcs/sources_1/new/TopLevelProcessor_pipelined.v} w ]
add_files {{C:/Users/malee/Documents/school/sem4/CA/assignments/Assignment 3/assignment 3/assignment 3.srcs/sources_1/new/TopLevelProcessor_pipelined.v}}
update_compile_order -fileset sources_1
set_property top TopLevelProcessor_pipelined [current_fileset]
update_compile_order -fileset sources_1
launch_simulation
Command: launch_simulation 
INFO: [Vivado 12-5682] Launching behavioral simulation in 'C:/Users/malee/Documents/school/sem4/CA/assignments/Assignment 3/assignment 3/assignment 3.sim/sim_1/behav/xsim'
INFO: [SIM-utils-51] Simulation object is 'sim_1'
INFO: [SIM-utils-54] Inspecting design source files for 'tb_pipeline' in fileset 'sim_1'...
INFO: [USF-XSim-97] Finding global include files...
INFO: [USF-XSim-98] Fetching design files from 'sim_1'...
INFO: [USF-XSim-2] XSim::Compile design
INFO: [USF-XSim-61] Executing 'COMPILE and ANALYZE' step in 'C:/Users/malee/Documents/school/sem4/CA/assignments/Assignment 3/assignment 3/assignment 3.sim/sim_1/behav/xsim'
"xvlog --incr --relax -prj tb_pipeline_vlog.prj"
INFO: [VRFC 10-2263] Analyzing Verilog file "C:/Users/malee/Documents/school/sem4/CA/assignments/Assignment 3/assignment 3/assignment 3.srcs/sources_1/new/ALUControl.v" into library xil_defaultlib
INFO: [VRFC 10-311] analyzing module ALUControl
INFO: [VRFC 10-2263] Analyzing Verilog file "C:/Users/malee/Documents/school/sem4/CA/assignments/Assignment 3/assignment 3/assignment 3.srcs/sources_1/new/ALU_module.v" into library xil_defaultlib
INFO: [VRFC 10-311] analyzing module ALU_module
INFO: [VRFC 10-2263] Analyzing Verilog file "C:/Users/malee/Documents/school/sem4/CA/assignments/Assignment 3/assignment 3/assignment 3.srcs/sources_1/new/ForwardingUnit.v" into library xil_defaultlib
INFO: [VRFC 10-311] analyzing module ForwardingUnit
INFO: [VRFC 10-2263] Analyzing Verilog file "C:/Users/malee/Documents/school/sem4/CA/assignments/Assignment 3/assignment 3/assignment 3.srcs/sources_1/new/HazardDetection.v" into library xil_defaultlib
INFO: [VRFC 10-311] analyzing module HazardDetection
INFO: [VRFC 10-2263] Analyzing Verilog file "C:/Users/malee/Documents/school/sem4/CA/assignments/Assignment 3/assignment 3/assignment 3.srcs/sources_1/new/MUX.v" into library xil_defaultlib
INFO: [VRFC 10-311] analyzing module MUX
INFO: [VRFC 10-2263] Analyzing Verilog file "C:/Users/malee/Documents/school/sem4/CA/assignments/Assignment 3/assignment 3/assignment 3.srcs/sources_1/new/MainControl.v" into library xil_defaultlib
INFO: [VRFC 10-311] analyzing module MainControl
INFO: [VRFC 10-2263] Analyzing Verilog file "C:/Users/malee/Documents/school/sem4/CA/assignments/Assignment 3/assignment 3/assignment 3.srcs/sources_1/new/RegisterFile.v" into library xil_defaultlib
INFO: [VRFC 10-311] analyzing module RegisterFile
INFO: [VRFC 10-2263] Analyzing Verilog file "C:/Users/malee/Documents/school/sem4/CA/assignments/Assignment 3/assignment 3/assignment 3.srcs/sources_1/new/TopLevelProcessor_pipelined.v" into library xil_defaultlib
INFO: [VRFC 10-311] analyzing module TopLevelProcessor_pipelined
INFO: [VRFC 10-2263] Analyzing Verilog file "C:/Users/malee/Documents/school/sem4/CA/assignments/Assignment 3/assignment 3/assignment 3.srcs/sources_1/new/address_decoder.v" into library xil_defaultlib
INFO: [VRFC 10-311] analyzing module address_decoder
INFO: [VRFC 10-2263] Analyzing Verilog file "C:/Users/malee/Documents/school/sem4/CA/assignments/Assignment 3/assignment 3/assignment 3.srcs/sources_1/new/branchAdder.v" into library xil_defaultlib
INFO: [VRFC 10-311] analyzing module branchAdder
INFO: [VRFC 10-2263] Analyzing Verilog file "C:/Users/malee/Documents/school/sem4/CA/assignments/Assignment 3/assignment 3/assignment 3.srcs/sources_1/new/data_memory_mod.v" into library xil_defaultlib
INFO: [VRFC 10-311] analyzing module data_memory_mod
INFO: [VRFC 10-2263] Analyzing Verilog file "C:/Users/malee/Documents/school/sem4/CA/assignments/Assignment 3/assignment 3/assignment 3.srcs/sources_1/new/immGen.v" into library xil_defaultlib
INFO: [VRFC 10-311] analyzing module immGen
INFO: [VRFC 10-2263] Analyzing Verilog file "C:/Users/malee/Documents/school/sem4/CA/assignments/Assignment 3/assignment 3/assignment 3.srcs/sources_1/new/instructionMemory.v" into library xil_defaultlib
INFO: [VRFC 10-311] analyzing module instructionMemory
INFO: [VRFC 10-2263] Analyzing Verilog file "C:/Users/malee/Documents/school/sem4/CA/assignments/Assignment 3/assignment 3/assignment 3.srcs/sources_1/new/pcAdder.v" into library xil_defaultlib
INFO: [VRFC 10-311] analyzing module pcAdder
INFO: [VRFC 10-2263] Analyzing Verilog file "C:/Users/malee/Documents/school/sem4/CA/assignments/Assignment 3/assignment 3/assignment 3.srcs/sim_1/new/tb_pipeline.v" into library xil_defaultlib
INFO: [VRFC 10-311] analyzing module tb_pipeline
INFO: [VRFC 10-2263] Analyzing Verilog file "C:/Users/malee/Documents/school/sem4/CA/assignments/Assignment 3/assignment 3/assignment 3.sim/sim_1/behav/xsim/glbl.v" into library xil_defaultlib
INFO: [VRFC 10-311] analyzing module glbl
run_program: Time (s): cpu = 00:00:01 ; elapsed = 00:00:07 . Memory (MB): peak = 2270.344 ; gain = 0.000
INFO: [USF-XSim-69] 'compile' step finished in '6' seconds
INFO: [USF-XSim-3] XSim::Elaborate design
INFO: [USF-XSim-61] Executing 'ELABORATE' step in 'C:/Users/malee/Documents/school/sem4/CA/assignments/Assignment 3/assignment 3/assignment 3.sim/sim_1/behav/xsim'
"xelab -wto 1583d880494c4c1282d5ced2dee26f45 --incr --debug typical --relax --mt 2 -L xil_defaultlib -L unisims_ver -L unimacro_ver -L secureip --snapshot tb_pipeline_behav xil_defaultlib.tb_pipeline xil_defaultlib.glbl -log elaborate.log"
Vivado Simulator 2020.1
Copyright 1986-1999, 2001-2020 Xilinx, Inc. All Rights Reserved.
Running: C:/Xilinx/Vivado/2020.1/bin/unwrapped/win64.o/xelab.exe -wto 1583d880494c4c1282d5ced2dee26f45 --incr --debug typical --relax --mt 2 -L xil_defaultlib -L unisims_ver -L unimacro_ver -L secureip --snapshot tb_pipeline_behav xil_defaultlib.tb_pipeline xil_defaultlib.glbl -log elaborate.log 
Using 2 slave threads.
Starting static elaboration
Pass Through NonSizing Optimizer
ERROR: [VRFC 10-2063] Module <ProgramCounter> not found while processing module instance <pc_reg> [C:/Users/malee/Documents/school/sem4/CA/assignments/Assignment 3/assignment 3/assignment 3.srcs/sources_1/new/TopLevelProcessor_pipelined.v:187]
ERROR: [XSIM 43-3322] Static elaboration of top level Verilog design unit(s) in library work failed.
run_program: Time (s): cpu = 00:00:01 ; elapsed = 00:00:07 . Memory (MB): peak = 2270.344 ; gain = 0.000
INFO: [USF-XSim-69] 'elaborate' step finished in '7' seconds
INFO: [USF-XSim-99] Step results log file:'C:/Users/malee/Documents/school/sem4/CA/assignments/Assignment 3/assignment 3/assignment 3.sim/sim_1/behav/xsim/elaborate.log'
ERROR: [USF-XSim-62] 'elaborate' step failed with error(s). Please check the Tcl console output or 'C:/Users/malee/Documents/school/sem4/CA/assignments/Assignment 3/assignment 3/assignment 3.sim/sim_1/behav/xsim/elaborate.log' file for more information.
ERROR: [Vivado 12-4473] Detected error while running simulation. Please correct the issue and retry this operation.
launch_simulation: Time (s): cpu = 00:00:04 ; elapsed = 00:00:16 . Memory (MB): peak = 2271.691 ; gain = 1.348
ERROR: [Common 17-39] 'launch_simulation' failed due to earlier errors.
current_project project_1
open_hw_manager
connect_hw_server -allow_non_jtag
INFO: [Labtools 27-2285] Connecting to hw_server url TCP:localhost:3121
INFO: [Labtools 27-2222] Launching hw_server...
INFO: [Labtools 27-2221] Launch Output:

****** Xilinx hw_server v2020.1
  **** Build date : May 27 2020 at 20:24:38
    ** Copyright 1986-2020 Xilinx, Inc. All Rights Reserved.


INFO: [Labtools 27-3415] Connecting to cs_server url TCP:localhost:3042
INFO: [Labtools 27-3417] Launching cs_server...
INFO: [Labtools 27-2221] Launch Output:


****** Xilinx cs_server v2020.1.0
  **** Build date : May 14 2020-06:10:29
    ** Copyright 2017-2020 Xilinx, Inc. All Rights Reserved.



connect_hw_server: Time (s): cpu = 00:00:01 ; elapsed = 00:00:10 . Memory (MB): peak = 2271.691 ; gain = 0.000
open_hw_target
INFO: [Labtoolstcl 44-466] Opening hw_target localhost:3121/xilinx_tcf/Digilent/210183AF2A52A
set_property PROGRAM.FILE {C:/Users/malee/Documents/school/sem4/CA/labs/Lab01-Git-MaleehaKhan/Project/Lab 11/lab11/project_1/project_1.runs/impl_1/fpga_top.bit} [get_hw_devices xc7a35t_0]
current_hw_device [get_hw_devices xc7a35t_0]
refresh_hw_device -update_hw_probes false [lindex [get_hw_devices xc7a35t_0] 0]
INFO: [Labtools 27-1434] Device xc7a35t (JTAG device index = 0) is programmed with a design that has no supported debug core(s) in it.
set_property PROBES.FILE {} [get_hw_devices xc7a35t_0]
set_property FULL_PROBES.FILE {} [get_hw_devices xc7a35t_0]
set_property PROGRAM.FILE {C:/Users/malee/Documents/school/sem4/CA/labs/Lab01-Git-MaleehaKhan/Project/Lab 11/lab11/project_1/project_1.runs/impl_1/fpga_top.bit} [get_hw_devices xc7a35t_0]
program_hw_devices [get_hw_devices xc7a35t_0]
INFO: [Labtools 27-3164] End of startup status: HIGH
refresh_hw_device [lindex [get_hw_devices xc7a35t_0] 0]
INFO: [Labtools 27-1434] Device xc7a35t (JTAG device index = 0) is programmed with a design that has no supported debug core(s) in it.
set_property PROBES.FILE {} [get_hw_devices xc7a35t_0]
set_property FULL_PROBES.FILE {} [get_hw_devices xc7a35t_0]
set_property PROGRAM.FILE {C:/Users/malee/Documents/school/sem4/CA/labs/Lab01-Git-MaleehaKhan/Project/Lab 11/lab11/project_1/project_1.runs/impl_1/fpga_top.bit} [get_hw_devices xc7a35t_0]
program_hw_devices [get_hw_devices xc7a35t_0]
INFO: [Labtools 27-3164] End of startup status: HIGH
refresh_hw_device [lindex [get_hw_devices xc7a35t_0] 0]
INFO: [Labtools 27-1434] Device xc7a35t (JTAG device index = 0) is programmed with a design that has no supported debug core(s) in it.
current_project {assignment 3}
update_compile_order -fileset sources_1
launch_simulation
Command: launch_simulation 
INFO: [Vivado 12-5682] Launching behavioral simulation in 'C:/Users/malee/Documents/school/sem4/CA/assignments/Assignment 3/assignment 3/assignment 3.sim/sim_1/behav/xsim'
INFO: [SIM-utils-51] Simulation object is 'sim_1'
INFO: [SIM-utils-54] Inspecting design source files for 'tb_pipeline' in fileset 'sim_1'...
INFO: [USF-XSim-97] Finding global include files...
INFO: [USF-XSim-98] Fetching design files from 'sim_1'...
INFO: [USF-XSim-2] XSim::Compile design
INFO: [USF-XSim-61] Executing 'COMPILE and ANALYZE' step in 'C:/Users/malee/Documents/school/sem4/CA/assignments/Assignment 3/assignment 3/assignment 3.sim/sim_1/behav/xsim'
"xvlog --incr --relax -prj tb_pipeline_vlog.prj"
INFO: [VRFC 10-2263] Analyzing Verilog file "C:/Users/malee/Documents/school/sem4/CA/assignments/Assignment 3/assignment 3/assignment 3.srcs/sources_1/new/ProgramCounter.v" into library xil_defaultlib
INFO: [VRFC 10-311] analyzing module ProgramCounter
INFO: [USF-XSim-69] 'compile' step finished in '2' seconds
INFO: [USF-XSim-3] XSim::Elaborate design
INFO: [USF-XSim-61] Executing 'ELABORATE' step in 'C:/Users/malee/Documents/school/sem4/CA/assignments/Assignment 3/assignment 3/assignment 3.sim/sim_1/behav/xsim'
"xelab -wto 1583d880494c4c1282d5ced2dee26f45 --incr --debug typical --relax --mt 2 -L xil_defaultlib -L unisims_ver -L unimacro_ver -L secureip --snapshot tb_pipeline_behav xil_defaultlib.tb_pipeline xil_defaultlib.glbl -log elaborate.log"
Vivado Simulator 2020.1
Copyright 1986-1999, 2001-2020 Xilinx, Inc. All Rights Reserved.
Running: C:/Xilinx/Vivado/2020.1/bin/unwrapped/win64.o/xelab.exe -wto 1583d880494c4c1282d5ced2dee26f45 --incr --debug typical --relax --mt 2 -L xil_defaultlib -L unisims_ver -L unimacro_ver -L secureip --snapshot tb_pipeline_behav xil_defaultlib.tb_pipeline xil_defaultlib.glbl -log elaborate.log 
Using 2 slave threads.
Starting static elaboration
Pass Through NonSizing Optimizer
Completed static elaboration
Starting simulation data flow analysis
Completed simulation data flow analysis
Time Resolution for simulation is 1ps
Compiling module xil_defaultlib.ProgramCounter
Compiling module xil_defaultlib.instructionMemory
Compiling module xil_defaultlib.pcAdder
Compiling module xil_defaultlib.immGen
Compiling module xil_defaultlib.branchAdder
Compiling module xil_defaultlib.MUX
Compiling module xil_defaultlib.MainControl
Compiling module xil_defaultlib.RegisterFile
Compiling module xil_defaultlib.ForwardingUnit
Compiling module xil_defaultlib.ALUControl
Compiling module xil_defaultlib.ALU_module
Compiling module xil_defaultlib.address_decoder
Compiling module xil_defaultlib.data_memory_mod
Compiling module xil_defaultlib.HazardDetection
Compiling module xil_defaultlib.TopLevelProcessor_pipelined
Compiling module xil_defaultlib.tb_pipeline
Compiling module xil_defaultlib.glbl
Built simulation snapshot tb_pipeline_behav

****** Webtalk v2020.1 (64-bit)
  **** SW Build 2902540 on Wed May 27 19:54:49 MDT 2020
  **** IP Build 2902112 on Wed May 27 22:43:36 MDT 2020
    ** Copyright 1986-2020 Xilinx, Inc. All Rights Reserved.

source C:/Users/malee/Documents/school/sem4/CA/assignments/Assignment -notrace
couldn't read file "C:/Users/malee/Documents/school/sem4/CA/assignments/Assignment": permission denied
INFO: [Common 17-206] Exiting Webtalk at Sat Apr 25 18:26:58 2026...
run_program: Time (s): cpu = 00:00:02 ; elapsed = 00:00:12 . Memory (MB): peak = 2272.859 ; gain = 0.000
INFO: [USF-XSim-69] 'elaborate' step finished in '12' seconds
INFO: [USF-XSim-4] XSim::Simulate design
INFO: [USF-XSim-61] Executing 'SIMULATE' step in 'C:/Users/malee/Documents/school/sem4/CA/assignments/Assignment 3/assignment 3/assignment 3.sim/sim_1/behav/xsim'
INFO: [USF-XSim-98] *** Running xsim
   with args "tb_pipeline_behav -key {Behavioral:sim_1:Functional:tb_pipeline} -tclbatch {tb_pipeline.tcl} -log {simulate.log}"
INFO: [USF-XSim-8] Loading simulator feature
Vivado Simulator 2020.1
Time resolution is 1 ps
source tb_pipeline.tcl
# set curr_wave [current_wave_config]
# if { [string length $curr_wave] == 0 } {
#   if { [llength [get_objects]] > 0} {
#     add_wave /
#     set_property needs_save false [current_wave_config]
#   } else {
#      send_msg_id Add_Wave-1 WARNING "No top level signals found. Simulator will start without a wave window. If you want to open a wave window go to 'File->New Waveform Configuration' or type 'create_wave_config' in the TCL console."
#   }
# }
add_wave: Time (s): cpu = 00:00:11 ; elapsed = 00:00:05 . Memory (MB): peak = 2283.023 ; gain = 9.250
# run 1000ns
WARNING: File instructions.mem referenced on C:/Users/malee/Documents/school/sem4/CA/assignments/Assignment 3/assignment 3/assignment 3.srcs/sources_1/new/instructionMemory.v at line 31 cannot be opened for reading. Please ensure that this file is available in the current working directory.
First instruction = xxxxxxxx
xsim: Time (s): cpu = 00:00:28 ; elapsed = 00:00:23 . Memory (MB): peak = 2283.023 ; gain = 10.164
INFO: [USF-XSim-96] XSim completed. Design snapshot 'tb_pipeline_behav' loaded.
INFO: [USF-XSim-97] XSim simulation ran for 1000ns
launch_simulation: Time (s): cpu = 00:00:33 ; elapsed = 00:00:40 . Memory (MB): peak = 2283.023 ; gain = 10.164
set_property PROBES.FILE {} [get_hw_devices xc7a35t_0]
set_property FULL_PROBES.FILE {} [get_hw_devices xc7a35t_0]
set_property PROGRAM.FILE {C:/Users/malee/Documents/school/sem4/CA/labs/Lab01-Git-MaleehaKhan/Project/Lab 11/lab11/project_1/project_1.runs/impl_1/fpga_top.bit} [get_hw_devices xc7a35t_0]
program_hw_devices [get_hw_devices xc7a35t_0]
INFO: [Labtools 27-3164] End of startup status: HIGH
refresh_hw_device [lindex [get_hw_devices xc7a35t_0] 0]
INFO: [Labtools 27-1434] Device xc7a35t (JTAG device index = 0) is programmed with a design that has no supported debug core(s) in it.
refresh_hw_device [lindex [get_hw_devices xc7a35t_0] 0]
INFO: [Labtools 27-1434] Device xc7a35t (JTAG device index = 0) is programmed with a design that has no supported debug core(s) in it.
current_project project_1
close_hw_manager
update_compile_order -fileset sources_1
reset_run synth_1
WARNING: [Vivado 12-1017] Problems encountered:
1. Failed to delete one or more files in run directory C:/Users/malee/Documents/school/sem4/CA/labs/Lab01-Git-MaleehaKhan/Project/Lab 11/lab11/project_1/project_1.runs/synth_1

launch_runs impl_1 -to_step write_bitstream -jobs 6
[Sat Apr 25 18:35:30 2026] Launched synth_1...
Run output will be captured here: C:/Users/malee/Documents/school/sem4/CA/labs/Lab01-Git-MaleehaKhan/Project/Lab 11/lab11/project_1/project_1.runs/synth_1/runme.log
[Sat Apr 25 18:35:30 2026] Launched impl_1...
Run output will be captured here: C:/Users/malee/Documents/school/sem4/CA/labs/Lab01-Git-MaleehaKhan/Project/Lab 11/lab11/project_1/project_1.runs/impl_1/runme.log
current_project {assignment 3}
close_sim
INFO: [Simtcl 6-16] Simulation closed
launch_simulation
Command: launch_simulation 
boost::filesystem::remove: The process cannot access the file because it is being used by another process: "C:/Users/malee/Documents/school/sem4/CA/assignments/Assignment 3/assignment 3/assignment 3.sim/sim_1/behav/xsim/simulate.log"
close_project
open_hw_manager
connect_hw_server -allow_non_jtag
INFO: [Labtools 27-2285] Connecting to hw_server url TCP:localhost:3121
INFO: [Labtools 27-2222] Launching hw_server...
INFO: [Labtools 27-2221] Launch Output:

****** Xilinx hw_server v2020.1
  **** Build date : May 27 2020 at 20:24:38
    ** Copyright 1986-2020 Xilinx, Inc. All Rights Reserved.


INFO: [Labtools 27-3415] Connecting to cs_server url TCP:localhost:3042
INFO: [Labtools 27-3417] Launching cs_server...
INFO: [Labtools 27-2221] Launch Output:


****** Xilinx cs_server v2020.1.0
  **** Build date : May 14 2020-06:10:29
    ** Copyright 2017-2020 Xilinx, Inc. All Rights Reserved.



connect_hw_server: Time (s): cpu = 00:00:01 ; elapsed = 00:00:09 . Memory (MB): peak = 2435.047 ; gain = 0.000
open_hw_target
INFO: [Labtoolstcl 44-466] Opening hw_target localhost:3121/xilinx_tcf/Digilent/210183AF2A52A
set_property PROGRAM.FILE {C:/Users/malee/Documents/school/sem4/CA/labs/Lab01-Git-MaleehaKhan/Project/Lab 11/lab11/project_1/project_1.runs/impl_1/fpga_top.bit} [get_hw_devices xc7a35t_0]
current_hw_device [get_hw_devices xc7a35t_0]
refresh_hw_device -update_hw_probes false [lindex [get_hw_devices xc7a35t_0] 0]
INFO: [Labtools 27-1434] Device xc7a35t (JTAG device index = 0) is programmed with a design that has no supported debug core(s) in it.
set_property PROBES.FILE {} [get_hw_devices xc7a35t_0]
set_property FULL_PROBES.FILE {} [get_hw_devices xc7a35t_0]
set_property PROGRAM.FILE {C:/Users/malee/Documents/school/sem4/CA/labs/Lab01-Git-MaleehaKhan/Project/Lab 11/lab11/project_1/project_1.runs/impl_1/fpga_top.bit} [get_hw_devices xc7a35t_0]
program_hw_devices [get_hw_devices xc7a35t_0]
INFO: [Labtools 27-3164] End of startup status: HIGH
refresh_hw_device [lindex [get_hw_devices xc7a35t_0] 0]
INFO: [Labtools 27-1434] Device xc7a35t (JTAG device index = 0) is programmed with a design that has no supported debug core(s) in it.
reset_run synth_1
launch_runs impl_1 -to_step write_bitstream -jobs 6
[Sat Apr 25 18:55:24 2026] Launched synth_1...
Run output will be captured here: C:/Users/malee/Documents/school/sem4/CA/labs/Lab01-Git-MaleehaKhan/Project/Lab 11/lab11/project_1/project_1.runs/synth_1/runme.log
[Sat Apr 25 18:55:24 2026] Launched impl_1...
Run output will be captured here: C:/Users/malee/Documents/school/sem4/CA/labs/Lab01-Git-MaleehaKhan/Project/Lab 11/lab11/project_1/project_1.runs/impl_1/runme.log
set_property PROBES.FILE {} [get_hw_devices xc7a35t_0]
set_property FULL_PROBES.FILE {} [get_hw_devices xc7a35t_0]
set_property PROGRAM.FILE {C:/Users/malee/Documents/school/sem4/CA/labs/Lab01-Git-MaleehaKhan/Project/Lab 11/lab11/project_1/project_1.runs/impl_1/fpga_top.bit} [get_hw_devices xc7a35t_0]
program_hw_devices [get_hw_devices xc7a35t_0]
INFO: [Labtools 27-3164] End of startup status: HIGH
refresh_hw_device [lindex [get_hw_devices xc7a35t_0] 0]
INFO: [Labtools 27-1434] Device xc7a35t (JTAG device index = 0) is programmed with a design that has no supported debug core(s) in it.
reset_run synth_1
launch_runs impl_1 -to_step write_bitstream -jobs 6
[Sat Apr 25 19:10:16 2026] Launched synth_1...
Run output will be captured here: C:/Users/malee/Documents/school/sem4/CA/labs/Lab01-Git-MaleehaKhan/Project/Lab 11/lab11/project_1/project_1.runs/synth_1/runme.log
[Sat Apr 25 19:10:16 2026] Launched impl_1...
Run output will be captured here: C:/Users/malee/Documents/school/sem4/CA/labs/Lab01-Git-MaleehaKhan/Project/Lab 11/lab11/project_1/project_1.runs/impl_1/runme.log
set_property PROBES.FILE {} [get_hw_devices xc7a35t_0]
set_property FULL_PROBES.FILE {} [get_hw_devices xc7a35t_0]
set_property PROGRAM.FILE {C:/Users/malee/Documents/school/sem4/CA/labs/Lab01-Git-MaleehaKhan/Project/Lab 11/lab11/project_1/project_1.runs/impl_1/fpga_top.bit} [get_hw_devices xc7a35t_0]
program_hw_devices [get_hw_devices xc7a35t_0]
INFO: [Labtools 27-3164] End of startup status: HIGH
refresh_hw_device [lindex [get_hw_devices xc7a35t_0] 0]
INFO: [Labtools 27-1434] Device xc7a35t (JTAG device index = 0) is programmed with a design that has no supported debug core(s) in it.
update_compile_order -fileset sources_1
update_compile_order -fileset sources_1
reset_run synth_1
launch_runs impl_1 -to_step write_bitstream -jobs 6
[Sat Apr 25 19:17:36 2026] Launched synth_1...
Run output will be captured here: C:/Users/malee/Documents/school/sem4/CA/labs/Lab01-Git-MaleehaKhan/Project/Lab 11/lab11/project_1/project_1.runs/synth_1/runme.log
[Sat Apr 25 19:17:36 2026] Launched impl_1...
Run output will be captured here: C:/Users/malee/Documents/school/sem4/CA/labs/Lab01-Git-MaleehaKhan/Project/Lab 11/lab11/project_1/project_1.runs/impl_1/runme.log
set_property PROBES.FILE {} [get_hw_devices xc7a35t_0]
set_property FULL_PROBES.FILE {} [get_hw_devices xc7a35t_0]
set_property PROGRAM.FILE {C:/Users/malee/Documents/school/sem4/CA/labs/Lab01-Git-MaleehaKhan/Project/Lab 11/lab11/project_1/project_1.runs/impl_1/fpga_top.bit} [get_hw_devices xc7a35t_0]
program_hw_devices [get_hw_devices xc7a35t_0]
INFO: [Labtools 27-3164] End of startup status: HIGH
refresh_hw_device [lindex [get_hw_devices xc7a35t_0] 0]
INFO: [Labtools 27-1434] Device xc7a35t (JTAG device index = 0) is programmed with a design that has no supported debug core(s) in it.
close_hw_manager
reset_run synth_1
launch_runs impl_1 -to_step write_bitstream -jobs 6
[Sat Apr 25 19:29:10 2026] Launched synth_1...
Run output will be captured here: C:/Users/malee/Documents/school/sem4/CA/labs/Lab01-Git-MaleehaKhan/Project/Lab 11/lab11/project_1/project_1.runs/synth_1/runme.log
[Sat Apr 25 19:29:10 2026] Launched impl_1...
Run output will be captured here: C:/Users/malee/Documents/school/sem4/CA/labs/Lab01-Git-MaleehaKhan/Project/Lab 11/lab11/project_1/project_1.runs/impl_1/runme.log
open_hw_manager
connect_hw_server -allow_non_jtag
INFO: [Labtools 27-2285] Connecting to hw_server url TCP:localhost:3121
INFO: [Labtools 27-2222] Launching hw_server...
INFO: [Labtools 27-2221] Launch Output:

****** Xilinx hw_server v2020.1
  **** Build date : May 27 2020 at 20:24:38
    ** Copyright 1986-2020 Xilinx, Inc. All Rights Reserved.


INFO: [Labtools 27-3415] Connecting to cs_server url TCP:localhost:3042
INFO: [Labtools 27-3417] Launching cs_server...
INFO: [Labtools 27-2221] Launch Output:


****** Xilinx cs_server v2020.1.0
  **** Build date : May 14 2020-06:10:29
    ** Copyright 2017-2020 Xilinx, Inc. All Rights Reserved.



connect_hw_server: Time (s): cpu = 00:00:01 ; elapsed = 00:00:07 . Memory (MB): peak = 2980.473 ; gain = 0.000
open_hw_target
INFO: [Labtoolstcl 44-466] Opening hw_target localhost:3121/xilinx_tcf/Digilent/210183AF2A52A
set_property PROGRAM.FILE {C:/Users/malee/Documents/school/sem4/CA/labs/Lab01-Git-MaleehaKhan/Project/Lab 11/lab11/project_1/project_1.runs/impl_1/fpga_top.bit} [get_hw_devices xc7a35t_0]
current_hw_device [get_hw_devices xc7a35t_0]
refresh_hw_device -update_hw_probes false [lindex [get_hw_devices xc7a35t_0] 0]
INFO: [Labtools 27-1434] Device xc7a35t (JTAG device index = 0) is programmed with a design that has no supported debug core(s) in it.
set_property PROBES.FILE {} [get_hw_devices xc7a35t_0]
set_property FULL_PROBES.FILE {} [get_hw_devices xc7a35t_0]
set_property PROGRAM.FILE {C:/Users/malee/Documents/school/sem4/CA/labs/Lab01-Git-MaleehaKhan/Project/Lab 11/lab11/project_1/project_1.runs/impl_1/fpga_top.bit} [get_hw_devices xc7a35t_0]
program_hw_devices [get_hw_devices xc7a35t_0]
INFO: [Labtools 27-3164] End of startup status: HIGH
refresh_hw_device [lindex [get_hw_devices xc7a35t_0] 0]
INFO: [Labtools 27-1434] Device xc7a35t (JTAG device index = 0) is programmed with a design that has no supported debug core(s) in it.
reset_run synth_1
launch_runs impl_1 -to_step write_bitstream -jobs 6
[Sat Apr 25 19:36:36 2026] Launched synth_1...
Run output will be captured here: C:/Users/malee/Documents/school/sem4/CA/labs/Lab01-Git-MaleehaKhan/Project/Lab 11/lab11/project_1/project_1.runs/synth_1/runme.log
[Sat Apr 25 19:36:36 2026] Launched impl_1...
Run output will be captured here: C:/Users/malee/Documents/school/sem4/CA/labs/Lab01-Git-MaleehaKhan/Project/Lab 11/lab11/project_1/project_1.runs/impl_1/runme.log
set_property PROBES.FILE {} [get_hw_devices xc7a35t_0]
set_property FULL_PROBES.FILE {} [get_hw_devices xc7a35t_0]
set_property PROGRAM.FILE {C:/Users/malee/Documents/school/sem4/CA/labs/Lab01-Git-MaleehaKhan/Project/Lab 11/lab11/project_1/project_1.runs/impl_1/fpga_top.bit} [get_hw_devices xc7a35t_0]
program_hw_devices [get_hw_devices xc7a35t_0]
INFO: [Labtools 27-3164] End of startup status: HIGH
refresh_hw_device [lindex [get_hw_devices xc7a35t_0] 0]
INFO: [Labtools 27-1434] Device xc7a35t (JTAG device index = 0) is programmed with a design that has no supported debug core(s) in it.
set_property PROBES.FILE {} [get_hw_devices xc7a35t_0]
set_property FULL_PROBES.FILE {} [get_hw_devices xc7a35t_0]
set_property PROGRAM.FILE {C:/Users/malee/Documents/school/sem4/CA/labs/Lab01-Git-MaleehaKhan/Project/Lab 11/lab11/project_1/project_1.runs/impl_1/fpga_top.bit} [get_hw_devices xc7a35t_0]
program_hw_devices [get_hw_devices xc7a35t_0]
INFO: [Labtools 27-3164] End of startup status: HIGH
refresh_hw_device [lindex [get_hw_devices xc7a35t_0] 0]
INFO: [Labtools 27-1434] Device xc7a35t (JTAG device index = 0) is programmed with a design that has no supported debug core(s) in it.
reset_run synth_1
launch_runs impl_1 -to_step write_bitstream -jobs 6
[Sat Apr 25 19:57:01 2026] Launched synth_1...
Run output will be captured here: C:/Users/malee/Documents/school/sem4/CA/labs/Lab01-Git-MaleehaKhan/Project/Lab 11/lab11/project_1/project_1.runs/synth_1/runme.log
[Sat Apr 25 19:57:01 2026] Launched impl_1...
Run output will be captured here: C:/Users/malee/Documents/school/sem4/CA/labs/Lab01-Git-MaleehaKhan/Project/Lab 11/lab11/project_1/project_1.runs/impl_1/runme.log
set_property PROBES.FILE {} [get_hw_devices xc7a35t_0]
set_property FULL_PROBES.FILE {} [get_hw_devices xc7a35t_0]
set_property PROGRAM.FILE {C:/Users/malee/Documents/school/sem4/CA/labs/Lab01-Git-MaleehaKhan/Project/Lab 11/lab11/project_1/project_1.runs/impl_1/fpga_top.bit} [get_hw_devices xc7a35t_0]
program_hw_devices [get_hw_devices xc7a35t_0]
INFO: [Labtools 27-3164] End of startup status: HIGH
refresh_hw_device [lindex [get_hw_devices xc7a35t_0] 0]
INFO: [Labtools 27-1434] Device xc7a35t (JTAG device index = 0) is programmed with a design that has no supported debug core(s) in it.
set_property PROBES.FILE {} [get_hw_devices xc7a35t_0]
set_property FULL_PROBES.FILE {} [get_hw_devices xc7a35t_0]
set_property PROGRAM.FILE {C:/Users/malee/Documents/school/sem4/CA/labs/Lab01-Git-MaleehaKhan/Project/Lab 11/lab11/project_1/project_1.runs/impl_1/fpga_top.bit} [get_hw_devices xc7a35t_0]
program_hw_devices [get_hw_devices xc7a35t_0]
INFO: [Labtools 27-3164] End of startup status: HIGH
refresh_hw_device [lindex [get_hw_devices xc7a35t_0] 0]
INFO: [Labtools 27-1434] Device xc7a35t (JTAG device index = 0) is programmed with a design that has no supported debug core(s) in it.
ERROR: [Labtoolstcl 44-513] HW Target shutdown. Closing target: localhost:3121/xilinx_tcf/Digilent/210183AF2A52A
INFO: [Labtoolstcl 44-466] Opening hw_target localhost:3121/xilinx_tcf/Digilent/210183AF2A52A
INFO: [Labtools 27-1435] Device xc7a35t (JTAG device index = 0) is not programmed (DONE status = 0).
WARNING: [Labtoolstcl 44-129] No matching hw_ila_data was found.
reset_run synth_1
launch_runs impl_1 -to_step write_bitstream -jobs 6
[Sat Apr 25 20:35:43 2026] Launched synth_1...
Run output will be captured here: C:/Users/malee/Documents/school/sem4/CA/labs/Lab01-Git-MaleehaKhan/Project/Lab 11/lab11/project_1/project_1.runs/synth_1/runme.log
[Sat Apr 25 20:35:43 2026] Launched impl_1...
Run output will be captured here: C:/Users/malee/Documents/school/sem4/CA/labs/Lab01-Git-MaleehaKhan/Project/Lab 11/lab11/project_1/project_1.runs/impl_1/runme.log
set_property PROBES.FILE {} [get_hw_devices xc7a35t_0]
set_property FULL_PROBES.FILE {} [get_hw_devices xc7a35t_0]
set_property PROGRAM.FILE {C:/Users/malee/Documents/school/sem4/CA/labs/Lab01-Git-MaleehaKhan/Project/Lab 11/lab11/project_1/project_1.runs/impl_1/fpga_top.bit} [get_hw_devices xc7a35t_0]
program_hw_devices [get_hw_devices xc7a35t_0]
INFO: [Labtools 27-3164] End of startup status: HIGH
refresh_hw_device [lindex [get_hw_devices xc7a35t_0] 0]
INFO: [Labtools 27-1434] Device xc7a35t (JTAG device index = 0) is programmed with a design that has no supported debug core(s) in it.
reset_run synth_1
launch_runs impl_1 -to_step write_bitstream -jobs 6
[Sat Apr 25 20:42:48 2026] Launched synth_1...
Run output will be captured here: C:/Users/malee/Documents/school/sem4/CA/labs/Lab01-Git-MaleehaKhan/Project/Lab 11/lab11/project_1/project_1.runs/synth_1/runme.log
[Sat Apr 25 20:42:48 2026] Launched impl_1...
Run output will be captured here: C:/Users/malee/Documents/school/sem4/CA/labs/Lab01-Git-MaleehaKhan/Project/Lab 11/lab11/project_1/project_1.runs/impl_1/runme.log
set_property PROBES.FILE {} [get_hw_devices xc7a35t_0]
set_property FULL_PROBES.FILE {} [get_hw_devices xc7a35t_0]
set_property PROGRAM.FILE {C:/Users/malee/Documents/school/sem4/CA/labs/Lab01-Git-MaleehaKhan/Project/Lab 11/lab11/project_1/project_1.runs/impl_1/fpga_top.bit} [get_hw_devices xc7a35t_0]
program_hw_devices [get_hw_devices xc7a35t_0]
INFO: [Labtools 27-3164] End of startup status: HIGH
refresh_hw_device [lindex [get_hw_devices xc7a35t_0] 0]
INFO: [Labtools 27-1434] Device xc7a35t (JTAG device index = 0) is programmed with a design that has no supported debug core(s) in it.
reset_run synth_1
launch_runs impl_1 -to_step write_bitstream -jobs 6
[Sat Apr 25 20:54:10 2026] Launched synth_1...
Run output will be captured here: C:/Users/malee/Documents/school/sem4/CA/labs/Lab01-Git-MaleehaKhan/Project/Lab 11/lab11/project_1/project_1.runs/synth_1/runme.log
[Sat Apr 25 20:54:10 2026] Launched impl_1...
Run output will be captured here: C:/Users/malee/Documents/school/sem4/CA/labs/Lab01-Git-MaleehaKhan/Project/Lab 11/lab11/project_1/project_1.runs/impl_1/runme.log
set_property PROBES.FILE {} [get_hw_devices xc7a35t_0]
set_property FULL_PROBES.FILE {} [get_hw_devices xc7a35t_0]
set_property PROGRAM.FILE {C:/Users/malee/Documents/school/sem4/CA/labs/Lab01-Git-MaleehaKhan/Project/Lab 11/lab11/project_1/project_1.runs/impl_1/fpga_top.bit} [get_hw_devices xc7a35t_0]
program_hw_devices [get_hw_devices xc7a35t_0]
INFO: [Labtools 27-3164] End of startup status: HIGH
refresh_hw_device [lindex [get_hw_devices xc7a35t_0] 0]
INFO: [Labtools 27-1434] Device xc7a35t (JTAG device index = 0) is programmed with a design that has no supported debug core(s) in it.
set_property PROBES.FILE {} [get_hw_devices xc7a35t_0]
set_property FULL_PROBES.FILE {} [get_hw_devices xc7a35t_0]
set_property PROGRAM.FILE {C:/Users/malee/Documents/school/sem4/CA/labs/Lab01-Git-MaleehaKhan/Project/Lab 11/lab11/project_1/project_1.runs/impl_1/fpga_top.bit} [get_hw_devices xc7a35t_0]
program_hw_devices [get_hw_devices xc7a35t_0]
INFO: [Labtools 27-3164] End of startup status: HIGH
refresh_hw_device [lindex [get_hw_devices xc7a35t_0] 0]
INFO: [Labtools 27-1434] Device xc7a35t (JTAG device index = 0) is programmed with a design that has no supported debug core(s) in it.
ERROR: [Labtoolstcl 44-513] HW Target shutdown. Closing target: localhost:3121/xilinx_tcf/Digilent/210183AF2A52A
INFO: [Labtoolstcl 44-466] Opening hw_target localhost:3121/xilinx_tcf/Digilent/210183AF2A52A
open_hw_target: Time (s): cpu = 00:00:00 ; elapsed = 00:00:05 . Memory (MB): peak = 2994.285 ; gain = 0.000
ERROR: [Labtools 27-2312] Device xc7a35t_0 is no longer available.
Check cable connectivity and that the target board is powered up then
use the disconnect_hw_server and connect_hw_server to re-initialize the hardware target.
Use open_hw_target to re-register the hardware device.
WARNING: [Labtoolstcl 44-129] No matching hw_ila_data was found.
ERROR: [Labtoolstcl 44-513] HW Target shutdown. Closing target: localhost:3121/xilinx_tcf/Digilent/210183AF2A52A
disconnect_hw_server localhost:3121
connect_hw_server -allow_non_jtag
INFO: [Labtools 27-2285] Connecting to hw_server url TCP:localhost:3121
INFO: [Labtools 27-3415] Connecting to cs_server url TCP:localhost:3042
INFO: [Labtools 27-3417] Launching cs_server...
INFO: [Labtools 27-2221] Launch Output:


****** Xilinx cs_server v2020.1.0
  **** Build date : May 14 2020-06:10:29
    ** Copyright 2017-2020 Xilinx, Inc. All Rights Reserved.



ERROR: [Labtoolstcl 44-494] There is no active target available for server at localhost.
 Targets(s) ", jsn-Basys3-210183AF2A52A" may be locked by another hw_server.
exit
INFO: [Common 17-206] Exiting Vivado at Sat Apr 25 21:21:10 2026...
